<?xml version="1.0" encoding="UTF-8"?>
<coverage generated="1749666688057" clover="3.2.0">
  <project timestamp="1749666688057" name="All files">
    <metrics statements="701" coveredstatements="282" conditionals="283" coveredconditionals="84" methods="233" coveredmethods="79" elements="1217" coveredelements="445" complexity="0" loc="701" ncloc="701" packages="64" files="114" classes="114"/>
    <package name="src">
      <metrics statements="3" coveredstatements="3" conditionals="0" coveredconditionals="0" methods="0" coveredmethods="0"/>
      <file name="index.tsx" path="D:\projects\forYndex\BurgerLast\stellar-burger-review\src\index.tsx">
        <metrics statements="3" coveredstatements="3" conditionals="0" coveredconditionals="0" methods="0" coveredmethods="0"/>
        <line num="8" count="400" type="stmt"/>
        <line num="9" count="400" type="stmt"/>
        <line num="11" count="400" type="stmt"/>
      </file>
    </package>
    <package name="src.components">
      <metrics statements="0" coveredstatements="0" conditionals="0" coveredconditionals="0" methods="0" coveredmethods="0"/>
      <file name="index.ts" path="D:\projects\forYndex\BurgerLast\stellar-burger-review\src\components\index.ts">
        <metrics statements="0" coveredstatements="0" conditionals="0" coveredconditionals="0" methods="0" coveredmethods="0"/>
      </file>
    </package>
    <package name="src.components.app">
      <metrics statements="11" coveredstatements="9" conditionals="4" coveredconditionals="4" methods="5" coveredmethods="3"/>
      <file name="app.tsx" path="D:\projects\forYndex\BurgerLast\stellar-burger-review\src\components\app\app.tsx">
        <metrics statements="11" coveredstatements="9" conditionals="4" coveredconditionals="4" methods="5" coveredmethods="3"/>
        <line num="24" count="400" type="stmt"/>
        <line num="25" count="1080" type="stmt"/>
        <line num="26" count="1080" type="stmt"/>
        <line num="27" count="1080" type="stmt"/>
        <line num="29" count="1080" type="stmt"/>
        <line num="30" count="800" type="stmt"/>
        <line num="31" count="800" type="stmt"/>
        <line num="34" count="1080" type="stmt"/>
        <line num="85" count="60" type="stmt"/>
        <line num="99" count="0" type="stmt"/>
        <line num="113" count="0" type="stmt"/>
      </file>
    </package>
    <package name="src.components.app-header">
      <metrics statements="3" coveredstatements="3" conditionals="2" coveredconditionals="2" methods="1" coveredmethods="1"/>
      <file name="app-header.tsx" path="D:\projects\forYndex\BurgerLast\stellar-burger-review\src\components\app-header\app-header.tsx">
        <metrics statements="3" coveredstatements="3" conditionals="2" coveredconditionals="2" methods="1" coveredmethods="1"/>
        <line num="6" count="400" type="stmt"/>
        <line num="7" count="3480" type="stmt"/>
        <line num="8" count="3480" type="cond" truecount="2" falsecount="0"/>
      </file>
      <file name="index.ts" path="D:\projects\forYndex\BurgerLast\stellar-burger-review\src\components\app-header\index.ts">
        <metrics statements="0" coveredstatements="0" conditionals="0" coveredconditionals="0" methods="0" coveredmethods="0"/>
      </file>
    </package>
    <package name="src.components.burger-constructor">
      <metrics statements="26" coveredstatements="22" conditionals="14" coveredconditionals="7" methods="6" coveredmethods="6"/>
      <file name="burger-constructor.tsx" path="D:\projects\forYndex\BurgerLast\stellar-burger-review\src\components\burger-constructor\burger-constructor.tsx">
        <metrics statements="26" coveredstatements="22" conditionals="14" coveredconditionals="7" methods="6" coveredmethods="6"/>
        <line num="14" count="400" type="stmt"/>
        <line num="15" count="4672" type="stmt"/>
        <line num="17" count="4672" type="stmt"/>
        <line num="18" count="4672" type="stmt"/>
        <line num="20" count="4672" type="stmt"/>
        <line num="22" count="4672" type="stmt"/>
        <line num="23" count="4672" type="stmt"/>
        <line num="24" count="324" type="stmt"/>
        <line num="26" count="4672" type="cond" truecount="2" falsecount="0"/>
        <line num="27" count="438" type="stmt"/>
        <line num="28" count="438" type="stmt"/>
        <line num="31" count="4672" type="stmt"/>
        <line num="32" count="18" type="cond" truecount="3" falsecount="1"/>
        <line num="33" count="18" type="stmt"/>
        <line num="34" count="18" type="stmt"/>
        <line num="35" count="0" type="cond" truecount="0" falsecount="4"/>
        <line num="36" count="0" type="stmt"/>
        <line num="37" count="0" type="cond" truecount="0" falsecount="2"/>
        <line num="38" count="0" type="stmt"/>
        <line num="41" count="4672" type="stmt"/>
        <line num="42" count="10" type="stmt"/>
        <line num="43" count="10" type="stmt"/>
        <line num="46" count="4672" type="stmt"/>
        <line num="48" count="2118" type="cond" truecount="2" falsecount="0"/>
        <line num="50" count="284" type="stmt"/>
        <line num="56" count="4672" type="stmt"/>
      </file>
      <file name="index.ts" path="D:\projects\forYndex\BurgerLast\stellar-burger-review\src\components\burger-constructor\index.ts">
        <metrics statements="0" coveredstatements="0" conditionals="0" coveredconditionals="0" methods="0" coveredmethods="0"/>
      </file>
    </package>
    <package name="src.components.burger-constructor-element">
      <metrics statements="9" coveredstatements="6" conditionals="0" coveredconditionals="0" methods="4" coveredmethods="1"/>
      <file name="burger-constructor-element.tsx" path="D:\projects\forYndex\BurgerLast\stellar-burger-review\src\components\burger-constructor-element\burger-constructor-element.tsx">
        <metrics statements="9" coveredstatements="6" conditionals="0" coveredconditionals="0" methods="4" coveredmethods="1"/>
        <line num="11" count="400" type="stmt"/>
        <line num="13" count="204" type="stmt"/>
        <line num="15" count="204" type="stmt"/>
        <line num="16" count="0" type="stmt"/>
        <line num="19" count="204" type="stmt"/>
        <line num="20" count="0" type="stmt"/>
        <line num="23" count="204" type="stmt"/>
        <line num="24" count="0" type="stmt"/>
        <line num="27" count="204" type="stmt"/>
      </file>
      <file name="index.ts" path="D:\projects\forYndex\BurgerLast\stellar-burger-review\src\components\burger-constructor-element\index.ts">
        <metrics statements="0" coveredstatements="0" conditionals="0" coveredconditionals="0" methods="0" coveredmethods="0"/>
      </file>
    </package>
    <package name="src.components.burger-ingredient">
      <metrics statements="6" coveredstatements="6" conditionals="0" coveredconditionals="0" methods="2" coveredmethods="2"/>
      <file name="burger-ingredient.tsx" path="D:\projects\forYndex\BurgerLast\stellar-burger-review\src\components\burger-ingredient\burger-ingredient.tsx">
        <metrics statements="6" coveredstatements="6" conditionals="0" coveredconditionals="0" methods="2" coveredmethods="2"/>
        <line num="8" count="400" type="stmt"/>
        <line num="10" count="28834" type="stmt"/>
        <line num="11" count="28834" type="stmt"/>
        <line num="13" count="28834" type="stmt"/>
        <line num="14" count="241" type="stmt"/>
        <line num="17" count="28834" type="stmt"/>
      </file>
      <file name="index.ts" path="D:\projects\forYndex\BurgerLast\stellar-burger-review\src\components\burger-ingredient\index.ts">
        <metrics statements="0" coveredstatements="0" conditionals="0" coveredconditionals="0" methods="0" coveredmethods="0"/>
      </file>
    </package>
    <package name="src.components.burger-ingredients">
      <metrics statements="28" coveredstatements="20" conditionals="12" coveredconditionals="5" methods="6" coveredmethods="5"/>
      <file name="burger-ingredients.tsx" path="D:\projects\forYndex\BurgerLast\stellar-burger-review\src\components\burger-ingredients\burger-ingredients.tsx">
        <metrics statements="28" coveredstatements="20" conditionals="12" coveredconditionals="5" methods="6" coveredmethods="5"/>
        <line num="8" count="400" type="stmt"/>
        <line num="9" count="5108" type="stmt"/>
        <line num="11" count="64620" type="stmt"/>
        <line num="12" count="64620" type="stmt"/>
        <line num="13" count="64620" type="stmt"/>
        <line num="15" count="5108" type="stmt"/>
        <line num="16" count="5108" type="stmt"/>
        <line num="17" count="5108" type="stmt"/>
        <line num="18" count="5108" type="stmt"/>
        <line num="20" count="5108" type="stmt"/>
        <line num="24" count="5108" type="stmt"/>
        <line num="28" count="5108" type="stmt"/>
        <line num="32" count="5108" type="stmt"/>
        <line num="33" count="1907" type="cond" truecount="2" falsecount="0"/>
        <line num="34" count="151" type="stmt"/>
        <line num="35" count="1756" type="cond" truecount="1" falsecount="1"/>
        <line num="36" count="0" type="stmt"/>
        <line num="37" count="1756" type="cond" truecount="2" falsecount="0"/>
        <line num="38" count="156" type="stmt"/>
        <line num="42" count="5108" type="stmt"/>
        <line num="43" count="0" type="stmt"/>
        <line num="44" count="0" type="cond" truecount="0" falsecount="2"/>
        <line num="45" count="0" type="stmt"/>
        <line num="46" count="0" type="cond" truecount="0" falsecount="2"/>
        <line num="47" count="0" type="stmt"/>
        <line num="48" count="0" type="cond" truecount="0" falsecount="2"/>
        <line num="49" count="0" type="stmt"/>
        <line num="52" count="5108" type="stmt"/>
      </file>
      <file name="index.ts" path="D:\projects\forYndex\BurgerLast\stellar-burger-review\src\components\burger-ingredients\index.ts">
        <metrics statements="0" coveredstatements="0" conditionals="0" coveredconditionals="0" methods="0" coveredmethods="0"/>
      </file>
    </package>
    <package name="src.components.centering-component">
      <metrics statements="7" coveredstatements="1" conditionals="2" coveredconditionals="0" methods="2" coveredmethods="0"/>
      <file name="centering-component.tsx" path="D:\projects\forYndex\BurgerLast\stellar-burger-review\src\components\centering-component\centering-component.tsx">
        <metrics statements="7" coveredstatements="1" conditionals="2" coveredconditionals="0" methods="2" coveredmethods="0"/>
        <line num="6" count="400" type="stmt"/>
        <line num="8" count="0" type="stmt"/>
        <line num="9" count="0" type="stmt"/>
        <line num="11" count="0" type="stmt"/>
        <line num="12" count="0" type="cond" truecount="0" falsecount="2"/>
        <line num="13" count="0" type="stmt"/>
        <line num="17" count="0" type="stmt"/>
      </file>
    </package>
    <package name="src.components.feed-info">
      <metrics statements="10" coveredstatements="2" conditionals="0" coveredconditionals="0" methods="4" coveredmethods="0"/>
      <file name="feed-info.tsx" path="D:\projects\forYndex\BurgerLast\stellar-burger-review\src\components\feed-info\feed-info.tsx">
        <metrics statements="10" coveredstatements="2" conditionals="0" coveredconditionals="0" methods="4" coveredmethods="0"/>
        <line num="7" count="400" type="stmt"/>
        <line num="8" count="0" type="stmt"/>
        <line num="9" count="0" type="stmt"/>
        <line num="10" count="0" type="stmt"/>
        <line num="13" count="400" type="stmt"/>
        <line num="14" count="0" type="stmt"/>
        <line num="16" count="0" type="stmt"/>
        <line num="18" count="0" type="stmt"/>
        <line num="20" count="0" type="stmt"/>
        <line num="22" count="0" type="stmt"/>
      </file>
      <file name="index.ts" path="D:\projects\forYndex\BurgerLast\stellar-burger-review\src\components\feed-info\index.ts">
        <metrics statements="0" coveredstatements="0" conditionals="0" coveredconditionals="0" methods="0" coveredmethods="0"/>
      </file>
    </package>
    <package name="src.components.ingredient-details">
      <metrics statements="9" coveredstatements="8" conditionals="4" coveredconditionals="3" methods="2" coveredmethods="2"/>
      <file name="index.ts" path="D:\projects\forYndex\BurgerLast\stellar-burger-review\src\components\ingredient-details\index.ts">
        <metrics statements="0" coveredstatements="0" conditionals="0" coveredconditionals="0" methods="0" coveredmethods="0"/>
      </file>
      <file name="ingredient-details.tsx" path="D:\projects\forYndex\BurgerLast\stellar-burger-review\src\components\ingredient-details\ingredient-details.tsx">
        <metrics statements="9" coveredstatements="8" conditionals="4" coveredconditionals="3" methods="2" coveredmethods="2"/>
        <line num="8" count="400" type="stmt"/>
        <line num="9" count="160" type="stmt"/>
        <line num="10" count="160" type="stmt"/>
        <line num="12" count="160" type="stmt"/>
        <line num="13" count="320" type="cond" truecount="2" falsecount="0"/>
        <line num="14" count="160" type="stmt"/>
        <line num="18" count="160" type="cond" truecount="1" falsecount="1"/>
        <line num="19" count="0" type="stmt"/>
        <line num="22" count="160" type="stmt"/>
      </file>
    </package>
    <package name="src.components.ingredients-category">
      <metrics statements="11" coveredstatements="11" conditionals="4" coveredconditionals="4" methods="3" coveredmethods="3"/>
      <file name="index.ts" path="D:\projects\forYndex\BurgerLast\stellar-burger-review\src\components\ingredients-category\index.ts">
        <metrics statements="0" coveredstatements="0" conditionals="0" coveredconditionals="0" methods="0" coveredmethods="0"/>
      </file>
      <file name="ingredients-category.tsx" path="D:\projects\forYndex\BurgerLast\stellar-burger-review\src\components\ingredients-category\ingredients-category.tsx">
        <metrics statements="11" coveredstatements="11" conditionals="4" coveredconditionals="4" methods="3" coveredmethods="3"/>
        <line num="8" count="400" type="stmt"/>
        <line num="12" count="16338" type="stmt"/>
        <line num="14" count="16338" type="stmt"/>
        <line num="15" count="6354" type="stmt"/>
        <line num="16" count="6354" type="stmt"/>
        <line num="17" count="6354" type="stmt"/>
        <line num="18" count="852" type="cond" truecount="2" falsecount="0"/>
        <line num="19" count="852" type="stmt"/>
        <line num="21" count="6354" type="cond" truecount="2" falsecount="0"/>
        <line num="22" count="6354" type="stmt"/>
        <line num="25" count="16338" type="stmt"/>
      </file>
    </package>
    <package name="src.components.modal">
      <metrics statements="9" coveredstatements="9" conditionals="2" coveredconditionals="2" methods="4" coveredmethods="4"/>
      <file name="index.ts" path="D:\projects\forYndex\BurgerLast\stellar-burger-review\src\components\modal\index.ts">
        <metrics statements="0" coveredstatements="0" conditionals="0" coveredconditionals="0" methods="0" coveredmethods="0"/>
      </file>
      <file name="modal.tsx" path="D:\projects\forYndex\BurgerLast\stellar-burger-review\src\components\modal\modal.tsx">
        <metrics statements="9" coveredstatements="9" conditionals="2" coveredconditionals="2" methods="4" coveredmethods="4"/>
        <line num="7" count="400" type="stmt"/>
        <line num="9" count="400" type="stmt"/>
        <line num="10" count="232" type="stmt"/>
        <line num="11" count="232" type="stmt"/>
        <line num="12" count="20" type="cond" truecount="2" falsecount="0"/>
        <line num="15" count="232" type="stmt"/>
        <line num="16" count="232" type="stmt"/>
        <line num="17" count="204" type="stmt"/>
        <line num="21" count="232" type="stmt"/>
      </file>
    </package>
    <package name="src.components.order-card">
      <metrics statements="17" coveredstatements="2" conditionals="8" coveredconditionals="0" methods="5" coveredmethods="0"/>
      <file name="index.ts" path="D:\projects\forYndex\BurgerLast\stellar-burger-review\src\components\order-card\index.ts">
        <metrics statements="0" coveredstatements="0" conditionals="0" coveredconditionals="0" methods="0" coveredmethods="0"/>
      </file>
      <file name="order-card.tsx" path="D:\projects\forYndex\BurgerLast\stellar-burger-review\src\components\order-card\order-card.tsx">
        <metrics statements="17" coveredstatements="2" conditionals="8" coveredconditionals="0" methods="5" coveredmethods="0"/>
        <line num="9" count="400" type="stmt"/>
        <line num="11" count="400" type="stmt"/>
        <line num="12" count="0" type="stmt"/>
        <line num="14" count="0" type="stmt"/>
        <line num="16" count="0" type="stmt"/>
        <line num="17" count="0" type="cond" truecount="0" falsecount="2"/>
        <line num="19" count="0" type="stmt"/>
        <line num="21" count="0" type="stmt"/>
        <line num="22" count="0" type="cond" truecount="0" falsecount="2"/>
        <line num="23" count="0" type="stmt"/>
        <line num="28" count="0" type="stmt"/>
        <line num="30" count="0" type="stmt"/>
        <line num="33" count="0" type="cond" truecount="0" falsecount="2"/>
        <line num="37" count="0" type="stmt"/>
        <line num="38" count="0" type="stmt"/>
        <line num="48" count="0" type="cond" truecount="0" falsecount="2"/>
        <line num="50" count="0" type="stmt"/>
      </file>
    </package>
    <package name="src.components.order-info">
      <metrics statements="23" coveredstatements="1" conditionals="12" coveredconditionals="0" methods="6" coveredmethods="0"/>
      <file name="index.ts" path="D:\projects\forYndex\BurgerLast\stellar-burger-review\src\components\order-info\index.ts">
        <metrics statements="0" coveredstatements="0" conditionals="0" coveredconditionals="0" methods="0" coveredmethods="0"/>
      </file>
      <file name="order-info.tsx" path="D:\projects\forYndex\BurgerLast\stellar-burger-review\src\components\order-info\order-info.tsx">
        <metrics statements="23" coveredstatements="1" conditionals="12" coveredconditionals="0" methods="6" coveredmethods="0"/>
        <line num="13" count="400" type="stmt"/>
        <line num="14" count="0" type="stmt"/>
        <line num="15" count="0" type="stmt"/>
        <line num="16" count="0" type="stmt"/>
        <line num="17" count="0" type="stmt"/>
        <line num="19" count="0" type="stmt"/>
        <line num="20" count="0" type="stmt"/>
        <line num="23" count="0" type="stmt"/>
        <line num="24" count="0" type="cond" truecount="0" falsecount="4"/>
        <line num="26" count="0" type="stmt"/>
        <line num="32" count="0" type="stmt"/>
        <line num="34" count="0" type="cond" truecount="0" falsecount="2"/>
        <line num="35" count="0" type="stmt"/>
        <line num="36" count="0" type="cond" truecount="0" falsecount="2"/>
        <line num="37" count="0" type="stmt"/>
        <line num="43" count="0" type="stmt"/>
        <line num="46" count="0" type="stmt"/>
        <line num="51" count="0" type="stmt"/>
        <line num="52" count="0" type="stmt"/>
        <line num="56" count="0" type="stmt"/>
        <line num="64" count="0" type="cond" truecount="0" falsecount="4"/>
        <line num="65" count="0" type="stmt"/>
        <line num="68" count="0" type="stmt"/>
      </file>
    </package>
    <package name="src.components.order-status">
      <metrics statements="10" coveredstatements="2" conditionals="3" coveredconditionals="0" methods="1" coveredmethods="0"/>
      <file name="index.ts" path="D:\projects\forYndex\BurgerLast\stellar-burger-review\src\components\order-status\index.ts">
        <metrics statements="0" coveredstatements="0" conditionals="0" coveredconditionals="0" methods="0" coveredmethods="0"/>
      </file>
      <file name="order-status.tsx" path="D:\projects\forYndex\BurgerLast\stellar-burger-review\src\components\order-status\order-status.tsx">
        <metrics statements="10" coveredstatements="2" conditionals="3" coveredconditionals="0" methods="1" coveredmethods="0"/>
        <line num="5" count="400" type="stmt"/>
        <line num="11" count="400" type="stmt"/>
        <line num="12" count="0" type="stmt"/>
        <line num="13" count="0" type="cond" truecount="0" falsecount="3"/>
        <line num="15" count="0" type="stmt"/>
        <line num="16" count="0" type="stmt"/>
        <line num="18" count="0" type="stmt"/>
        <line num="19" count="0" type="stmt"/>
        <line num="21" count="0" type="stmt"/>
        <line num="24" count="0" type="stmt"/>
      </file>
    </package>
    <package name="src.components.orders-list">
      <metrics statements="4" coveredstatements="1" conditionals="0" coveredconditionals="0" methods="2" coveredmethods="0"/>
      <file name="index.ts" path="D:\projects\forYndex\BurgerLast\stellar-burger-review\src\components\orders-list\index.ts">
        <metrics statements="0" coveredstatements="0" conditionals="0" coveredconditionals="0" methods="0" coveredmethods="0"/>
      </file>
      <file name="orders-list.tsx" path="D:\projects\forYndex\BurgerLast\stellar-burger-review\src\components\orders-list\orders-list.tsx">
        <metrics statements="4" coveredstatements="1" conditionals="0" coveredconditionals="0" methods="2" coveredmethods="0"/>
        <line num="6" count="400" type="stmt"/>
        <line num="7" count="0" type="stmt"/>
        <line num="8" count="0" type="stmt"/>
        <line num="11" count="0" type="stmt"/>
      </file>
    </package>
    <package name="src.components.profile-menu">
      <metrics statements="8" coveredstatements="1" conditionals="0" coveredconditionals="0" methods="2" coveredmethods="0"/>
      <file name="index.ts" path="D:\projects\forYndex\BurgerLast\stellar-burger-review\src\components\profile-menu\index.ts">
        <metrics statements="0" coveredstatements="0" conditionals="0" coveredconditionals="0" methods="0" coveredmethods="0"/>
      </file>
      <file name="profile-menu.tsx" path="D:\projects\forYndex\BurgerLast\stellar-burger-review\src\components\profile-menu\profile-menu.tsx">
        <metrics statements="8" coveredstatements="1" conditionals="0" coveredconditionals="0" methods="2" coveredmethods="0"/>
        <line num="7" count="400" type="stmt"/>
        <line num="8" count="0" type="stmt"/>
        <line num="9" count="0" type="stmt"/>
        <line num="10" count="0" type="stmt"/>
        <line num="12" count="0" type="stmt"/>
        <line num="13" count="0" type="stmt"/>
        <line num="14" count="0" type="stmt"/>
        <line num="17" count="0" type="stmt"/>
      </file>
    </package>
    <package name="src.components.protected-route">
      <metrics statements="13" coveredstatements="1" conditionals="12" coveredconditionals="0" methods="1" coveredmethods="0"/>
      <file name="protected-route.tsx" path="D:\projects\forYndex\BurgerLast\stellar-burger-review\src\components\protected-route\protected-route.tsx">
        <metrics statements="13" coveredstatements="1" conditionals="12" coveredconditionals="0" methods="1" coveredmethods="0"/>
        <line num="10" count="400" type="stmt"/>
        <line num="11" count="0" type="stmt"/>
        <line num="13" count="0" type="stmt"/>
        <line num="14" count="0" type="stmt"/>
        <line num="15" count="0" type="stmt"/>
        <line num="17" count="0" type="cond" truecount="0" falsecount="4"/>
        <line num="18" count="0" type="stmt"/>
        <line num="21" count="0" type="cond" truecount="0" falsecount="4"/>
        <line num="22" count="0" type="cond" truecount="0" falsecount="2"/>
        <line num="23" count="0" type="stmt"/>
        <line num="26" count="0" type="cond" truecount="0" falsecount="2"/>
        <line num="27" count="0" type="stmt"/>
        <line num="30" count="0" type="stmt"/>
      </file>
    </package>
    <package name="src.components.ui">
      <metrics statements="0" coveredstatements="0" conditionals="0" coveredconditionals="0" methods="0" coveredmethods="0"/>
      <file name="index.ts" path="D:\projects\forYndex\BurgerLast\stellar-burger-review\src\components\ui\index.ts">
        <metrics statements="0" coveredstatements="0" conditionals="0" coveredconditionals="0" methods="0" coveredmethods="0"/>
      </file>
    </package>
    <package name="src.components.ui.app-header">
      <metrics statements="13" coveredstatements="13" conditionals="22" coveredconditionals="15" methods="6" coveredmethods="6"/>
      <file name="app-header.tsx" path="D:\projects\forYndex\BurgerLast\stellar-burger-review\src\components\ui\app-header\app-header.tsx">
        <metrics statements="13" coveredstatements="13" conditionals="22" coveredconditionals="15" methods="6" coveredmethods="6"/>
        <line num="12" count="400" type="stmt"/>
        <line num="13" count="3480" type="stmt"/>
        <line num="14" count="3480" type="stmt"/>
        <line num="15" count="3480" type="cond" truecount="2" falsecount="0"/>
        <line num="16" count="160" type="stmt"/>
        <line num="17" count="3320" type="cond" truecount="1" falsecount="1"/>
        <line num="18" count="3320" type="stmt"/>
        <line num="21" count="3480" type="stmt"/>
        <line num="28" count="3480" type="stmt"/>
        <line num="42" count="3480" type="stmt"/>
        <line num="56" count="3480" type="stmt"/>
        <line num="70" count="1880" type="stmt"/>
        <line num="85" count="1600" type="stmt"/>
      </file>
      <file name="index.ts" path="D:\projects\forYndex\BurgerLast\stellar-burger-review\src\components\ui\app-header\index.ts">
        <metrics statements="0" coveredstatements="0" conditionals="0" coveredconditionals="0" methods="0" coveredmethods="0"/>
      </file>
    </package>
    <package name="src.components.ui.burger-constructor">
      <metrics statements="3" coveredstatements="3" conditionals="20" coveredconditionals="20" methods="3" coveredmethods="3"/>
      <file name="burger-constructor.tsx" path="D:\projects\forYndex\BurgerLast\stellar-burger-review\src\components\ui\burger-constructor\burger-constructor.tsx">
        <metrics statements="3" coveredstatements="3" conditionals="20" coveredconditionals="20" methods="3" coveredmethods="3"/>
        <line num="13" count="400" type="stmt"/>
        <line num="21" count="4672" type="stmt"/>
        <line num="43" count="324" type="stmt"/>
      </file>
      <file name="index.ts" path="D:\projects\forYndex\BurgerLast\stellar-burger-review\src\components\ui\burger-constructor\index.ts">
        <metrics statements="0" coveredstatements="0" conditionals="0" coveredconditionals="0" methods="0" coveredmethods="0"/>
      </file>
    </package>
    <package name="src.components.ui.burger-constructor-element">
      <metrics statements="2" coveredstatements="2" conditionals="0" coveredconditionals="0" methods="1" coveredmethods="1"/>
      <file name="burger-constructor-element.tsx" path="D:\projects\forYndex\BurgerLast\stellar-burger-review\src\components\ui\burger-constructor-element\burger-constructor-element.tsx">
        <metrics statements="2" coveredstatements="2" conditionals="0" coveredconditionals="0" methods="1" coveredmethods="1"/>
        <line num="8" count="400" type="stmt"/>
        <line num="17" count="204" type="stmt"/>
      </file>
      <file name="index.ts" path="D:\projects\forYndex\BurgerLast\stellar-burger-review\src\components\ui\burger-constructor-element\index.ts">
        <metrics statements="0" coveredstatements="0" conditionals="0" coveredconditionals="0" methods="0" coveredmethods="0"/>
      </file>
    </package>
    <package name="src.components.ui.burger-ingredient">
      <metrics statements="3" coveredstatements="3" conditionals="2" coveredconditionals="2" methods="1" coveredmethods="1"/>
      <file name="burger-ingredient.tsx" path="D:\projects\forYndex\BurgerLast\stellar-burger-review\src\components\ui\burger-ingredient\burger-ingredient.tsx">
        <metrics statements="3" coveredstatements="3" conditionals="2" coveredconditionals="2" methods="1" coveredmethods="1"/>
        <line num="14" count="400" type="stmt"/>
        <line num="16" count="28834" type="stmt"/>
        <line num="18" count="28834" type="stmt"/>
      </file>
      <file name="index.ts" path="D:\projects\forYndex\BurgerLast\stellar-burger-review\src\components\ui\burger-ingredient\index.ts">
        <metrics statements="0" coveredstatements="0" conditionals="0" coveredconditionals="0" methods="0" coveredmethods="0"/>
      </file>
    </package>
    <package name="src.components.ui.burger-ingredients">
      <metrics statements="2" coveredstatements="2" conditionals="0" coveredconditionals="0" methods="1" coveredmethods="1"/>
      <file name="burger-ingredients.tsx" path="D:\projects\forYndex\BurgerLast\stellar-burger-review\src\components\ui\burger-ingredients\burger-ingredients.tsx">
        <metrics statements="2" coveredstatements="2" conditionals="0" coveredconditionals="0" methods="1" coveredmethods="1"/>
        <line num="8" count="400" type="stmt"/>
        <line num="22" count="4872" type="stmt"/>
      </file>
      <file name="index.ts" path="D:\projects\forYndex\BurgerLast\stellar-burger-review\src\components\ui\burger-ingredients\index.ts">
        <metrics statements="0" coveredstatements="0" conditionals="0" coveredconditionals="0" methods="0" coveredmethods="0"/>
      </file>
    </package>
    <package name="src.components.ui.centering-component">
      <metrics statements="2" coveredstatements="1" conditionals="0" coveredconditionals="0" methods="1" coveredmethods="0"/>
      <file name="centering-component.tsx" path="D:\projects\forYndex\BurgerLast\stellar-burger-review\src\components\ui\centering-component\centering-component.tsx">
        <metrics statements="2" coveredstatements="1" conditionals="0" coveredconditionals="0" methods="1" coveredmethods="0"/>
        <line num="5" count="400" type="stmt"/>
        <line num="7" count="0" type="stmt"/>
      </file>
      <file name="index.ts" path="D:\projects\forYndex\BurgerLast\stellar-burger-review\src\components\ui\centering-component\index.ts">
        <metrics statements="0" coveredstatements="0" conditionals="0" coveredconditionals="0" methods="0" coveredmethods="0"/>
      </file>
    </package>
    <package name="src.components.ui.feed-info">
      <metrics statements="8" coveredstatements="3" conditionals="2" coveredconditionals="0" methods="4" coveredmethods="0"/>
      <file name="feed-info.tsx" path="D:\projects\forYndex\BurgerLast\stellar-burger-review\src\components\ui\feed-info\feed-info.tsx">
        <metrics statements="8" coveredstatements="3" conditionals="2" coveredconditionals="0" methods="4" coveredmethods="0"/>
        <line num="7" count="400" type="stmt"/>
        <line num="9" count="0" type="stmt"/>
        <line num="11" count="0" type="stmt"/>
        <line num="28" count="400" type="stmt"/>
        <line num="29" count="0" type="stmt"/>
        <line num="33" count="0" type="stmt"/>
        <line num="45" count="400" type="stmt"/>
        <line num="46" count="0" type="stmt"/>
      </file>
      <file name="index.ts" path="D:\projects\forYndex\BurgerLast\stellar-burger-review\src\components\ui\feed-info\index.ts">
        <metrics statements="0" coveredstatements="0" conditionals="0" coveredconditionals="0" methods="0" coveredmethods="0"/>
      </file>
    </package>
    <package name="src.components.ui.ingredient-details">
      <metrics statements="3" coveredstatements="3" conditionals="0" coveredconditionals="0" methods="1" coveredmethods="1"/>
      <file name="index.ts" path="D:\projects\forYndex\BurgerLast\stellar-burger-review\src\components\ui\ingredient-details\index.ts">
        <metrics statements="0" coveredstatements="0" conditionals="0" coveredconditionals="0" methods="0" coveredmethods="0"/>
      </file>
      <file name="ingredient-details.tsx" path="D:\projects\forYndex\BurgerLast\stellar-burger-review\src\components\ui\ingredient-details\ingredient-details.tsx">
        <metrics statements="3" coveredstatements="3" conditionals="0" coveredconditionals="0" methods="1" coveredmethods="1"/>
        <line num="5" count="400" type="stmt"/>
        <line num="8" count="160" type="stmt"/>
        <line num="10" count="160" type="stmt"/>
      </file>
    </package>
    <package name="src.components.ui.ingredients-category">
      <metrics statements="3" coveredstatements="3" conditionals="0" coveredconditionals="0" methods="2" coveredmethods="2"/>
      <file name="index.ts" path="D:\projects\forYndex\BurgerLast\stellar-burger-review\src\components\ui\ingredients-category\index.ts">
        <metrics statements="0" coveredstatements="0" conditionals="0" coveredconditionals="0" methods="0" coveredmethods="0"/>
      </file>
      <file name="ingredients-category.tsx" path="D:\projects\forYndex\BurgerLast\stellar-burger-review\src\components\ui\ingredients-category\ingredients-category.tsx">
        <metrics statements="3" coveredstatements="3" conditionals="0" coveredconditionals="0" methods="2" coveredmethods="2"/>
        <line num="6" count="400" type="stmt"/>
        <line num="10" count="16338" type="stmt"/>
        <line num="16" count="69690" type="stmt"/>
      </file>
    </package>
    <package name="src.components.ui.modal">
      <metrics statements="2" coveredstatements="2" conditionals="0" coveredconditionals="0" methods="1" coveredmethods="1"/>
      <file name="index.ts" path="D:\projects\forYndex\BurgerLast\stellar-burger-review\src\components\ui\modal\index.ts">
        <metrics statements="0" coveredstatements="0" conditionals="0" coveredconditionals="0" methods="0" coveredmethods="0"/>
      </file>
      <file name="modal.tsx" path="D:\projects\forYndex\BurgerLast\stellar-burger-review\src\components\ui\modal\modal.tsx">
        <metrics statements="2" coveredstatements="2" conditionals="0" coveredconditionals="0" methods="1" coveredmethods="1"/>
        <line num="9" count="400" type="stmt"/>
        <line num="11" count="232" type="stmt"/>
      </file>
    </package>
    <package name="src.components.ui.modal-overlay">
      <metrics statements="2" coveredstatements="2" conditionals="0" coveredconditionals="0" methods="1" coveredmethods="1"/>
      <file name="index.ts" path="D:\projects\forYndex\BurgerLast\stellar-burger-review\src\components\ui\modal-overlay\index.ts">
        <metrics statements="0" coveredstatements="0" conditionals="0" coveredconditionals="0" methods="0" coveredmethods="0"/>
      </file>
      <file name="modal-overlay.tsx" path="D:\projects\forYndex\BurgerLast\stellar-burger-review\src\components\ui\modal-overlay\modal-overlay.tsx">
        <metrics statements="2" coveredstatements="2" conditionals="0" coveredconditionals="0" methods="1" coveredmethods="1"/>
        <line num="3" count="400" type="stmt"/>
        <line num="4" count="232" type="stmt"/>
      </file>
    </package>
    <package name="src.components.ui.order-card">
      <metrics statements="5" coveredstatements="1" conditionals="10" coveredconditionals="0" methods="2" coveredmethods="0"/>
      <file name="index.ts" path="D:\projects\forYndex\BurgerLast\stellar-burger-review\src\components\ui\order-card\index.ts">
        <metrics statements="0" coveredstatements="0" conditionals="0" coveredconditionals="0" methods="0" coveredmethods="0"/>
      </file>
      <file name="order-card.tsx" path="D:\projects\forYndex\BurgerLast\stellar-burger-review\src\components\ui\order-card\order-card.tsx">
        <metrics statements="5" coveredstatements="1" conditionals="10" coveredconditionals="0" methods="2" coveredmethods="0"/>
        <line num="13" count="400" type="stmt"/>
        <line num="15" count="0" type="stmt"/>
        <line num="38" count="0" type="stmt"/>
        <line num="39" count="0" type="stmt"/>
        <line num="40" count="0" type="stmt"/>
      </file>
    </package>
    <package name="src.components.ui.order-details">
      <metrics statements="2" coveredstatements="2" conditionals="0" coveredconditionals="0" methods="1" coveredmethods="1"/>
      <file name="index.ts" path="D:\projects\forYndex\BurgerLast\stellar-burger-review\src\components\ui\order-details\index.ts">
        <metrics statements="0" coveredstatements="0" conditionals="0" coveredconditionals="0" methods="0" coveredmethods="0"/>
      </file>
      <file name="order-details.tsx" path="D:\projects\forYndex\BurgerLast\stellar-burger-review\src\components\ui\order-details\order-details.tsx">
        <metrics statements="2" coveredstatements="2" conditionals="0" coveredconditionals="0" methods="1" coveredmethods="1"/>
        <line num="6" count="400" type="stmt"/>
        <line num="9" count="36" type="stmt"/>
      </file>
    </package>
    <package name="src.components.ui.order-info">
      <metrics statements="3" coveredstatements="1" conditionals="0" coveredconditionals="0" methods="2" coveredmethods="0"/>
      <file name="index.ts" path="D:\projects\forYndex\BurgerLast\stellar-burger-review\src\components\ui\order-info\index.ts">
        <metrics statements="0" coveredstatements="0" conditionals="0" coveredconditionals="0" methods="0" coveredmethods="0"/>
      </file>
      <file name="order-info.tsx" path="D:\projects\forYndex\BurgerLast\stellar-burger-review\src\components\ui\order-info\order-info.tsx">
        <metrics statements="3" coveredstatements="1" conditionals="0" coveredconditionals="0" methods="2" coveredmethods="0"/>
        <line num="12" count="400" type="stmt"/>
        <line num="13" count="0" type="stmt"/>
        <line num="21" count="0" type="stmt"/>
      </file>
    </package>
    <package name="src.components.ui.order-status">
      <metrics statements="2" coveredstatements="1" conditionals="0" coveredconditionals="0" methods="1" coveredmethods="0"/>
      <file name="index.ts" path="D:\projects\forYndex\BurgerLast\stellar-burger-review\src\components\ui\order-status\index.ts">
        <metrics statements="0" coveredstatements="0" conditionals="0" coveredconditionals="0" methods="0" coveredmethods="0"/>
      </file>
      <file name="order-status.tsx" path="D:\projects\forYndex\BurgerLast\stellar-burger-review\src\components\ui\order-status\order-status.tsx">
        <metrics statements="2" coveredstatements="1" conditionals="0" coveredconditionals="0" methods="1" coveredmethods="0"/>
        <line num="4" count="400" type="stmt"/>
        <line num="5" count="0" type="stmt"/>
      </file>
    </package>
    <package name="src.components.ui.orders-list">
      <metrics statements="3" coveredstatements="1" conditionals="0" coveredconditionals="0" methods="2" coveredmethods="0"/>
      <file name="index.ts" path="D:\projects\forYndex\BurgerLast\stellar-burger-review\src\components\ui\orders-list\index.ts">
        <metrics statements="0" coveredstatements="0" conditionals="0" coveredconditionals="0" methods="0" coveredmethods="0"/>
      </file>
      <file name="orders-list.tsx" path="D:\projects\forYndex\BurgerLast\stellar-burger-review\src\components\ui\orders-list\orders-list.tsx">
        <metrics statements="3" coveredstatements="1" conditionals="0" coveredconditionals="0" methods="2" coveredmethods="0"/>
        <line num="8" count="400" type="stmt"/>
        <line num="9" count="0" type="stmt"/>
        <line num="11" count="0" type="stmt"/>
      </file>
    </package>
    <package name="src.components.ui.pages">
      <metrics statements="0" coveredstatements="0" conditionals="0" coveredconditionals="0" methods="0" coveredmethods="0"/>
      <file name="index.ts" path="D:\projects\forYndex\BurgerLast\stellar-burger-review\src\components\ui\pages\index.ts">
        <metrics statements="0" coveredstatements="0" conditionals="0" coveredconditionals="0" methods="0" coveredmethods="0"/>
      </file>
    </package>
    <package name="src.components.ui.pages.constructor-page">
      <metrics statements="2" coveredstatements="1" conditionals="2" coveredconditionals="0" methods="1" coveredmethods="0"/>
      <file name="constructor-page.tsx" path="D:\projects\forYndex\BurgerLast\stellar-burger-review\src\components\ui\pages\constructor-page\constructor-page.tsx">
        <metrics statements="2" coveredstatements="1" conditionals="2" coveredconditionals="0" methods="1" coveredmethods="0"/>
        <line num="9" count="400" type="stmt"/>
        <line num="12" count="0" type="stmt"/>
      </file>
      <file name="index.ts" path="D:\projects\forYndex\BurgerLast\stellar-burger-review\src\components\ui\pages\constructor-page\index.ts">
        <metrics statements="0" coveredstatements="0" conditionals="0" coveredconditionals="0" methods="0" coveredmethods="0"/>
      </file>
    </package>
    <package name="src.components.ui.pages.feed">
      <metrics statements="2" coveredstatements="1" conditionals="0" coveredconditionals="0" methods="1" coveredmethods="0"/>
      <file name="feed.tsx" path="D:\projects\forYndex\BurgerLast\stellar-burger-review\src\components\ui\pages\feed\feed.tsx">
        <metrics statements="2" coveredstatements="1" conditionals="0" coveredconditionals="0" methods="1" coveredmethods="0"/>
        <line num="9" count="400" type="stmt"/>
        <line num="10" count="0" type="stmt"/>
      </file>
      <file name="index.ts" path="D:\projects\forYndex\BurgerLast\stellar-burger-review\src\components\ui\pages\feed\index.ts">
        <metrics statements="0" coveredstatements="0" conditionals="0" coveredconditionals="0" methods="0" coveredmethods="0"/>
      </file>
    </package>
    <package name="src.components.ui.pages.forgot-password">
      <metrics statements="3" coveredstatements="1" conditionals="2" coveredconditionals="0" methods="2" coveredmethods="0"/>
      <file name="forgot-password.tsx" path="D:\projects\forYndex\BurgerLast\stellar-burger-review\src\components\ui\pages\forgot-password\forgot-password.tsx">
        <metrics statements="3" coveredstatements="1" conditionals="2" coveredconditionals="0" methods="2" coveredmethods="0"/>
        <line num="8" count="400" type="stmt"/>
        <line num="14" count="0" type="stmt"/>
        <line num="26" count="0" type="stmt"/>
      </file>
      <file name="index.ts" path="D:\projects\forYndex\BurgerLast\stellar-burger-review\src\components\ui\pages\forgot-password\index.ts">
        <metrics statements="0" coveredstatements="0" conditionals="0" coveredconditionals="0" methods="0" coveredmethods="0"/>
      </file>
    </package>
    <package name="src.components.ui.pages.login">
      <metrics statements="4" coveredstatements="1" conditionals="2" coveredconditionals="0" methods="3" coveredmethods="0"/>
      <file name="index.ts" path="D:\projects\forYndex\BurgerLast\stellar-burger-review\src\components\ui\pages\login\index.ts">
        <metrics statements="0" coveredstatements="0" conditionals="0" coveredconditionals="0" methods="0" coveredmethods="0"/>
      </file>
      <file name="login.tsx" path="D:\projects\forYndex\BurgerLast\stellar-burger-review\src\components\ui\pages\login\login.tsx">
        <metrics statements="4" coveredstatements="1" conditionals="2" coveredconditionals="0" methods="3" coveredmethods="0"/>
        <line num="11" count="400" type="stmt"/>
        <line num="19" count="0" type="stmt"/>
        <line num="32" count="0" type="stmt"/>
        <line num="42" count="0" type="stmt"/>
      </file>
    </package>
    <package name="src.components.ui.pages.profile">
      <metrics statements="2" coveredstatements="1" conditionals="4" coveredconditionals="0" methods="1" coveredmethods="0"/>
      <file name="index.ts" path="D:\projects\forYndex\BurgerLast\stellar-burger-review\src\components\ui\pages\profile\index.ts">
        <metrics statements="0" coveredstatements="0" conditionals="0" coveredconditionals="0" methods="0" coveredmethods="0"/>
      </file>
      <file name="profile.tsx" path="D:\projects\forYndex\BurgerLast\stellar-burger-review\src\components\ui\pages\profile\profile.tsx">
        <metrics statements="2" coveredstatements="1" conditionals="4" coveredconditionals="0" methods="1" coveredmethods="0"/>
        <line num="10" count="400" type="stmt"/>
        <line num="18" count="0" type="stmt"/>
      </file>
    </package>
    <package name="src.components.ui.pages.profile-orders">
      <metrics statements="2" coveredstatements="1" conditionals="0" coveredconditionals="0" methods="1" coveredmethods="0"/>
      <file name="index.ts" path="D:\projects\forYndex\BurgerLast\stellar-burger-review\src\components\ui\pages\profile-orders\index.ts">
        <metrics statements="0" coveredstatements="0" conditionals="0" coveredconditionals="0" methods="0" coveredmethods="0"/>
      </file>
      <file name="profile-orders.tsx" path="D:\projects\forYndex\BurgerLast\stellar-burger-review\src\components\ui\pages\profile-orders\profile-orders.tsx">
        <metrics statements="2" coveredstatements="1" conditionals="0" coveredconditionals="0" methods="1" coveredmethods="0"/>
        <line num="8" count="400" type="stmt"/>
        <line num="9" count="0" type="stmt"/>
      </file>
    </package>
    <package name="src.components.ui.pages.register">
      <metrics statements="5" coveredstatements="1" conditionals="2" coveredconditionals="0" methods="4" coveredmethods="0"/>
      <file name="index.ts" path="D:\projects\forYndex\BurgerLast\stellar-burger-review\src\components\ui\pages\register\index.ts">
        <metrics statements="0" coveredstatements="0" conditionals="0" coveredconditionals="0" methods="0" coveredmethods="0"/>
      </file>
      <file name="register.tsx" path="D:\projects\forYndex\BurgerLast\stellar-burger-review\src\components\ui\pages\register\register.tsx">
        <metrics statements="5" coveredstatements="1" conditionals="2" coveredconditionals="0" methods="4" coveredmethods="0"/>
        <line num="11" count="400" type="stmt"/>
        <line num="21" count="0" type="stmt"/>
        <line num="34" count="0" type="stmt"/>
        <line num="46" count="0" type="stmt"/>
        <line num="56" count="0" type="stmt"/>
      </file>
    </package>
    <package name="src.components.ui.pages.reset-password">
      <metrics statements="4" coveredstatements="1" conditionals="2" coveredconditionals="0" methods="3" coveredmethods="0"/>
      <file name="index.ts" path="D:\projects\forYndex\BurgerLast\stellar-burger-review\src\components\ui\pages\reset-password\index.ts">
        <metrics statements="0" coveredstatements="0" conditionals="0" coveredconditionals="0" methods="0" coveredmethods="0"/>
      </file>
      <file name="reset-password.tsx" path="D:\projects\forYndex\BurgerLast\stellar-burger-review\src\components\ui\pages\reset-password\reset-password.tsx">
        <metrics statements="4" coveredstatements="1" conditionals="2" coveredconditionals="0" methods="3" coveredmethods="0"/>
        <line num="11" count="400" type="stmt"/>
        <line num="19" count="0" type="stmt"/>
        <line num="29" count="0" type="stmt"/>
        <line num="38" count="0" type="stmt"/>
      </file>
    </package>
    <package name="src.components.ui.preloader">
      <metrics statements="2" coveredstatements="2" conditionals="0" coveredconditionals="0" methods="1" coveredmethods="1"/>
      <file name="index.ts" path="D:\projects\forYndex\BurgerLast\stellar-burger-review\src\components\ui\preloader\index.ts">
        <metrics statements="0" coveredstatements="0" conditionals="0" coveredconditionals="0" methods="0" coveredmethods="0"/>
      </file>
      <file name="preloader.tsx" path="D:\projects\forYndex\BurgerLast\stellar-burger-review\src\components\ui\preloader\preloader.tsx">
        <metrics statements="2" coveredstatements="2" conditionals="0" coveredconditionals="0" methods="1" coveredmethods="1"/>
        <line num="4" count="400" type="stmt"/>
        <line num="5" count="836" type="stmt"/>
      </file>
    </package>
    <package name="src.components.ui.profile-menu">
      <metrics statements="4" coveredstatements="1" conditionals="6" coveredconditionals="0" methods="3" coveredmethods="0"/>
      <file name="index.ts" path="D:\projects\forYndex\BurgerLast\stellar-burger-review\src\components\ui\profile-menu\index.ts">
        <metrics statements="0" coveredstatements="0" conditionals="0" coveredconditionals="0" methods="0" coveredmethods="0"/>
      </file>
      <file name="profile-menu.tsx" path="D:\projects\forYndex\BurgerLast\stellar-burger-review\src\components\ui\profile-menu\profile-menu.tsx">
        <metrics statements="4" coveredstatements="1" conditionals="6" coveredconditionals="0" methods="3" coveredmethods="0"/>
        <line num="6" count="400" type="stmt"/>
        <line num="10" count="0" type="stmt"/>
        <line num="14" count="0" type="stmt"/>
        <line num="25" count="0" type="stmt"/>
      </file>
    </package>
    <package name="src.pages">
      <metrics statements="0" coveredstatements="0" conditionals="0" coveredconditionals="0" methods="0" coveredmethods="0"/>
      <file name="index.ts" path="D:\projects\forYndex\BurgerLast\stellar-burger-review\src\pages\index.ts">
        <metrics statements="0" coveredstatements="0" conditionals="0" coveredconditionals="0" methods="0" coveredmethods="0"/>
      </file>
    </package>
    <package name="src.pages.constructor-page">
      <metrics statements="3" coveredstatements="3" conditionals="2" coveredconditionals="2" methods="1" coveredmethods="1"/>
      <file name="constructor-page.tsx" path="D:\projects\forYndex\BurgerLast\stellar-burger-review\src\pages\constructor-page\constructor-page.tsx">
        <metrics statements="3" coveredstatements="3" conditionals="2" coveredconditionals="2" methods="1" coveredmethods="1"/>
        <line num="10" count="400" type="stmt"/>
        <line num="11" count="3480" type="stmt"/>
        <line num="13" count="3480" type="stmt"/>
      </file>
      <file name="index.ts" path="D:\projects\forYndex\BurgerLast\stellar-burger-review\src\pages\constructor-page\index.ts">
        <metrics statements="0" coveredstatements="0" conditionals="0" coveredconditionals="0" methods="0" coveredmethods="0"/>
      </file>
    </package>
    <package name="src.pages.feed">
      <metrics statements="8" coveredstatements="1" conditionals="2" coveredconditionals="0" methods="3" coveredmethods="0"/>
      <file name="feed.tsx" path="D:\projects\forYndex\BurgerLast\stellar-burger-review\src\pages\feed\feed.tsx">
        <metrics statements="8" coveredstatements="1" conditionals="2" coveredconditionals="0" methods="3" coveredmethods="0"/>
        <line num="10" count="400" type="stmt"/>
        <line num="11" count="0" type="stmt"/>
        <line num="12" count="0" type="stmt"/>
        <line num="13" count="0" type="stmt"/>
        <line num="14" count="0" type="stmt"/>
        <line num="17" count="0" type="cond" truecount="0" falsecount="2"/>
        <line num="18" count="0" type="stmt"/>
        <line num="21" count="0" type="stmt"/>
      </file>
      <file name="index.ts" path="D:\projects\forYndex\BurgerLast\stellar-burger-review\src\pages\feed\index.ts">
        <metrics statements="0" coveredstatements="0" conditionals="0" coveredconditionals="0" methods="0" coveredmethods="0"/>
      </file>
    </package>
    <package name="src.pages.forgot-password">
      <metrics statements="12" coveredstatements="1" conditionals="0" coveredconditionals="0" methods="4" coveredmethods="0"/>
      <file name="forgot-password.tsx" path="D:\projects\forYndex\BurgerLast\stellar-burger-review\src\pages\forgot-password\forgot-password.tsx">
        <metrics statements="12" coveredstatements="1" conditionals="0" coveredconditionals="0" methods="4" coveredmethods="0"/>
        <line num="7" count="400" type="stmt"/>
        <line num="8" count="0" type="stmt"/>
        <line num="9" count="0" type="stmt"/>
        <line num="11" count="0" type="stmt"/>
        <line num="13" count="0" type="stmt"/>
        <line num="14" count="0" type="stmt"/>
        <line num="16" count="0" type="stmt"/>
        <line num="17" count="0" type="stmt"/>
        <line num="19" count="0" type="stmt"/>
        <line num="20" count="0" type="stmt"/>
        <line num="22" count="0" type="stmt"/>
        <line num="25" count="0" type="stmt"/>
      </file>
      <file name="index.ts" path="D:\projects\forYndex\BurgerLast\stellar-burger-review\src\pages\forgot-password\index.ts">
        <metrics statements="0" coveredstatements="0" conditionals="0" coveredconditionals="0" methods="0" coveredmethods="0"/>
      </file>
    </package>
    <package name="src.pages.login">
      <metrics statements="14" coveredstatements="1" conditionals="6" coveredconditionals="0" methods="2" coveredmethods="0"/>
      <file name="index.ts" path="D:\projects\forYndex\BurgerLast\stellar-burger-review\src\pages\login\index.ts">
        <metrics statements="0" coveredstatements="0" conditionals="0" coveredconditionals="0" methods="0" coveredmethods="0"/>
      </file>
      <file name="login.tsx" path="D:\projects\forYndex\BurgerLast\stellar-burger-review\src\pages\login\login.tsx">
        <metrics statements="14" coveredstatements="1" conditionals="6" coveredconditionals="0" methods="2" coveredmethods="0"/>
        <line num="11" count="400" type="stmt"/>
        <line num="12" count="0" type="stmt"/>
        <line num="13" count="0" type="stmt"/>
        <line num="14" count="0" type="stmt"/>
        <line num="16" count="0" type="stmt"/>
        <line num="18" count="0" type="stmt"/>
        <line num="20" count="0" type="stmt"/>
        <line num="21" count="0" type="stmt"/>
        <line num="22" count="0" type="cond" truecount="0" falsecount="4"/>
        <line num="23" count="0" type="stmt"/>
        <line num="25" count="0" type="stmt"/>
        <line num="28" count="0" type="cond" truecount="0" falsecount="2"/>
        <line num="29" count="0" type="stmt"/>
        <line num="32" count="0" type="stmt"/>
      </file>
    </package>
    <package name="src.pages.not-fount-404">
      <metrics statements="2" coveredstatements="1" conditionals="0" coveredconditionals="0" methods="1" coveredmethods="0"/>
      <file name="index.ts" path="D:\projects\forYndex\BurgerLast\stellar-burger-review\src\pages\not-fount-404\index.ts">
        <metrics statements="0" coveredstatements="0" conditionals="0" coveredconditionals="0" methods="0" coveredmethods="0"/>
      </file>
      <file name="not-fount-404.tsx" path="D:\projects\forYndex\BurgerLast\stellar-burger-review\src\pages\not-fount-404\not-fount-404.tsx">
        <metrics statements="2" coveredstatements="1" conditionals="0" coveredconditionals="0" methods="1" coveredmethods="0"/>
        <line num="3" count="400" type="stmt"/>
        <line num="4" count="0" type="stmt"/>
      </file>
    </package>
    <package name="src.pages.profile">
      <metrics statements="21" coveredstatements="1" conditionals="13" coveredconditionals="0" methods="7" coveredmethods="0"/>
      <file name="index.ts" path="D:\projects\forYndex\BurgerLast\stellar-burger-review\src\pages\profile\index.ts">
        <metrics statements="0" coveredstatements="0" conditionals="0" coveredconditionals="0" methods="0" coveredmethods="0"/>
      </file>
      <file name="profile.tsx" path="D:\projects\forYndex\BurgerLast\stellar-burger-review\src\pages\profile\profile.tsx">
        <metrics statements="21" coveredstatements="1" conditionals="13" coveredconditionals="0" methods="7" coveredmethods="0"/>
        <line num="11" count="400" type="stmt"/>
        <line num="12" count="0" type="stmt"/>
        <line num="13" count="0" type="stmt"/>
        <line num="14" count="0" type="stmt"/>
        <line num="16" count="0" type="stmt"/>
        <line num="21" count="0" type="stmt"/>
        <line num="27" count="0" type="stmt"/>
        <line num="28" count="0" type="stmt"/>
        <line num="36" count="0" type="cond" truecount="0" falsecount="3"/>
        <line num="40" count="0" type="stmt"/>
        <line num="41" count="0" type="stmt"/>
        <line num="42" count="0" type="stmt"/>
        <line num="43" count="0" type="stmt"/>
        <line num="46" count="0" type="cond" truecount="0" falsecount="2"/>
        <line num="47" count="0" type="stmt"/>
        <line num="50" count="0" type="stmt"/>
        <line num="51" count="0" type="stmt"/>
        <line num="52" count="0" type="stmt"/>
        <line num="59" count="0" type="stmt"/>
        <line num="60" count="0" type="stmt"/>
        <line num="66" count="0" type="stmt"/>
      </file>
    </package>
    <package name="src.pages.profile-orders">
      <metrics statements="9" coveredstatements="1" conditionals="2" coveredconditionals="0" methods="2" coveredmethods="0"/>
      <file name="index.ts" path="D:\projects\forYndex\BurgerLast\stellar-burger-review\src\pages\profile-orders\index.ts">
        <metrics statements="0" coveredstatements="0" conditionals="0" coveredconditionals="0" methods="0" coveredmethods="0"/>
      </file>
      <file name="profile-orders.tsx" path="D:\projects\forYndex\BurgerLast\stellar-burger-review\src\pages\profile-orders\profile-orders.tsx">
        <metrics statements="9" coveredstatements="1" conditionals="2" coveredconditionals="0" methods="2" coveredmethods="0"/>
        <line num="12" count="400" type="stmt"/>
        <line num="13" count="0" type="stmt"/>
        <line num="14" count="0" type="stmt"/>
        <line num="16" count="0" type="stmt"/>
        <line num="17" count="0" type="stmt"/>
        <line num="18" count="0" type="stmt"/>
        <line num="21" count="0" type="cond" truecount="0" falsecount="2"/>
        <line num="22" count="0" type="stmt"/>
        <line num="25" count="0" type="stmt"/>
      </file>
    </package>
    <package name="src.pages.register">
      <metrics statements="12" coveredstatements="1" conditionals="0" coveredconditionals="0" methods="2" coveredmethods="0"/>
      <file name="index.ts" path="D:\projects\forYndex\BurgerLast\stellar-burger-review\src\pages\register\index.ts">
        <metrics statements="0" coveredstatements="0" conditionals="0" coveredconditionals="0" methods="0" coveredmethods="0"/>
      </file>
      <file name="register.tsx" path="D:\projects\forYndex\BurgerLast\stellar-burger-review\src\pages\register\register.tsx">
        <metrics statements="12" coveredstatements="1" conditionals="0" coveredconditionals="0" methods="2" coveredmethods="0"/>
        <line num="10" count="400" type="stmt"/>
        <line num="11" count="0" type="stmt"/>
        <line num="12" count="0" type="stmt"/>
        <line num="13" count="0" type="stmt"/>
        <line num="14" count="0" type="stmt"/>
        <line num="15" count="0" type="stmt"/>
        <line num="16" count="0" type="stmt"/>
        <line num="18" count="0" type="stmt"/>
        <line num="19" count="0" type="stmt"/>
        <line num="20" count="0" type="stmt"/>
        <line num="21" count="0" type="stmt"/>
        <line num="24" count="0" type="stmt"/>
      </file>
    </package>
    <package name="src.pages.reset-password">
      <metrics statements="16" coveredstatements="1" conditionals="2" coveredconditionals="0" methods="5" coveredmethods="0"/>
      <file name="index.ts" path="D:\projects\forYndex\BurgerLast\stellar-burger-review\src\pages\reset-password\index.ts">
        <metrics statements="0" coveredstatements="0" conditionals="0" coveredconditionals="0" methods="0" coveredmethods="0"/>
      </file>
      <file name="reset-password.tsx" path="D:\projects\forYndex\BurgerLast\stellar-burger-review\src\pages\reset-password\reset-password.tsx">
        <metrics statements="16" coveredstatements="1" conditionals="2" coveredconditionals="0" methods="5" coveredmethods="0"/>
        <line num="7" count="400" type="stmt"/>
        <line num="8" count="0" type="stmt"/>
        <line num="9" count="0" type="stmt"/>
        <line num="10" count="0" type="stmt"/>
        <line num="11" count="0" type="stmt"/>
        <line num="13" count="0" type="stmt"/>
        <line num="14" count="0" type="stmt"/>
        <line num="15" count="0" type="stmt"/>
        <line num="16" count="0" type="stmt"/>
        <line num="18" count="0" type="stmt"/>
        <line num="19" count="0" type="stmt"/>
        <line num="21" count="0" type="stmt"/>
        <line num="24" count="0" type="stmt"/>
        <line num="25" count="0" type="cond" truecount="0" falsecount="2"/>
        <line num="26" count="0" type="stmt"/>
        <line num="30" count="0" type="stmt"/>
      </file>
    </package>
    <package name="src.services">
      <metrics statements="4" coveredstatements="4" conditionals="0" coveredconditionals="0" methods="1" coveredmethods="1"/>
      <file name="store.ts" path="D:\projects\forYndex\BurgerLast\stellar-burger-review\src\services\store.ts">
        <metrics statements="4" coveredstatements="4" conditionals="0" coveredconditionals="0" methods="1" coveredmethods="1"/>
        <line num="13" count="400" type="stmt"/>
        <line num="21" count="400" type="stmt"/>
        <line num="30" count="5752" type="stmt"/>
        <line num="31" count="400" type="stmt"/>
      </file>
    </package>
    <package name="src.services.slices.constructorSlice">
      <metrics statements="39" coveredstatements="29" conditionals="15" coveredconditionals="11" methods="15" coveredmethods="10"/>
      <file name="constructorSlice.ts" path="D:\projects\forYndex\BurgerLast\stellar-burger-review\src\services\slices\constructorSlice\constructorSlice.ts">
        <metrics statements="39" coveredstatements="29" conditionals="15" coveredconditionals="11" methods="15" coveredmethods="10"/>
        <line num="22" count="400" type="stmt"/>
        <line num="34" count="400" type="stmt"/>
        <line num="37" count="18" type="stmt"/>
        <line num="39" count="18" type="cond" truecount="1" falsecount="1"/>
        <line num="42" count="55" type="cond" truecount="2" falsecount="0"/>
        <line num="44" count="0" type="stmt"/>
        <line num="49" count="18" type="stmt"/>
        <line num="52" count="18" type="cond" truecount="3" falsecount="1"/>
        <line num="53" count="0" type="stmt"/>
        <line num="58" count="18" type="stmt"/>
        <line num="60" count="0" type="stmt"/>
        <line num="67" count="400" type="stmt"/>
        <line num="71" count="43464" type="stmt"/>
        <line num="77" count="241" type="cond" truecount="2" falsecount="0"/>
        <line num="78" count="140" type="stmt"/>
        <line num="80" count="101" type="stmt"/>
        <line num="84" count="241" type="stmt"/>
        <line num="85" count="241" type="stmt"/>
        <line num="91" count="0" type="stmt"/>
        <line num="93" count="0" type="stmt"/>
        <line num="99" count="0" type="stmt"/>
        <line num="108" count="0" type="stmt"/>
        <line num="116" count="28" type="stmt"/>
        <line num="120" count="10" type="stmt"/>
        <line num="126" count="400" type="stmt"/>
        <line num="128" count="18" type="stmt"/>
        <line num="129" count="18" type="stmt"/>
        <line num="130" count="18" type="stmt"/>
        <line num="133" count="0" type="stmt"/>
        <line num="134" count="0" type="stmt"/>
        <line num="135" count="0" type="stmt"/>
        <line num="138" count="18" type="stmt"/>
        <line num="139" count="18" type="stmt"/>
        <line num="140" count="18" type="stmt"/>
        <line num="141" count="18" type="stmt"/>
        <line num="142" count="18" type="stmt"/>
        <line num="146" count="18" type="stmt"/>
        <line num="159" count="400" type="stmt"/>
        <line num="162" count="400" type="stmt"/>
      </file>
    </package>
    <package name="src.services.slices.feedSlice">
      <metrics statements="21" coveredstatements="5" conditionals="8" coveredconditionals="0" methods="6" coveredmethods="1"/>
      <file name="feedSlice.ts" path="D:\projects\forYndex\BurgerLast\stellar-burger-review\src\services\slices\feedSlice\feedSlice.ts">
        <metrics statements="21" coveredstatements="5" conditionals="8" coveredconditionals="0" methods="6" coveredmethods="1"/>
        <line num="13" count="400" type="stmt"/>
        <line num="27" count="400" type="stmt"/>
        <line num="30" count="0" type="stmt"/>
        <line num="31" count="0" type="stmt"/>
        <line num="33" count="0" type="cond" truecount="0" falsecount="2"/>
        <line num="39" count="0" type="stmt"/>
        <line num="42" count="0" type="stmt"/>
        <line num="44" count="0" type="stmt"/>
        <line num="50" count="400" type="stmt"/>
        <line num="55" count="0" type="stmt"/>
        <line num="58" count="400" type="stmt"/>
        <line num="60" count="0" type="stmt"/>
        <line num="61" count="0" type="stmt"/>
        <line num="64" count="0" type="stmt"/>
        <line num="65" count="0" type="stmt"/>
        <line num="68" count="0" type="stmt"/>
        <line num="69" count="0" type="stmt"/>
        <line num="70" count="0" type="stmt"/>
        <line num="71" count="0" type="stmt"/>
        <line num="72" count="0" type="stmt"/>
        <line num="77" count="400" type="stmt"/>
      </file>
    </package>
    <package name="src.services.slices.ingredientSlice">
      <metrics statements="19" coveredstatements="15" conditionals="2" coveredconditionals="1" methods="6" coveredmethods="5"/>
      <file name="ingredientSlice.ts" path="D:\projects\forYndex\BurgerLast\stellar-burger-review\src\services\slices\ingredientSlice\ingredientSlice.ts">
        <metrics statements="19" coveredstatements="15" conditionals="2" coveredconditionals="1" methods="6" coveredmethods="5"/>
        <line num="11" count="400" type="stmt"/>
        <line num="18" count="400" type="stmt"/>
        <line num="23" count="800" type="stmt"/>
        <line num="24" count="800" type="stmt"/>
        <line num="26" count="800" type="cond" truecount="1" falsecount="1"/>
        <line num="27" count="0" type="stmt"/>
        <line num="30" count="800" type="stmt"/>
        <line num="32" count="0" type="stmt"/>
        <line num="37" count="400" type="stmt"/>
        <line num="43" count="13003" type="stmt"/>
        <line num="46" count="400" type="stmt"/>
        <line num="49" count="800" type="stmt"/>
        <line num="50" count="800" type="stmt"/>
        <line num="54" count="0" type="stmt"/>
        <line num="55" count="0" type="stmt"/>
        <line num="59" count="800" type="stmt"/>
        <line num="60" count="800" type="stmt"/>
        <line num="61" count="800" type="stmt"/>
        <line num="67" count="400" type="stmt"/>
      </file>
    </package>
    <package name="src.services.slices.orderSlice">
      <metrics statements="21" coveredstatements="5" conditionals="11" coveredconditionals="0" methods="6" coveredmethods="1"/>
      <file name="orderSlice.ts" path="D:\projects\forYndex\BurgerLast\stellar-burger-review\src\services\slices\orderSlice\orderSlice.ts">
        <metrics statements="21" coveredstatements="5" conditionals="11" coveredconditionals="0" methods="6" coveredmethods="1"/>
        <line num="15" count="400" type="stmt"/>
        <line num="24" count="400" type="stmt"/>
        <line num="27" count="0" type="stmt"/>
        <line num="29" count="0" type="cond" truecount="0" falsecount="4"/>
        <line num="30" count="0" type="stmt"/>
        <line num="33" count="0" type="stmt"/>
        <line num="36" count="0" type="cond" truecount="0" falsecount="2"/>
        <line num="41" count="0" type="stmt"/>
        <line num="44" count="0" type="stmt"/>
        <line num="46" count="0" type="cond" truecount="0" falsecount="2"/>
        <line num="52" count="400" type="stmt"/>
        <line num="59" count="0" type="stmt"/>
        <line num="64" count="400" type="stmt"/>
        <line num="66" count="0" type="stmt"/>
        <line num="67" count="0" type="stmt"/>
        <line num="70" count="0" type="stmt"/>
        <line num="71" count="0" type="stmt"/>
        <line num="74" count="0" type="stmt"/>
        <line num="75" count="0" type="stmt"/>
        <line num="76" count="0" type="stmt"/>
        <line num="82" count="400" type="stmt"/>
      </file>
    </package>
    <package name="src.services.slices.userSlice">
      <metrics statements="116" coveredstatements="23" conditionals="28" coveredconditionals="1" methods="29" coveredmethods="5"/>
      <file name="userSlice.ts" path="D:\projects\forYndex\BurgerLast\stellar-burger-review\src\services\slices\userSlice\userSlice.ts">
        <metrics statements="116" coveredstatements="23" conditionals="28" coveredconditionals="1" methods="29" coveredmethods="5"/>
        <line num="29" count="400" type="stmt"/>
        <line num="42" count="400" type="stmt"/>
        <line num="45" count="0" type="stmt"/>
        <line num="46" count="0" type="stmt"/>
        <line num="47" count="0" type="cond" truecount="0" falsecount="4"/>
        <line num="48" count="0" type="stmt"/>
        <line num="50" count="0" type="stmt"/>
        <line num="52" count="0" type="stmt"/>
        <line num="60" count="400" type="stmt"/>
        <line num="63" count="0" type="stmt"/>
        <line num="64" count="0" type="stmt"/>
        <line num="66" count="0" type="cond" truecount="0" falsecount="2"/>
        <line num="67" count="0" type="stmt"/>
        <line num="73" count="0" type="cond" truecount="0" falsecount="2"/>
        <line num="74" count="0" type="cond" truecount="0" falsecount="2"/>
        <line num="75" count="0" type="stmt"/>
        <line num="77" count="0" type="stmt"/>
        <line num="79" count="0" type="stmt"/>
        <line num="88" count="400" type="stmt"/>
        <line num="89" count="800" type="stmt"/>
        <line num="90" count="800" type="stmt"/>
        <line num="91" count="800" type="cond" truecount="1" falsecount="1"/>
        <line num="92" count="0" type="stmt"/>
        <line num="96" count="800" type="stmt"/>
        <line num="98" count="0" type="stmt"/>
        <line num="104" count="400" type="stmt"/>
        <line num="107" count="0" type="stmt"/>
        <line num="108" count="0" type="stmt"/>
        <line num="109" count="0" type="cond" truecount="0" falsecount="2"/>
        <line num="110" count="0" type="stmt"/>
        <line num="114" count="0" type="stmt"/>
        <line num="116" count="0" type="stmt"/>
        <line num="122" count="400" type="stmt"/>
        <line num="125" count="0" type="stmt"/>
        <line num="126" count="0" type="stmt"/>
        <line num="127" count="0" type="cond" truecount="0" falsecount="2"/>
        <line num="128" count="0" type="stmt"/>
        <line num="132" count="0" type="stmt"/>
        <line num="134" count="0" type="stmt"/>
        <line num="142" count="400" type="stmt"/>
        <line num="145" count="0" type="stmt"/>
        <line num="146" count="0" type="stmt"/>
        <line num="147" count="0" type="stmt"/>
        <line num="148" count="0" type="stmt"/>
        <line num="149" count="0" type="stmt"/>
        <line num="151" count="0" type="stmt"/>
        <line num="159" count="400" type="stmt"/>
        <line num="164" count="0" type="stmt"/>
        <line num="167" count="0" type="stmt"/>
        <line num="171" count="17415" type="stmt"/>
        <line num="172" count="0" type="stmt"/>
        <line num="175" count="400" type="stmt"/>
        <line num="178" count="0" type="stmt"/>
        <line num="179" count="0" type="stmt"/>
        <line num="180" count="0" type="stmt"/>
        <line num="181" count="0" type="stmt"/>
        <line num="184" count="0" type="stmt"/>
        <line num="185" count="0" type="stmt"/>
        <line num="186" count="0" type="stmt"/>
        <line num="189" count="0" type="stmt"/>
        <line num="190" count="0" type="stmt"/>
        <line num="191" count="0" type="stmt"/>
        <line num="192" count="0" type="stmt"/>
        <line num="193" count="0" type="stmt"/>
        <line num="194" count="0" type="stmt"/>
        <line num="199" count="0" type="stmt"/>
        <line num="200" count="0" type="stmt"/>
        <line num="201" count="0" type="stmt"/>
        <line num="202" count="0" type="stmt"/>
        <line num="205" count="0" type="stmt"/>
        <line num="206" count="0" type="stmt"/>
        <line num="207" count="0" type="stmt"/>
        <line num="210" count="0" type="stmt"/>
        <line num="211" count="0" type="stmt"/>
        <line num="212" count="0" type="stmt"/>
        <line num="213" count="0" type="stmt"/>
        <line num="214" count="0" type="stmt"/>
        <line num="219" count="800" type="stmt"/>
        <line num="220" count="800" type="stmt"/>
        <line num="221" count="800" type="stmt"/>
        <line num="224" count="0" type="stmt"/>
        <line num="225" count="0" type="stmt"/>
        <line num="226" count="0" type="stmt"/>
        <line num="229" count="800" type="stmt"/>
        <line num="230" count="800" type="stmt"/>
        <line num="231" count="800" type="stmt"/>
        <line num="232" count="800" type="stmt"/>
        <line num="237" count="0" type="stmt"/>
        <line num="238" count="0" type="stmt"/>
        <line num="241" count="0" type="stmt"/>
        <line num="242" count="0" type="stmt"/>
        <line num="245" count="0" type="stmt"/>
        <line num="246" count="0" type="stmt"/>
        <line num="247" count="0" type="stmt"/>
        <line num="252" count="0" type="stmt"/>
        <line num="253" count="0" type="stmt"/>
        <line num="254" count="0" type="stmt"/>
        <line num="255" count="0" type="stmt"/>
        <line num="258" count="0" type="stmt"/>
        <line num="259" count="0" type="stmt"/>
        <line num="260" count="0" type="stmt"/>
        <line num="261" count="0" type="stmt"/>
        <line num="264" count="0" type="stmt"/>
        <line num="265" count="0" type="stmt"/>
        <line num="266" count="0" type="stmt"/>
        <line num="267" count="0" type="stmt"/>
        <line num="268" count="0" type="stmt"/>
        <line num="273" count="0" type="stmt"/>
        <line num="274" count="0" type="stmt"/>
        <line num="277" count="0" type="stmt"/>
        <line num="278" count="0" type="stmt"/>
        <line num="281" count="0" type="stmt"/>
        <line num="282" count="0" type="stmt"/>
        <line num="283" count="0" type="stmt"/>
        <line num="289" count="400" type="stmt"/>
        <line num="290" count="400" type="stmt"/>
      </file>
    </package>
    <package name="src.utils">
      <metrics statements="89" coveredstatements="28" conditionals="37" coveredconditionals="5" methods="37" coveredmethods="9"/>
      <file name="burger-api.ts" path="D:\projects\forYndex\BurgerLast\stellar-burger-review\src\utils\burger-api.ts">
        <metrics statements="70" coveredstatements="26" conditionals="24" coveredconditionals="3" methods="34" coveredmethods="8"/>
        <line num="6" count="400" type="stmt"/>
        <line num="9" count="400" type="stmt"/>
        <line num="10" count="1618" type="cond" truecount="1" falsecount="1"/>
        <line num="26" count="400" type="stmt"/>
        <line num="27" count="0" type="stmt"/>
        <line num="36" count="0" type="stmt"/>
        <line num="38" count="0" type="cond" truecount="0" falsecount="2"/>
        <line num="39" count="0" type="stmt"/>
        <line num="42" count="0" type="stmt"/>
        <line num="43" count="0" type="stmt"/>
        <line num="44" count="0" type="stmt"/>
        <line num="50" count="400" type="stmt"/>
        <line num="54" count="818" type="stmt"/>
        <line num="55" count="818" type="stmt"/>
        <line num="56" count="818" type="stmt"/>
        <line num="59" count="0" type="cond" truecount="0" falsecount="2"/>
        <line num="60" count="0" type="stmt"/>
        <line num="62" count="0" type="cond" truecount="0" falsecount="2"/>
        <line num="63" count="0" type="stmt"/>
        <line num="66" count="0" type="stmt"/>
        <line num="67" count="0" type="stmt"/>
        <line num="69" count="0" type="stmt"/>
        <line num="94" count="400" type="stmt"/>
        <line num="95" count="800" type="stmt"/>
        <line num="96" count="800" type="stmt"/>
        <line num="98" count="800" type="cond" truecount="1" falsecount="1"/>
        <line num="99" count="0" type="stmt"/>
        <line num="105" count="400" type="stmt"/>
        <line num="106" count="0" type="stmt"/>
        <line num="107" count="0" type="stmt"/>
        <line num="109" count="0" type="cond" truecount="0" falsecount="2"/>
        <line num="110" count="0" type="stmt"/>
        <line num="116" count="400" type="stmt"/>
        <line num="117" count="0" type="stmt"/>
        <line num="124" count="0" type="cond" truecount="0" falsecount="2"/>
        <line num="125" count="0" type="stmt"/>
        <line num="137" count="400" type="stmt"/>
        <line num="138" count="18" type="stmt"/>
        <line num="148" count="18" type="cond" truecount="1" falsecount="1"/>
        <line num="149" count="0" type="stmt"/>
        <line num="160" count="400" type="stmt"/>
        <line num="161" count="0" type="stmt"/>
        <line num="166" count="0" type="stmt"/>
        <line num="184" count="400" type="stmt"/>
        <line num="185" count="0" type="stmt"/>
        <line num="192" count="0" type="stmt"/>
        <line num="194" count="0" type="cond" truecount="0" falsecount="2"/>
        <line num="195" count="0" type="stmt"/>
        <line num="206" count="400" type="stmt"/>
        <line num="207" count="0" type="stmt"/>
        <line num="214" count="0" type="stmt"/>
        <line num="216" count="0" type="cond" truecount="0" falsecount="2"/>
        <line num="217" count="0" type="stmt"/>
        <line num="223" count="400" type="stmt"/>
        <line num="224" count="0" type="stmt"/>
        <line num="231" count="0" type="stmt"/>
        <line num="233" count="0" type="cond" truecount="0" falsecount="2"/>
        <line num="234" count="0" type="stmt"/>
        <line num="240" count="400" type="stmt"/>
        <line num="241" count="0" type="stmt"/>
        <line num="248" count="0" type="stmt"/>
        <line num="250" count="0" type="cond" truecount="0" falsecount="2"/>
        <line num="251" count="0" type="stmt"/>
        <line num="260" count="400" type="stmt"/>
        <line num="261" count="800" type="stmt"/>
        <line num="270" count="400" type="stmt"/>
        <line num="271" count="0" type="stmt"/>
        <line num="283" count="400" type="stmt"/>
        <line num="284" count="0" type="stmt"/>
        <line num="292" count="0" type="stmt"/>
      </file>
      <file name="cookie.ts" path="D:\projects\forYndex\BurgerLast\stellar-burger-review\src\utils\cookie.ts">
        <metrics statements="19" coveredstatements="2" conditionals="13" coveredconditionals="2" methods="3" coveredmethods="1"/>
        <line num="2" count="818" type="stmt"/>
        <line num="10" count="818" type="cond" truecount="2" falsecount="0"/>
        <line num="18" count="0" type="stmt"/>
        <line num="23" count="0" type="stmt"/>
        <line num="24" count="0" type="cond" truecount="0" falsecount="4"/>
        <line num="25" count="0" type="stmt"/>
        <line num="26" count="0" type="stmt"/>
        <line num="27" count="0" type="stmt"/>
        <line num="30" count="0" type="cond" truecount="0" falsecount="4"/>
        <line num="31" count="0" type="stmt"/>
        <line num="33" count="0" type="stmt"/>
        <line num="34" count="0" type="stmt"/>
        <line num="35" count="0" type="stmt"/>
        <line num="36" count="0" type="stmt"/>
        <line num="37" count="0" type="stmt"/>
        <line num="38" count="0" type="cond" truecount="0" falsecount="2"/>
        <line num="39" count="0" type="stmt"/>
        <line num="42" count="0" type="stmt"/>
        <line num="46" count="0" type="stmt"/>
      </file>
    </package>
  </project>
</coverage>
