{"D:\\projects\\forYndex\\BurgerLast\\stellar-burger-review\\src\\index.tsx": {"path":"D:\\projects\\forYndex\\BurgerLast\\stellar-burger-review\\src\\index.tsx","statementMap":{"0":{"start":{"line":8,"column":18},"end":{"line":8,"column":64}},"1":{"start":{"line":9,"column":13},"end":{"line":9,"column":50}},"2":{"start":{"line":11,"column":0},"end":{"line":19,"column":2}}},"fnMap":{},"branchMap":{},"s":{"0":140,"1":140,"2":140},"f":{},"b":{},"_coverageSchema":"1a1c01bbd47fc00a2c39e90264f33305004495a9","hash":"2b97efb3c4b6cf05a79a0ff2fd72f43bdf646a69"}
,"D:\\projects\\forYndex\\BurgerLast\\stellar-burger-review\\src\\components\\index.ts": {"path":"D:\\projects\\forYndex\\BurgerLast\\stellar-burger-review\\src\\components\\index.ts","statementMap":{},"fnMap":{},"branchMap":{},"s":{},"f":{},"b":{},"_coverageSchema":"1a1c01bbd47fc00a2c39e90264f33305004495a9","hash":"b6141cdb91ae8d5c63500438905b57cd92c60fb2"}
,"D:\\projects\\forYndex\\BurgerLast\\stellar-burger-review\\src\\components\\app\\app.tsx": {"path":"D:\\projects\\forYndex\\BurgerLast\\stellar-burger-review\\src\\components\\app\\app.tsx","statementMap":{"0":{"start":{"line":24,"column":12},"end":{"line":125,"column":1}},"1":{"start":{"line":25,"column":19},"end":{"line":25,"column":32}},"2":{"start":{"line":26,"column":19},"end":{"line":26,"column":32}},"3":{"start":{"line":27,"column":21},"end":{"line":27,"column":47}},"4":{"start":{"line":29,"column":2},"end":{"line":32,"column":17}},"5":{"start":{"line":30,"column":4},"end":{"line":30,"column":24}},"6":{"start":{"line":31,"column":4},"end":{"line":31,"column":31}},"7":{"start":{"line":34,"column":2},"end":{"line":124,"column":4}},"8":{"start":{"line":85,"column":18},"end":{"line":85,"column":33}},"9":{"start":{"line":99,"column":18},"end":{"line":99,"column":33}},"10":{"start":{"line":113,"column":20},"end":{"line":113,"column":35}}},"fnMap":{"0":{"name":"(anonymous_0)","decl":{"start":{"line":24,"column":12},"end":{"line":24,"column":13}},"loc":{"start":{"line":24,"column":18},"end":{"line":125,"column":1}},"line":24},"1":{"name":"(anonymous_1)","decl":{"start":{"line":29,"column":12},"end":{"line":29,"column":13}},"loc":{"start":{"line":29,"column":18},"end":{"line":32,"column":3}},"line":29},"2":{"name":"(anonymous_2)","decl":{"start":{"line":84,"column":25},"end":{"line":84,"column":26}},"loc":{"start":{"line":84,"column":31},"end":{"line":86,"column":17}},"line":84},"3":{"name":"(anonymous_3)","decl":{"start":{"line":98,"column":25},"end":{"line":98,"column":26}},"loc":{"start":{"line":98,"column":31},"end":{"line":100,"column":17}},"line":98},"4":{"name":"(anonymous_4)","decl":{"start":{"line":112,"column":27},"end":{"line":112,"column":28}},"loc":{"start":{"line":112,"column":33},"end":{"line":114,"column":19}},"line":112}},"branchMap":{"0":{"loc":{"start":{"line":37,"column":24},"end":{"line":37,"column":46}},"type":"binary-expr","locations":[{"start":{"line":37,"column":24},"end":{"line":37,"column":34}},{"start":{"line":37,"column":38},"end":{"line":37,"column":46}}],"line":37},"1":{"loc":{"start":{"line":77,"column":7},"end":{"line":122,"column":7}},"type":"binary-expr","locations":[{"start":{"line":77,"column":7},"end":{"line":77,"column":17}},{"start":{"line":78,"column":8},"end":{"line":121,"column":17}}],"line":77}},"s":{"0":140,"1":378,"2":378,"3":378,"4":378,"5":280,"6":280,"7":378,"8":21,"9":0,"10":0},"f":{"0":378,"1":280,"2":21,"3":0,"4":0},"b":{"0":[378,322],"1":[378,56]},"_coverageSchema":"1a1c01bbd47fc00a2c39e90264f33305004495a9","hash":"c7a9dee62a56ef5c4bef71ec50debd80bd271673"}
,"D:\\projects\\forYndex\\BurgerLast\\stellar-burger-review\\src\\components\\app-header\\app-header.tsx": {"path":"D:\\projects\\forYndex\\BurgerLast\\stellar-burger-review\\src\\components\\app-header\\app-header.tsx","statementMap":{"0":{"start":{"line":6,"column":29},"end":{"line":9,"column":1}},"1":{"start":{"line":7,"column":15},"end":{"line":7,"column":49}},"2":{"start":{"line":8,"column":2},"end":{"line":8,"column":53}}},"fnMap":{"0":{"name":"(anonymous_0)","decl":{"start":{"line":6,"column":29},"end":{"line":6,"column":30}},"loc":{"start":{"line":6,"column":35},"end":{"line":9,"column":1}},"line":6}},"branchMap":{"0":{"loc":{"start":{"line":8,"column":32},"end":{"line":8,"column":48}},"type":"binary-expr","locations":[{"start":{"line":8,"column":32},"end":{"line":8,"column":42}},{"start":{"line":8,"column":46},"end":{"line":8,"column":48}}],"line":8}},"s":{"0":140,"1":1218,"2":1218},"f":{"0":1218},"b":{"0":[1218,560]},"_coverageSchema":"1a1c01bbd47fc00a2c39e90264f33305004495a9","hash":"4865ac9e267b5eb507be55b2dbe34d0d6f191bd4"}
,"D:\\projects\\forYndex\\BurgerLast\\stellar-burger-review\\src\\components\\app-header\\index.ts": {"path":"D:\\projects\\forYndex\\BurgerLast\\stellar-burger-review\\src\\components\\app-header\\index.ts","statementMap":{},"fnMap":{},"branchMap":{},"s":{},"f":{},"b":{},"_coverageSchema":"1a1c01bbd47fc00a2c39e90264f33305004495a9","hash":"1dc7a60831f1f9211f414b3d88d48d70a7eccb9d"}
,"D:\\projects\\forYndex\\BurgerLast\\stellar-burger-review\\src\\components\\burger-constructor\\burger-constructor.tsx": {"path":"D:\\projects\\forYndex\\BurgerLast\\stellar-burger-review\\src\\components\\burger-constructor\\burger-constructor.tsx","statementMap":{"0":{"start":{"line":14,"column":37},"end":{"line":66,"column":1}},"1":{"start":{"line":15,"column":19},"end":{"line":15,"column":32}},"2":{"start":{"line":17,"column":4},"end":{"line":17,"column":36}},"3":{"start":{"line":18,"column":15},"end":{"line":18,"column":56}},"4":{"start":{"line":20,"column":19},"end":{"line":20,"column":32}},"5":{"start":{"line":22,"column":22},"end":{"line":22,"column":24}},"6":{"start":{"line":23,"column":39},"end":{"line":25,"column":3}},"7":{"start":{"line":24,"column":11},"end":{"line":24,"column":16}},"8":{"start":{"line":26,"column":2},"end":{"line":29,"column":3}},"9":{"start":{"line":27,"column":16},"end":{"line":27,"column":41}},"10":{"start":{"line":28,"column":4},"end":{"line":28,"column":37}},"11":{"start":{"line":31,"column":23},"end":{"line":40,"column":3}},"12":{"start":{"line":32,"column":4},"end":{"line":39,"column":5}},"13":{"start":{"line":33,"column":6},"end":{"line":33,"column":33}},"14":{"start":{"line":34,"column":6},"end":{"line":34,"column":33}},"15":{"start":{"line":35,"column":11},"end":{"line":39,"column":5}},"16":{"start":{"line":36,"column":6},"end":{"line":36,"column":13}},"17":{"start":{"line":37,"column":11},"end":{"line":39,"column":5}},"18":{"start":{"line":38,"column":6},"end":{"line":38,"column":25}},"19":{"start":{"line":41,"column":26},"end":{"line":44,"column":3}},"20":{"start":{"line":42,"column":4},"end":{"line":42,"column":32}},"21":{"start":{"line":43,"column":4},"end":{"line":43,"column":27}},"22":{"start":{"line":46,"column":16},"end":{"line":54,"column":3}},"23":{"start":{"line":48,"column":6},"end":{"line":52,"column":7}},"24":{"start":{"line":50,"column":50},"end":{"line":50,"column":61}},"25":{"start":{"line":56,"column":2},"end":{"line":65,"column":4}}},"fnMap":{"0":{"name":"(anonymous_0)","decl":{"start":{"line":14,"column":37},"end":{"line":14,"column":38}},"loc":{"start":{"line":14,"column":43},"end":{"line":66,"column":1}},"line":14},"1":{"name":"(anonymous_1)","decl":{"start":{"line":24,"column":4},"end":{"line":24,"column":5}},"loc":{"start":{"line":24,"column":11},"end":{"line":24,"column":16}},"line":24},"2":{"name":"(anonymous_2)","decl":{"start":{"line":31,"column":23},"end":{"line":31,"column":24}},"loc":{"start":{"line":31,"column":29},"end":{"line":40,"column":3}},"line":31},"3":{"name":"(anonymous_3)","decl":{"start":{"line":41,"column":26},"end":{"line":41,"column":27}},"loc":{"start":{"line":41,"column":32},"end":{"line":44,"column":3}},"line":41},"4":{"name":"(anonymous_4)","decl":{"start":{"line":47,"column":4},"end":{"line":47,"column":5}},"loc":{"start":{"line":48,"column":6},"end":{"line":52,"column":7}},"line":48},"5":{"name":"(anonymous_5)","decl":{"start":{"line":50,"column":8},"end":{"line":50,"column":9}},"loc":{"start":{"line":50,"column":50},"end":{"line":50,"column":61}},"line":50}},"branchMap":{"0":{"loc":{"start":{"line":26,"column":2},"end":{"line":29,"column":3}},"type":"if","locations":[{"start":{"line":26,"column":2},"end":{"line":29,"column":3}},{"start":{},"end":{}}],"line":26},"1":{"loc":{"start":{"line":32,"column":4},"end":{"line":39,"column":5}},"type":"if","locations":[{"start":{"line":32,"column":4},"end":{"line":39,"column":5}},{"start":{"line":35,"column":11},"end":{"line":39,"column":5}}],"line":32},"2":{"loc":{"start":{"line":32,"column":8},"end":{"line":32,"column":36}},"type":"binary-expr","locations":[{"start":{"line":32,"column":8},"end":{"line":32,"column":12}},{"start":{"line":32,"column":16},"end":{"line":32,"column":36}}],"line":32},"3":{"loc":{"start":{"line":35,"column":11},"end":{"line":39,"column":5}},"type":"if","locations":[{"start":{"line":35,"column":11},"end":{"line":39,"column":5}},{"start":{"line":37,"column":11},"end":{"line":39,"column":5}}],"line":35},"4":{"loc":{"start":{"line":35,"column":15},"end":{"line":35,"column":44}},"type":"binary-expr","locations":[{"start":{"line":35,"column":15},"end":{"line":35,"column":19}},{"start":{"line":35,"column":23},"end":{"line":35,"column":44}}],"line":35},"5":{"loc":{"start":{"line":37,"column":11},"end":{"line":39,"column":5}},"type":"if","locations":[{"start":{"line":37,"column":11},"end":{"line":39,"column":5}},{"start":{},"end":{}}],"line":37},"6":{"loc":{"start":{"line":48,"column":7},"end":{"line":48,"column":64}},"type":"cond-expr","locations":[{"start":{"line":48,"column":30},"end":{"line":48,"column":60}},{"start":{"line":48,"column":63},"end":{"line":48,"column":64}}],"line":48}},"s":{"0":140,"1":1622,"2":1622,"3":1622,"4":1622,"5":1622,"6":1622,"7":112,"8":1622,"9":154,"10":154,"11":1622,"12":7,"13":7,"14":7,"15":0,"16":0,"17":0,"18":0,"19":1622,"20":0,"21":0,"22":1622,"23":742,"24":98,"25":1622},"f":{"0":1622,"1":112,"2":7,"3":0,"4":742,"5":98},"b":{"0":[154,1468],"1":[7,0],"2":[7,7],"3":[0,0],"4":[0,0],"5":[0,0],"6":[140,602]},"_coverageSchema":"1a1c01bbd47fc00a2c39e90264f33305004495a9","hash":"5fc1fd3398edada57234ac42df8d23e62e5f8e95"}
,"D:\\projects\\forYndex\\BurgerLast\\stellar-burger-review\\src\\components\\burger-constructor\\index.ts": {"path":"D:\\projects\\forYndex\\BurgerLast\\stellar-burger-review\\src\\components\\burger-constructor\\index.ts","statementMap":{},"fnMap":{},"branchMap":{},"s":{},"f":{},"b":{},"_coverageSchema":"1a1c01bbd47fc00a2c39e90264f33305004495a9","hash":"37cc5863db7241846abad08a69e3612c57a0c1ba"}
,"D:\\projects\\forYndex\\BurgerLast\\stellar-burger-review\\src\\components\\burger-constructor-element\\burger-constructor-element.tsx": {"path":"D:\\projects\\forYndex\\BurgerLast\\stellar-burger-review\\src\\components\\burger-constructor-element\\burger-constructor-element.tsx","statementMap":{"0":{"start":{"line":11,"column":75},"end":{"line":38,"column":1}},"1":{"start":{"line":13,"column":21},"end":{"line":13,"column":34}},"2":{"start":{"line":15,"column":27},"end":{"line":17,"column":5}},"3":{"start":{"line":16,"column":6},"end":{"line":16,"column":42}},"4":{"start":{"line":19,"column":25},"end":{"line":21,"column":5}},"5":{"start":{"line":20,"column":6},"end":{"line":20,"column":40}},"6":{"start":{"line":23,"column":24},"end":{"line":25,"column":5}},"7":{"start":{"line":24,"column":6},"end":{"line":24,"column":48}},"8":{"start":{"line":27,"column":4},"end":{"line":36,"column":6}}},"fnMap":{"0":{"name":"(anonymous_0)","decl":{"start":{"line":12,"column":2},"end":{"line":12,"column":3}},"loc":{"start":{"line":12,"column":41},"end":{"line":37,"column":3}},"line":12},"1":{"name":"(anonymous_1)","decl":{"start":{"line":15,"column":27},"end":{"line":15,"column":28}},"loc":{"start":{"line":15,"column":33},"end":{"line":17,"column":5}},"line":15},"2":{"name":"(anonymous_2)","decl":{"start":{"line":19,"column":25},"end":{"line":19,"column":26}},"loc":{"start":{"line":19,"column":31},"end":{"line":21,"column":5}},"line":19},"3":{"name":"(anonymous_3)","decl":{"start":{"line":23,"column":24},"end":{"line":23,"column":25}},"loc":{"start":{"line":23,"column":30},"end":{"line":25,"column":5}},"line":23}},"branchMap":{},"s":{"0":140,"1":70,"2":70,"3":0,"4":70,"5":0,"6":70,"7":0,"8":70},"f":{"0":70,"1":0,"2":0,"3":0},"b":{},"_coverageSchema":"1a1c01bbd47fc00a2c39e90264f33305004495a9","hash":"74386a26c879468b7552926c9b9eaf0c00a8bb4e"}
,"D:\\projects\\forYndex\\BurgerLast\\stellar-burger-review\\src\\components\\burger-constructor-element\\index.ts": {"path":"D:\\projects\\forYndex\\BurgerLast\\stellar-burger-review\\src\\components\\burger-constructor-element\\index.ts","statementMap":{},"fnMap":{},"branchMap":{},"s":{},"f":{},"b":{},"_coverageSchema":"1a1c01bbd47fc00a2c39e90264f33305004495a9","hash":"81c5f69103a8fcfd93f4d7d332fbf50c866b9071"}
,"D:\\projects\\forYndex\\BurgerLast\\stellar-burger-review\\src\\components\\burger-ingredient\\burger-ingredient.tsx": {"path":"D:\\projects\\forYndex\\BurgerLast\\stellar-burger-review\\src\\components\\burger-ingredient\\burger-ingredient.tsx","statementMap":{"0":{"start":{"line":8,"column":60},"end":{"line":26,"column":1}},"1":{"start":{"line":10,"column":21},"end":{"line":10,"column":34}},"2":{"start":{"line":11,"column":21},"end":{"line":11,"column":34}},"3":{"start":{"line":13,"column":22},"end":{"line":15,"column":5}},"4":{"start":{"line":14,"column":6},"end":{"line":14,"column":42}},"5":{"start":{"line":17,"column":4},"end":{"line":24,"column":6}}},"fnMap":{"0":{"name":"(anonymous_0)","decl":{"start":{"line":9,"column":2},"end":{"line":9,"column":3}},"loc":{"start":{"line":9,"column":29},"end":{"line":25,"column":3}},"line":9},"1":{"name":"(anonymous_1)","decl":{"start":{"line":13,"column":22},"end":{"line":13,"column":23}},"loc":{"start":{"line":13,"column":28},"end":{"line":15,"column":5}},"line":13}},"branchMap":{},"s":{"0":140,"1":10094,"2":10094,"3":10094,"4":84,"5":10094},"f":{"0":10094,"1":84},"b":{},"_coverageSchema":"1a1c01bbd47fc00a2c39e90264f33305004495a9","hash":"7bf110a480914f46630ce1e62ccba46917c40df2"}
,"D:\\projects\\forYndex\\BurgerLast\\stellar-burger-review\\src\\components\\burger-ingredient\\index.ts": {"path":"D:\\projects\\forYndex\\BurgerLast\\stellar-burger-review\\src\\components\\burger-ingredient\\index.ts","statementMap":{},"fnMap":{},"branchMap":{},"s":{},"f":{},"b":{},"_coverageSchema":"1a1c01bbd47fc00a2c39e90264f33305004495a9","hash":"0d2044bcc713195ba61851560f3e6ef2cdde2c77"}
,"D:\\projects\\forYndex\\BurgerLast\\stellar-burger-review\\src\\components\\burger-ingredients\\burger-ingredients.tsx": {"path":"D:\\projects\\forYndex\\BurgerLast\\stellar-burger-review\\src\\components\\burger-ingredients\\burger-ingredients.tsx","statementMap":{"0":{"start":{"line":8,"column":37},"end":{"line":67,"column":1}},"1":{"start":{"line":9,"column":26},"end":{"line":9,"column":57}},"2":{"start":{"line":11,"column":15},"end":{"line":11,"column":58}},"3":{"start":{"line":11,"column":41},"end":{"line":11,"column":57}},"4":{"start":{"line":12,"column":16},"end":{"line":12,"column":60}},"5":{"start":{"line":12,"column":42},"end":{"line":12,"column":59}},"6":{"start":{"line":13,"column":17},"end":{"line":13,"column":62}},"7":{"start":{"line":13,"column":43},"end":{"line":13,"column":61}},"8":{"start":{"line":15,"column":38},"end":{"line":15,"column":63}},"9":{"start":{"line":16,"column":22},"end":{"line":16,"column":54}},"10":{"start":{"line":17,"column":23},"end":{"line":17,"column":55}},"11":{"start":{"line":18,"column":25},"end":{"line":18,"column":57}},"12":{"start":{"line":20,"column":32},"end":{"line":22,"column":4}},"13":{"start":{"line":24,"column":36},"end":{"line":26,"column":4}},"14":{"start":{"line":28,"column":36},"end":{"line":30,"column":4}},"15":{"start":{"line":32,"column":2},"end":{"line":40,"column":48}},"16":{"start":{"line":33,"column":4},"end":{"line":39,"column":5}},"17":{"start":{"line":34,"column":6},"end":{"line":34,"column":27}},"18":{"start":{"line":35,"column":11},"end":{"line":39,"column":5}},"19":{"start":{"line":36,"column":6},"end":{"line":36,"column":29}},"20":{"start":{"line":37,"column":11},"end":{"line":39,"column":5}},"21":{"start":{"line":38,"column":6},"end":{"line":38,"column":28}},"22":{"start":{"line":42,"column":21},"end":{"line":50,"column":3}},"23":{"start":{"line":43,"column":4},"end":{"line":43,"column":35}},"24":{"start":{"line":44,"column":4},"end":{"line":45,"column":66}},"25":{"start":{"line":45,"column":6},"end":{"line":45,"column":66}},"26":{"start":{"line":46,"column":4},"end":{"line":47,"column":67}},"27":{"start":{"line":47,"column":6},"end":{"line":47,"column":67}},"28":{"start":{"line":48,"column":4},"end":{"line":49,"column":69}},"29":{"start":{"line":49,"column":6},"end":{"line":49,"column":69}},"30":{"start":{"line":52,"column":2},"end":{"line":66,"column":4}}},"fnMap":{"0":{"name":"(anonymous_0)","decl":{"start":{"line":8,"column":37},"end":{"line":8,"column":38}},"loc":{"start":{"line":8,"column":43},"end":{"line":67,"column":1}},"line":8},"1":{"name":"(anonymous_1)","decl":{"start":{"line":11,"column":34},"end":{"line":11,"column":35}},"loc":{"start":{"line":11,"column":41},"end":{"line":11,"column":57}},"line":11},"2":{"name":"(anonymous_2)","decl":{"start":{"line":12,"column":35},"end":{"line":12,"column":36}},"loc":{"start":{"line":12,"column":42},"end":{"line":12,"column":59}},"line":12},"3":{"name":"(anonymous_3)","decl":{"start":{"line":13,"column":36},"end":{"line":13,"column":37}},"loc":{"start":{"line":13,"column":43},"end":{"line":13,"column":61}},"line":13},"4":{"name":"(anonymous_4)","decl":{"start":{"line":32,"column":12},"end":{"line":32,"column":13}},"loc":{"start":{"line":32,"column":18},"end":{"line":40,"column":3}},"line":32},"5":{"name":"(anonymous_5)","decl":{"start":{"line":42,"column":21},"end":{"line":42,"column":22}},"loc":{"start":{"line":42,"column":38},"end":{"line":50,"column":3}},"line":42}},"branchMap":{"0":{"loc":{"start":{"line":33,"column":4},"end":{"line":39,"column":5}},"type":"if","locations":[{"start":{"line":33,"column":4},"end":{"line":39,"column":5}},{"start":{"line":35,"column":11},"end":{"line":39,"column":5}}],"line":33},"1":{"loc":{"start":{"line":35,"column":11},"end":{"line":39,"column":5}},"type":"if","locations":[{"start":{"line":35,"column":11},"end":{"line":39,"column":5}},{"start":{"line":37,"column":11},"end":{"line":39,"column":5}}],"line":35},"2":{"loc":{"start":{"line":37,"column":11},"end":{"line":39,"column":5}},"type":"if","locations":[{"start":{"line":37,"column":11},"end":{"line":39,"column":5}},{"start":{},"end":{}}],"line":37},"3":{"loc":{"start":{"line":44,"column":4},"end":{"line":45,"column":66}},"type":"if","locations":[{"start":{"line":44,"column":4},"end":{"line":45,"column":66}},{"start":{},"end":{}}],"line":44},"4":{"loc":{"start":{"line":46,"column":4},"end":{"line":47,"column":67}},"type":"if","locations":[{"start":{"line":46,"column":4},"end":{"line":47,"column":67}},{"start":{},"end":{}}],"line":46},"5":{"loc":{"start":{"line":48,"column":4},"end":{"line":49,"column":69}},"type":"if","locations":[{"start":{"line":48,"column":4},"end":{"line":49,"column":69}},{"start":{},"end":{}}],"line":48}},"s":{"0":140,"1":1818,"2":1818,"3":23070,"4":1818,"5":23070,"6":1818,"7":23070,"8":1818,"9":1818,"10":1818,"11":1818,"12":1818,"13":1818,"14":1818,"15":1818,"16":675,"17":61,"18":614,"19":0,"20":614,"21":54,"22":1818,"23":0,"24":0,"25":0,"26":0,"27":0,"28":0,"29":0,"30":1818},"f":{"0":1818,"1":23070,"2":23070,"3":23070,"4":675,"5":0},"b":{"0":[61,614],"1":[0,614],"2":[54,560],"3":[0,0],"4":[0,0],"5":[0,0]},"_coverageSchema":"1a1c01bbd47fc00a2c39e90264f33305004495a9","hash":"0abe6645ebb62a62d8a004e22ec2e600371a6a73"}
,"D:\\projects\\forYndex\\BurgerLast\\stellar-burger-review\\src\\components\\burger-ingredients\\index.ts": {"path":"D:\\projects\\forYndex\\BurgerLast\\stellar-burger-review\\src\\components\\burger-ingredients\\index.ts","statementMap":{},"fnMap":{},"branchMap":{},"s":{},"f":{},"b":{},"_coverageSchema":"1a1c01bbd47fc00a2c39e90264f33305004495a9","hash":"ac44691d0c255b28ae00810b89eb26c5c17e29cb"}
,"D:\\projects\\forYndex\\BurgerLast\\stellar-burger-review\\src\\components\\centering-component\\centering-component.tsx": {"path":"D:\\projects\\forYndex\\BurgerLast\\stellar-burger-review\\src\\components\\centering-component\\centering-component.tsx","statementMap":{"0":{"start":{"line":6,"column":50},"end":{"line":27,"column":1}},"1":{"start":{"line":8,"column":21},"end":{"line":8,"column":34}},"2":{"start":{"line":9,"column":40},"end":{"line":9,"column":72}},"3":{"start":{"line":11,"column":4},"end":{"line":15,"column":11}},"4":{"start":{"line":12,"column":6},"end":{"line":14,"column":7}},"5":{"start":{"line":13,"column":8},"end":{"line":13,"column":50}},"6":{"start":{"line":17,"column":4},"end":{"line":25,"column":6}}},"fnMap":{"0":{"name":"(anonymous_0)","decl":{"start":{"line":7,"column":2},"end":{"line":7,"column":3}},"loc":{"start":{"line":7,"column":27},"end":{"line":26,"column":3}},"line":7},"1":{"name":"(anonymous_1)","decl":{"start":{"line":11,"column":14},"end":{"line":11,"column":15}},"loc":{"start":{"line":11,"column":20},"end":{"line":15,"column":5}},"line":11}},"branchMap":{"0":{"loc":{"start":{"line":12,"column":6},"end":{"line":14,"column":7}},"type":"if","locations":[{"start":{"line":12,"column":6},"end":{"line":14,"column":7}},{"start":{},"end":{}}],"line":12}},"s":{"0":140,"1":0,"2":0,"3":0,"4":0,"5":0,"6":0},"f":{"0":0,"1":0},"b":{"0":[0,0]},"_coverageSchema":"1a1c01bbd47fc00a2c39e90264f33305004495a9","hash":"5f9fb6dfc5e99a6e7d811c77dc12816f3e30b1a9"}
,"D:\\projects\\forYndex\\BurgerLast\\stellar-burger-review\\src\\components\\feed-info\\feed-info.tsx": {"path":"D:\\projects\\forYndex\\BurgerLast\\stellar-burger-review\\src\\components\\feed-info\\feed-info.tsx","statementMap":{"0":{"start":{"line":7,"column":18},"end":{"line":11,"column":17}},"1":{"start":{"line":8,"column":2},"end":{"line":11,"column":17}},"2":{"start":{"line":9,"column":22},"end":{"line":9,"column":44}},"3":{"start":{"line":10,"column":19},"end":{"line":10,"column":30}},"4":{"start":{"line":13,"column":28},"end":{"line":29,"column":1}},"5":{"start":{"line":14,"column":44},"end":{"line":14,"column":69}},"6":{"start":{"line":16,"column":15},"end":{"line":16,"column":48}},"7":{"start":{"line":18,"column":22},"end":{"line":18,"column":46}},"8":{"start":{"line":20,"column":24},"end":{"line":20,"column":51}},"9":{"start":{"line":22,"column":2},"end":{"line":28,"column":4}}},"fnMap":{"0":{"name":"(anonymous_0)","decl":{"start":{"line":7,"column":18},"end":{"line":7,"column":19}},"loc":{"start":{"line":8,"column":2},"end":{"line":11,"column":17}},"line":8},"1":{"name":"(anonymous_1)","decl":{"start":{"line":9,"column":12},"end":{"line":9,"column":13}},"loc":{"start":{"line":9,"column":22},"end":{"line":9,"column":44}},"line":9},"2":{"name":"(anonymous_2)","decl":{"start":{"line":10,"column":9},"end":{"line":10,"column":10}},"loc":{"start":{"line":10,"column":19},"end":{"line":10,"column":30}},"line":10},"3":{"name":"(anonymous_3)","decl":{"start":{"line":13,"column":28},"end":{"line":13,"column":29}},"loc":{"start":{"line":13,"column":34},"end":{"line":29,"column":1}},"line":13}},"branchMap":{},"s":{"0":140,"1":0,"2":0,"3":0,"4":140,"5":0,"6":0,"7":0,"8":0,"9":0},"f":{"0":0,"1":0,"2":0,"3":0},"b":{},"_coverageSchema":"1a1c01bbd47fc00a2c39e90264f33305004495a9","hash":"71bdc57e92b84e9d27584b7b6c386ccf4be64398"}
,"D:\\projects\\forYndex\\BurgerLast\\stellar-burger-review\\src\\components\\feed-info\\index.ts": {"path":"D:\\projects\\forYndex\\BurgerLast\\stellar-burger-review\\src\\components\\feed-info\\index.ts","statementMap":{},"fnMap":{},"branchMap":{},"s":{},"f":{},"b":{},"_coverageSchema":"1a1c01bbd47fc00a2c39e90264f33305004495a9","hash":"261616dd4dcc909f240e98ce9d7b381a56412f16"}
,"D:\\projects\\forYndex\\BurgerLast\\stellar-burger-review\\src\\components\\ingredient-details\\index.ts": {"path":"D:\\projects\\forYndex\\BurgerLast\\stellar-burger-review\\src\\components\\ingredient-details\\index.ts","statementMap":{},"fnMap":{},"branchMap":{},"s":{},"f":{},"b":{},"_coverageSchema":"1a1c01bbd47fc00a2c39e90264f33305004495a9","hash":"dad491faa063fab25fae2742641efacc93cc04c3"}
,"D:\\projects\\forYndex\\BurgerLast\\stellar-burger-review\\src\\components\\ingredient-details\\ingredient-details.tsx": {"path":"D:\\projects\\forYndex\\BurgerLast\\stellar-burger-review\\src\\components\\ingredient-details\\ingredient-details.tsx","statementMap":{"0":{"start":{"line":8,"column":37},"end":{"line":23,"column":1}},"1":{"start":{"line":9,"column":26},"end":{"line":9,"column":57}},"2":{"start":{"line":10,"column":17},"end":{"line":10,"column":36}},"3":{"start":{"line":12,"column":25},"end":{"line":16,"column":4}},"4":{"start":{"line":13,"column":4},"end":{"line":15,"column":5}},"5":{"start":{"line":14,"column":6},"end":{"line":14,"column":15}},"6":{"start":{"line":18,"column":2},"end":{"line":20,"column":3}},"7":{"start":{"line":19,"column":4},"end":{"line":19,"column":25}},"8":{"start":{"line":22,"column":2},"end":{"line":22,"column":65}}},"fnMap":{"0":{"name":"(anonymous_0)","decl":{"start":{"line":8,"column":37},"end":{"line":8,"column":38}},"loc":{"start":{"line":8,"column":43},"end":{"line":23,"column":1}},"line":8},"1":{"name":"(anonymous_1)","decl":{"start":{"line":12,"column":42},"end":{"line":12,"column":43}},"loc":{"start":{"line":12,"column":49},"end":{"line":16,"column":3}},"line":12}},"branchMap":{"0":{"loc":{"start":{"line":13,"column":4},"end":{"line":15,"column":5}},"type":"if","locations":[{"start":{"line":13,"column":4},"end":{"line":15,"column":5}},{"start":{},"end":{}}],"line":13},"1":{"loc":{"start":{"line":18,"column":2},"end":{"line":20,"column":3}},"type":"if","locations":[{"start":{"line":18,"column":2},"end":{"line":20,"column":3}},{"start":{},"end":{}}],"line":18}},"s":{"0":140,"1":56,"2":56,"3":56,"4":112,"5":56,"6":56,"7":0,"8":56},"f":{"0":56,"1":112},"b":{"0":[56,56],"1":[0,56]},"_coverageSchema":"1a1c01bbd47fc00a2c39e90264f33305004495a9","hash":"c9023be1f6baf12e0228ebae0aa9646811783e25"}
,"D:\\projects\\forYndex\\BurgerLast\\stellar-burger-review\\src\\components\\ingredients-category\\index.ts": {"path":"D:\\projects\\forYndex\\BurgerLast\\stellar-burger-review\\src\\components\\ingredients-category\\index.ts","statementMap":{},"fnMap":{},"branchMap":{},"s":{},"f":{},"b":{},"_coverageSchema":"1a1c01bbd47fc00a2c39e90264f33305004495a9","hash":"43879003298a505a681160977f5105b8120a7578"}
,"D:\\projects\\forYndex\\BurgerLast\\stellar-burger-review\\src\\components\\ingredients-category\\ingredients-category.tsx": {"path":"D:\\projects\\forYndex\\BurgerLast\\stellar-burger-review\\src\\components\\ingredients-category\\ingredients-category.tsx","statementMap":{"0":{"start":{"line":8,"column":35},"end":{"line":34,"column":2}},"1":{"start":{"line":12,"column":27},"end":{"line":12,"column":76}},"2":{"start":{"line":14,"column":30},"end":{"line":23,"column":24}},"3":{"start":{"line":15,"column":33},"end":{"line":15,"column":49}},"4":{"start":{"line":16,"column":48},"end":{"line":16,"column":50}},"5":{"start":{"line":17,"column":4},"end":{"line":20,"column":7}},"6":{"start":{"line":18,"column":6},"end":{"line":18,"column":66}},"7":{"start":{"line":18,"column":37},"end":{"line":18,"column":66}},"8":{"start":{"line":19,"column":6},"end":{"line":19,"column":33}},"9":{"start":{"line":21,"column":4},"end":{"line":21,"column":35}},"10":{"start":{"line":21,"column":13},"end":{"line":21,"column":35}},"11":{"start":{"line":22,"column":4},"end":{"line":22,"column":20}},"12":{"start":{"line":25,"column":2},"end":{"line":33,"column":4}}},"fnMap":{"0":{"name":"(anonymous_0)","decl":{"start":{"line":11,"column":2},"end":{"line":11,"column":3}},"loc":{"start":{"line":11,"column":45},"end":{"line":34,"column":1}},"line":11},"1":{"name":"(anonymous_1)","decl":{"start":{"line":14,"column":38},"end":{"line":14,"column":39}},"loc":{"start":{"line":14,"column":44},"end":{"line":23,"column":3}},"line":14},"2":{"name":"(anonymous_2)","decl":{"start":{"line":17,"column":24},"end":{"line":17,"column":25}},"loc":{"start":{"line":17,"column":53},"end":{"line":20,"column":5}},"line":17}},"branchMap":{"0":{"loc":{"start":{"line":18,"column":6},"end":{"line":18,"column":66}},"type":"if","locations":[{"start":{"line":18,"column":6},"end":{"line":18,"column":66}},{"start":{},"end":{}}],"line":18},"1":{"loc":{"start":{"line":21,"column":4},"end":{"line":21,"column":35}},"type":"if","locations":[{"start":{"line":21,"column":4},"end":{"line":21,"column":35}},{"start":{},"end":{}}],"line":21}},"s":{"0":140,"1":5760,"2":5760,"3":2226,"4":2226,"5":2226,"6":294,"7":294,"8":294,"9":2226,"10":420,"11":2226,"12":5760},"f":{"0":5760,"1":2226,"2":294},"b":{"0":[294,0],"1":[420,1806]},"_coverageSchema":"1a1c01bbd47fc00a2c39e90264f33305004495a9","hash":"4e099d82d41b1bd02c9f6475dc6246679c5586bc"}
,"D:\\projects\\forYndex\\BurgerLast\\stellar-burger-review\\src\\components\\modal\\index.ts": {"path":"D:\\projects\\forYndex\\BurgerLast\\stellar-burger-review\\src\\components\\modal\\index.ts","statementMap":{},"fnMap":{},"branchMap":{},"s":{},"f":{},"b":{},"_coverageSchema":"1a1c01bbd47fc00a2c39e90264f33305004495a9","hash":"a0634a343088bbf427f86bd9f2a4dcf91d27eca8"}
,"D:\\projects\\forYndex\\BurgerLast\\stellar-burger-review\\src\\components\\modal\\modal.tsx": {"path":"D:\\projects\\forYndex\\BurgerLast\\stellar-burger-review\\src\\components\\modal\\modal.tsx","statementMap":{"0":{"start":{"line":7,"column":18},"end":{"line":7,"column":51}},"1":{"start":{"line":9,"column":38},"end":{"line":27,"column":2}},"2":{"start":{"line":10,"column":2},"end":{"line":19,"column":16}},"3":{"start":{"line":11,"column":22},"end":{"line":13,"column":5}},"4":{"start":{"line":12,"column":6},"end":{"line":12,"column":38}},"5":{"start":{"line":15,"column":4},"end":{"line":15,"column":52}},"6":{"start":{"line":16,"column":4},"end":{"line":18,"column":6}},"7":{"start":{"line":17,"column":6},"end":{"line":17,"column":57}},"8":{"start":{"line":21,"column":2},"end":{"line":26,"column":4}}},"fnMap":{"0":{"name":"(anonymous_0)","decl":{"start":{"line":9,"column":43},"end":{"line":9,"column":44}},"loc":{"start":{"line":9,"column":77},"end":{"line":27,"column":1}},"line":9},"1":{"name":"(anonymous_1)","decl":{"start":{"line":10,"column":12},"end":{"line":10,"column":13}},"loc":{"start":{"line":10,"column":18},"end":{"line":19,"column":3}},"line":10},"2":{"name":"(anonymous_2)","decl":{"start":{"line":11,"column":22},"end":{"line":11,"column":23}},"loc":{"start":{"line":11,"column":44},"end":{"line":13,"column":5}},"line":11},"3":{"name":"(anonymous_3)","decl":{"start":{"line":16,"column":11},"end":{"line":16,"column":12}},"loc":{"start":{"line":16,"column":17},"end":{"line":18,"column":5}},"line":16}},"branchMap":{"0":{"loc":{"start":{"line":12,"column":6},"end":{"line":12,"column":37}},"type":"binary-expr","locations":[{"start":{"line":12,"column":6},"end":{"line":12,"column":24}},{"start":{"line":12,"column":28},"end":{"line":12,"column":37}}],"line":12}},"s":{"0":140,"1":140,"2":84,"3":84,"4":7,"5":84,"6":84,"7":70,"8":84},"f":{"0":84,"1":84,"2":7,"3":70},"b":{"0":[7,7]},"_coverageSchema":"1a1c01bbd47fc00a2c39e90264f33305004495a9","hash":"3562cb0df7a45ede7bbd197a59fc64f860030300"}
,"D:\\projects\\forYndex\\BurgerLast\\stellar-burger-review\\src\\components\\order-card\\index.ts": {"path":"D:\\projects\\forYndex\\BurgerLast\\stellar-burger-review\\src\\components\\order-card\\index.ts","statementMap":{},"fnMap":{},"branchMap":{},"s":{},"f":{},"b":{},"_coverageSchema":"1a1c01bbd47fc00a2c39e90264f33305004495a9","hash":"c6c2f7915f9a18277af12b25ce81fc6026a11674"}
,"D:\\projects\\forYndex\\BurgerLast\\stellar-burger-review\\src\\components\\order-card\\order-card.tsx": {"path":"D:\\projects\\forYndex\\BurgerLast\\stellar-burger-review\\src\\components\\order-card\\order-card.tsx","statementMap":{"0":{"start":{"line":9,"column":23},"end":{"line":9,"column":24}},"1":{"start":{"line":11,"column":45},"end":{"line":57,"column":2}},"2":{"start":{"line":12,"column":19},"end":{"line":12,"column":32}},"3":{"start":{"line":14,"column":26},"end":{"line":14,"column":57}},"4":{"start":{"line":16,"column":20},"end":{"line":46,"column":26}},"5":{"start":{"line":17,"column":4},"end":{"line":17,"column":41}},"6":{"start":{"line":17,"column":29},"end":{"line":17,"column":41}},"7":{"start":{"line":19,"column":28},"end":{"line":26,"column":5}},"8":{"start":{"line":21,"column":27},"end":{"line":21,"column":70}},"9":{"start":{"line":21,"column":53},"end":{"line":21,"column":69}},"10":{"start":{"line":22,"column":8},"end":{"line":22,"column":52}},"11":{"start":{"line":22,"column":24},"end":{"line":22,"column":52}},"12":{"start":{"line":23,"column":8},"end":{"line":23,"column":19}},"13":{"start":{"line":28,"column":18},"end":{"line":28,"column":76}},"14":{"start":{"line":28,"column":56},"end":{"line":28,"column":72}},"15":{"start":{"line":30,"column":30},"end":{"line":30,"column":70}},"16":{"start":{"line":33,"column":6},"end":{"line":35,"column":11}},"17":{"start":{"line":37,"column":17},"end":{"line":37,"column":42}},"18":{"start":{"line":38,"column":4},"end":{"line":45,"column":6}},"19":{"start":{"line":48,"column":2},"end":{"line":48,"column":30}},"20":{"start":{"line":48,"column":18},"end":{"line":48,"column":30}},"21":{"start":{"line":50,"column":2},"end":{"line":56,"column":4}}},"fnMap":{"0":{"name":"(anonymous_0)","decl":{"start":{"line":11,"column":50},"end":{"line":11,"column":51}},"loc":{"start":{"line":11,"column":65},"end":{"line":57,"column":1}},"line":11},"1":{"name":"(anonymous_1)","decl":{"start":{"line":16,"column":28},"end":{"line":16,"column":29}},"loc":{"start":{"line":16,"column":34},"end":{"line":46,"column":3}},"line":16},"2":{"name":"(anonymous_2)","decl":{"start":{"line":20,"column":6},"end":{"line":20,"column":7}},"loc":{"start":{"line":20,"column":44},"end":{"line":24,"column":7}},"line":20},"3":{"name":"(anonymous_3)","decl":{"start":{"line":21,"column":44},"end":{"line":21,"column":45}},"loc":{"start":{"line":21,"column":53},"end":{"line":21,"column":69}},"line":21},"4":{"name":"(anonymous_4)","decl":{"start":{"line":28,"column":41},"end":{"line":28,"column":42}},"loc":{"start":{"line":28,"column":56},"end":{"line":28,"column":72}},"line":28}},"branchMap":{"0":{"loc":{"start":{"line":17,"column":4},"end":{"line":17,"column":41}},"type":"if","locations":[{"start":{"line":17,"column":4},"end":{"line":17,"column":41}},{"start":{},"end":{}}],"line":17},"1":{"loc":{"start":{"line":22,"column":8},"end":{"line":22,"column":52}},"type":"if","locations":[{"start":{"line":22,"column":8},"end":{"line":22,"column":52}},{"start":{},"end":{}}],"line":22},"2":{"loc":{"start":{"line":33,"column":6},"end":{"line":35,"column":11}},"type":"cond-expr","locations":[{"start":{"line":34,"column":10},"end":{"line":34,"column":49}},{"start":{"line":35,"column":10},"end":{"line":35,"column":11}}],"line":33},"3":{"loc":{"start":{"line":48,"column":2},"end":{"line":48,"column":30}},"type":"if","locations":[{"start":{"line":48,"column":2},"end":{"line":48,"column":30}},{"start":{},"end":{}}],"line":48}},"s":{"0":140,"1":140,"2":0,"3":0,"4":0,"5":0,"6":0,"7":0,"8":0,"9":0,"10":0,"11":0,"12":0,"13":0,"14":0,"15":0,"16":0,"17":0,"18":0,"19":0,"20":0,"21":0},"f":{"0":0,"1":0,"2":0,"3":0,"4":0},"b":{"0":[0,0],"1":[0,0],"2":[0,0],"3":[0,0]},"_coverageSchema":"1a1c01bbd47fc00a2c39e90264f33305004495a9","hash":"a33851f5a40c80313206ab47574242e5b1e7fac1"}
,"D:\\projects\\forYndex\\BurgerLast\\stellar-burger-review\\src\\components\\order-info\\index.ts": {"path":"D:\\projects\\forYndex\\BurgerLast\\stellar-burger-review\\src\\components\\order-info\\index.ts","statementMap":{},"fnMap":{},"branchMap":{},"s":{},"f":{},"b":{},"_coverageSchema":"1a1c01bbd47fc00a2c39e90264f33305004495a9","hash":"e8ce6c748c5c33496be72afcd4df2a74cbb8da8c"}
,"D:\\projects\\forYndex\\BurgerLast\\stellar-burger-review\\src\\components\\order-info\\order-info.tsx": {"path":"D:\\projects\\forYndex\\BurgerLast\\stellar-burger-review\\src\\components\\order-info\\order-info.tsx","statementMap":{"0":{"start":{"line":13,"column":29},"end":{"line":69,"column":1}},"1":{"start":{"line":14,"column":17},"end":{"line":14,"column":43}},"2":{"start":{"line":15,"column":26},"end":{"line":15,"column":57}},"3":{"start":{"line":16,"column":45},"end":{"line":16,"column":71}},"4":{"start":{"line":17,"column":19},"end":{"line":17,"column":32}},"5":{"start":{"line":19,"column":2},"end":{"line":21,"column":9}},"6":{"start":{"line":20,"column":4},"end":{"line":20,"column":39}},"7":{"start":{"line":23,"column":20},"end":{"line":62,"column":42}},"8":{"start":{"line":24,"column":4},"end":{"line":24,"column":67}},"9":{"start":{"line":24,"column":55},"end":{"line":24,"column":67}},"10":{"start":{"line":26,"column":17},"end":{"line":26,"column":58}},"11":{"start":{"line":32,"column":28},"end":{"line":49,"column":5}},"12":{"start":{"line":34,"column":8},"end":{"line":44,"column":9}},"13":{"start":{"line":35,"column":29},"end":{"line":35,"column":72}},"14":{"start":{"line":35,"column":55},"end":{"line":35,"column":71}},"15":{"start":{"line":36,"column":10},"end":{"line":41,"column":11}},"16":{"start":{"line":37,"column":12},"end":{"line":40,"column":14}},"17":{"start":{"line":43,"column":10},"end":{"line":43,"column":28}},"18":{"start":{"line":46,"column":8},"end":{"line":46,"column":19}},"19":{"start":{"line":51,"column":18},"end":{"line":54,"column":5}},"20":{"start":{"line":52,"column":21},"end":{"line":52,"column":50}},"21":{"start":{"line":56,"column":4},"end":{"line":61,"column":6}},"22":{"start":{"line":64,"column":2},"end":{"line":66,"column":3}},"23":{"start":{"line":65,"column":4},"end":{"line":65,"column":25}},"24":{"start":{"line":68,"column":2},"end":{"line":68,"column":47}}},"fnMap":{"0":{"name":"(anonymous_0)","decl":{"start":{"line":13,"column":29},"end":{"line":13,"column":30}},"loc":{"start":{"line":13,"column":35},"end":{"line":69,"column":1}},"line":13},"1":{"name":"(anonymous_1)","decl":{"start":{"line":19,"column":12},"end":{"line":19,"column":13}},"loc":{"start":{"line":19,"column":18},"end":{"line":21,"column":3}},"line":19},"2":{"name":"(anonymous_2)","decl":{"start":{"line":23,"column":28},"end":{"line":23,"column":29}},"loc":{"start":{"line":23,"column":34},"end":{"line":62,"column":3}},"line":23},"3":{"name":"(anonymous_3)","decl":{"start":{"line":33,"column":6},"end":{"line":33,"column":7}},"loc":{"start":{"line":33,"column":44},"end":{"line":47,"column":7}},"line":33},"4":{"name":"(anonymous_4)","decl":{"start":{"line":35,"column":46},"end":{"line":35,"column":47}},"loc":{"start":{"line":35,"column":55},"end":{"line":35,"column":71}},"line":35},"5":{"name":"(anonymous_5)","decl":{"start":{"line":52,"column":6},"end":{"line":52,"column":7}},"loc":{"start":{"line":52,"column":21},"end":{"line":52,"column":50}},"line":52}},"branchMap":{"0":{"loc":{"start":{"line":24,"column":4},"end":{"line":24,"column":67}},"type":"if","locations":[{"start":{"line":24,"column":4},"end":{"line":24,"column":67}},{"start":{},"end":{}}],"line":24},"1":{"loc":{"start":{"line":24,"column":8},"end":{"line":24,"column":53}},"type":"binary-expr","locations":[{"start":{"line":24,"column":8},"end":{"line":24,"column":30}},{"start":{"line":24,"column":34},"end":{"line":24,"column":53}}],"line":24},"2":{"loc":{"start":{"line":34,"column":8},"end":{"line":44,"column":9}},"type":"if","locations":[{"start":{"line":34,"column":8},"end":{"line":44,"column":9}},{"start":{"line":42,"column":15},"end":{"line":44,"column":9}}],"line":34},"3":{"loc":{"start":{"line":36,"column":10},"end":{"line":41,"column":11}},"type":"if","locations":[{"start":{"line":36,"column":10},"end":{"line":41,"column":11}},{"start":{},"end":{}}],"line":36},"4":{"loc":{"start":{"line":64,"column":2},"end":{"line":66,"column":3}},"type":"if","locations":[{"start":{"line":64,"column":2},"end":{"line":66,"column":3}},{"start":{},"end":{}}],"line":64},"5":{"loc":{"start":{"line":64,"column":6},"end":{"line":64,"column":27}},"type":"binary-expr","locations":[{"start":{"line":64,"column":6},"end":{"line":64,"column":16}},{"start":{"line":64,"column":20},"end":{"line":64,"column":27}}],"line":64}},"s":{"0":140,"1":0,"2":0,"3":0,"4":0,"5":0,"6":0,"7":0,"8":0,"9":0,"10":0,"11":0,"12":0,"13":0,"14":0,"15":0,"16":0,"17":0,"18":0,"19":0,"20":0,"21":0,"22":0,"23":0,"24":0},"f":{"0":0,"1":0,"2":0,"3":0,"4":0,"5":0},"b":{"0":[0,0],"1":[0,0],"2":[0,0],"3":[0,0],"4":[0,0],"5":[0,0]},"_coverageSchema":"1a1c01bbd47fc00a2c39e90264f33305004495a9","hash":"280e9c81a0041393ec86f103d5c6f6543e6bbbfe"}
,"D:\\projects\\forYndex\\BurgerLast\\stellar-burger-review\\src\\components\\order-status\\index.ts": {"path":"D:\\projects\\forYndex\\BurgerLast\\stellar-burger-review\\src\\components\\order-status\\index.ts","statementMap":{},"fnMap":{},"branchMap":{},"s":{},"f":{},"b":{},"_coverageSchema":"1a1c01bbd47fc00a2c39e90264f33305004495a9","hash":"6d09f8f3305ea4a333e32e1fe78e70db695182bf"}
,"D:\\projects\\forYndex\\BurgerLast\\stellar-burger-review\\src\\components\\order-status\\order-status.tsx": {"path":"D:\\projects\\forYndex\\BurgerLast\\stellar-burger-review\\src\\components\\order-status\\order-status.tsx","statementMap":{"0":{"start":{"line":5,"column":46},"end":{"line":9,"column":1}},"1":{"start":{"line":11,"column":49},"end":{"line":25,"column":1}},"2":{"start":{"line":12,"column":18},"end":{"line":12,"column":20}},"3":{"start":{"line":13,"column":2},"end":{"line":22,"column":3}},"4":{"start":{"line":15,"column":6},"end":{"line":15,"column":28}},"5":{"start":{"line":16,"column":6},"end":{"line":16,"column":12}},"6":{"start":{"line":18,"column":6},"end":{"line":18,"column":28}},"7":{"start":{"line":19,"column":6},"end":{"line":19,"column":12}},"8":{"start":{"line":21,"column":6},"end":{"line":21,"column":28}},"9":{"start":{"line":24,"column":2},"end":{"line":24,"column":75}}},"fnMap":{"0":{"name":"(anonymous_0)","decl":{"start":{"line":11,"column":49},"end":{"line":11,"column":50}},"loc":{"start":{"line":11,"column":65},"end":{"line":25,"column":1}},"line":11}},"branchMap":{"0":{"loc":{"start":{"line":13,"column":2},"end":{"line":22,"column":3}},"type":"switch","locations":[{"start":{"line":14,"column":4},"end":{"line":16,"column":12}},{"start":{"line":17,"column":4},"end":{"line":19,"column":12}},{"start":{"line":20,"column":4},"end":{"line":21,"column":28}}],"line":13}},"s":{"0":140,"1":140,"2":0,"3":0,"4":0,"5":0,"6":0,"7":0,"8":0,"9":0},"f":{"0":0},"b":{"0":[0,0,0]},"_coverageSchema":"1a1c01bbd47fc00a2c39e90264f33305004495a9","hash":"55b2f94edf4740709d03241c24eddd61eb9a3af1"}
,"D:\\projects\\forYndex\\BurgerLast\\stellar-burger-review\\src\\components\\orders-list\\index.ts": {"path":"D:\\projects\\forYndex\\BurgerLast\\stellar-burger-review\\src\\components\\orders-list\\index.ts","statementMap":{},"fnMap":{},"branchMap":{},"s":{},"f":{},"b":{},"_coverageSchema":"1a1c01bbd47fc00a2c39e90264f33305004495a9","hash":"d0845c4a95d059e637cefe5bf5f02975d9c8fe84"}
,"D:\\projects\\forYndex\\BurgerLast\\stellar-burger-review\\src\\components\\orders-list\\orders-list.tsx": {"path":"D:\\projects\\forYndex\\BurgerLast\\stellar-burger-review\\src\\components\\orders-list\\orders-list.tsx","statementMap":{"0":{"start":{"line":6,"column":47},"end":{"line":12,"column":2}},"1":{"start":{"line":7,"column":22},"end":{"line":9,"column":3}},"2":{"start":{"line":8,"column":14},"end":{"line":8,"column":79}},"3":{"start":{"line":11,"column":2},"end":{"line":11,"column":52}}},"fnMap":{"0":{"name":"(anonymous_0)","decl":{"start":{"line":6,"column":52},"end":{"line":6,"column":53}},"loc":{"start":{"line":6,"column":68},"end":{"line":12,"column":1}},"line":6},"1":{"name":"(anonymous_1)","decl":{"start":{"line":8,"column":4},"end":{"line":8,"column":5}},"loc":{"start":{"line":8,"column":14},"end":{"line":8,"column":79}},"line":8}},"branchMap":{},"s":{"0":140,"1":0,"2":0,"3":0},"f":{"0":0,"1":0},"b":{},"_coverageSchema":"1a1c01bbd47fc00a2c39e90264f33305004495a9","hash":"2384601fbb06d4c954463a5ec809aa16ee41915e"}
,"D:\\projects\\forYndex\\BurgerLast\\stellar-burger-review\\src\\components\\profile-menu\\index.ts": {"path":"D:\\projects\\forYndex\\BurgerLast\\stellar-burger-review\\src\\components\\profile-menu\\index.ts","statementMap":{},"fnMap":{},"branchMap":{},"s":{},"f":{},"b":{},"_coverageSchema":"1a1c01bbd47fc00a2c39e90264f33305004495a9","hash":"89fb199bc347ec6565431e0cb21976fea524274e"}
,"D:\\projects\\forYndex\\BurgerLast\\stellar-burger-review\\src\\components\\profile-menu\\profile-menu.tsx": {"path":"D:\\projects\\forYndex\\BurgerLast\\stellar-burger-review\\src\\components\\profile-menu\\profile-menu.tsx","statementMap":{"0":{"start":{"line":7,"column":31},"end":{"line":18,"column":1}},"1":{"start":{"line":8,"column":23},"end":{"line":8,"column":36}},"2":{"start":{"line":9,"column":19},"end":{"line":9,"column":32}},"3":{"start":{"line":10,"column":19},"end":{"line":10,"column":32}},"4":{"start":{"line":12,"column":23},"end":{"line":15,"column":3}},"5":{"start":{"line":13,"column":4},"end":{"line":13,"column":27}},"6":{"start":{"line":14,"column":4},"end":{"line":14,"column":18}},"7":{"start":{"line":17,"column":2},"end":{"line":17,"column":75}}},"fnMap":{"0":{"name":"(anonymous_0)","decl":{"start":{"line":7,"column":31},"end":{"line":7,"column":32}},"loc":{"start":{"line":7,"column":37},"end":{"line":18,"column":1}},"line":7},"1":{"name":"(anonymous_1)","decl":{"start":{"line":12,"column":23},"end":{"line":12,"column":24}},"loc":{"start":{"line":12,"column":29},"end":{"line":15,"column":3}},"line":12}},"branchMap":{},"s":{"0":140,"1":0,"2":0,"3":0,"4":0,"5":0,"6":0,"7":0},"f":{"0":0,"1":0},"b":{},"_coverageSchema":"1a1c01bbd47fc00a2c39e90264f33305004495a9","hash":"76f9a10b935a652623c132145ec5b8fcbcfeae71"}
,"D:\\projects\\forYndex\\BurgerLast\\stellar-burger-review\\src\\components\\protected-route\\protected-route.tsx": {"path":"D:\\projects\\forYndex\\BurgerLast\\stellar-burger-review\\src\\components\\protected-route\\protected-route.tsx","statementMap":{"0":{"start":{"line":10,"column":30},"end":{"line":31,"column":1}},"1":{"start":{"line":11,"column":19},"end":{"line":11,"column":32}},"2":{"start":{"line":13,"column":15},"end":{"line":13,"column":49}},"3":{"start":{"line":14,"column":24},"end":{"line":14,"column":63}},"4":{"start":{"line":15,"column":26},"end":{"line":15,"column":67}},"5":{"start":{"line":17,"column":2},"end":{"line":19,"column":3}},"6":{"start":{"line":18,"column":4},"end":{"line":18,"column":71}},"7":{"start":{"line":21,"column":2},"end":{"line":24,"column":3}},"8":{"start":{"line":22,"column":17},"end":{"line":22,"column":58}},"9":{"start":{"line":23,"column":4},"end":{"line":23,"column":42}},"10":{"start":{"line":26,"column":2},"end":{"line":28,"column":3}},"11":{"start":{"line":27,"column":4},"end":{"line":27,"column":25}},"12":{"start":{"line":30,"column":2},"end":{"line":30,"column":20}}},"fnMap":{"0":{"name":"(anonymous_0)","decl":{"start":{"line":10,"column":30},"end":{"line":10,"column":31}},"loc":{"start":{"line":10,"column":71},"end":{"line":31,"column":1}},"line":10}},"branchMap":{"0":{"loc":{"start":{"line":17,"column":2},"end":{"line":19,"column":3}},"type":"if","locations":[{"start":{"line":17,"column":2},"end":{"line":19,"column":3}},{"start":{},"end":{}}],"line":17},"1":{"loc":{"start":{"line":17,"column":6},"end":{"line":17,"column":37}},"type":"binary-expr","locations":[{"start":{"line":17,"column":6},"end":{"line":17,"column":17}},{"start":{"line":17,"column":21},"end":{"line":17,"column":37}}],"line":17},"2":{"loc":{"start":{"line":21,"column":2},"end":{"line":24,"column":3}},"type":"if","locations":[{"start":{"line":21,"column":2},"end":{"line":24,"column":3}},{"start":{},"end":{}}],"line":21},"3":{"loc":{"start":{"line":21,"column":6},"end":{"line":21,"column":35}},"type":"binary-expr","locations":[{"start":{"line":21,"column":6},"end":{"line":21,"column":16}},{"start":{"line":21,"column":20},"end":{"line":21,"column":35}}],"line":21},"4":{"loc":{"start":{"line":22,"column":17},"end":{"line":22,"column":58}},"type":"binary-expr","locations":[{"start":{"line":22,"column":17},"end":{"line":22,"column":37}},{"start":{"line":22,"column":41},"end":{"line":22,"column":58}}],"line":22},"5":{"loc":{"start":{"line":26,"column":2},"end":{"line":28,"column":3}},"type":"if","locations":[{"start":{"line":26,"column":2},"end":{"line":28,"column":3}},{"start":{},"end":{}}],"line":26}},"s":{"0":140,"1":0,"2":0,"3":0,"4":0,"5":0,"6":0,"7":0,"8":0,"9":0,"10":0,"11":0,"12":0},"f":{"0":0},"b":{"0":[0,0],"1":[0,0],"2":[0,0],"3":[0,0],"4":[0,0],"5":[0,0]},"_coverageSchema":"1a1c01bbd47fc00a2c39e90264f33305004495a9","hash":"cf2e5f5d6b837de59f65e699facc1f8407abfb36"}
,"D:\\projects\\forYndex\\BurgerLast\\stellar-burger-review\\src\\components\\ui\\index.ts": {"path":"D:\\projects\\forYndex\\BurgerLast\\stellar-burger-review\\src\\components\\ui\\index.ts","statementMap":{},"fnMap":{},"branchMap":{},"s":{},"f":{},"b":{},"_coverageSchema":"1a1c01bbd47fc00a2c39e90264f33305004495a9","hash":"3f5dca9b5cf17e1526e5a4385adbf597cda65f3a"}
,"D:\\projects\\forYndex\\BurgerLast\\stellar-burger-review\\src\\components\\ui\\app-header\\app-header.tsx": {"path":"D:\\projects\\forYndex\\BurgerLast\\stellar-burger-review\\src\\components\\ui\\app-header\\app-header.tsx","statementMap":{"0":{"start":{"line":12,"column":50},"end":{"line":101,"column":1}},"1":{"start":{"line":13,"column":19},"end":{"line":13,"column":41}},"2":{"start":{"line":14,"column":12},"end":{"line":14,"column":15}},"3":{"start":{"line":15,"column":2},"end":{"line":19,"column":3}},"4":{"start":{"line":16,"column":4},"end":{"line":16,"column":19}},"5":{"start":{"line":17,"column":9},"end":{"line":19,"column":3}},"6":{"start":{"line":18,"column":4},"end":{"line":18,"column":19}},"7":{"start":{"line":21,"column":2},"end":{"line":100,"column":4}},"8":{"start":{"line":28,"column":14},"end":{"line":30,"column":92}},"9":{"start":{"line":42,"column":14},"end":{"line":44,"column":54}},"10":{"start":{"line":56,"column":14},"end":{"line":58,"column":54}},"11":{"start":{"line":70,"column":16},"end":{"line":72,"column":56}},"12":{"start":{"line":85,"column":16},"end":{"line":87,"column":56}}},"fnMap":{"0":{"name":"(anonymous_0)","decl":{"start":{"line":12,"column":50},"end":{"line":12,"column":51}},"loc":{"start":{"line":12,"column":68},"end":{"line":101,"column":1}},"line":12},"1":{"name":"(anonymous_1)","decl":{"start":{"line":27,"column":23},"end":{"line":27,"column":24}},"loc":{"start":{"line":28,"column":14},"end":{"line":30,"column":92}},"line":28},"2":{"name":"(anonymous_2)","decl":{"start":{"line":41,"column":23},"end":{"line":41,"column":24}},"loc":{"start":{"line":42,"column":14},"end":{"line":44,"column":54}},"line":42},"3":{"name":"(anonymous_3)","decl":{"start":{"line":55,"column":23},"end":{"line":55,"column":24}},"loc":{"start":{"line":56,"column":14},"end":{"line":58,"column":54}},"line":56},"4":{"name":"(anonymous_4)","decl":{"start":{"line":69,"column":25},"end":{"line":69,"column":26}},"loc":{"start":{"line":70,"column":16},"end":{"line":72,"column":56}},"line":70},"5":{"name":"(anonymous_5)","decl":{"start":{"line":84,"column":25},"end":{"line":84,"column":26}},"loc":{"start":{"line":85,"column":16},"end":{"line":87,"column":56}},"line":85}},"branchMap":{"0":{"loc":{"start":{"line":15,"column":2},"end":{"line":19,"column":3}},"type":"if","locations":[{"start":{"line":15,"column":2},"end":{"line":19,"column":3}},{"start":{"line":17,"column":9},"end":{"line":19,"column":3}}],"line":15},"1":{"loc":{"start":{"line":17,"column":9},"end":{"line":19,"column":3}},"type":"if","locations":[{"start":{"line":17,"column":9},"end":{"line":19,"column":3}},{"start":{},"end":{}}],"line":17},"2":{"loc":{"start":{"line":30,"column":18},"end":{"line":30,"column":52}},"type":"cond-expr","locations":[{"start":{"line":30,"column":29},"end":{"line":30,"column":47}},{"start":{"line":30,"column":50},"end":{"line":30,"column":52}}],"line":30},"3":{"loc":{"start":{"line":30,"column":56},"end":{"line":30,"column":90}},"type":"cond-expr","locations":[{"start":{"line":30,"column":67},"end":{"line":30,"column":85}},{"start":{"line":30,"column":88},"end":{"line":30,"column":90}}],"line":30},"4":{"loc":{"start":{"line":44,"column":18},"end":{"line":44,"column":52}},"type":"cond-expr","locations":[{"start":{"line":44,"column":29},"end":{"line":44,"column":47}},{"start":{"line":44,"column":50},"end":{"line":44,"column":52}}],"line":44},"5":{"loc":{"start":{"line":58,"column":18},"end":{"line":58,"column":52}},"type":"cond-expr","locations":[{"start":{"line":58,"column":29},"end":{"line":58,"column":47}},{"start":{"line":58,"column":50},"end":{"line":58,"column":52}}],"line":58},"6":{"loc":{"start":{"line":66,"column":11},"end":{"line":96,"column":11}},"type":"cond-expr","locations":[{"start":{"line":67,"column":12},"end":{"line":80,"column":22}},{"start":{"line":82,"column":12},"end":{"line":95,"column":22}}],"line":66},"7":{"loc":{"start":{"line":72,"column":20},"end":{"line":72,"column":54}},"type":"cond-expr","locations":[{"start":{"line":72,"column":31},"end":{"line":72,"column":49}},{"start":{"line":72,"column":52},"end":{"line":72,"column":54}}],"line":72},"8":{"loc":{"start":{"line":78,"column":17},"end":{"line":78,"column":45}},"type":"binary-expr","locations":[{"start":{"line":78,"column":17},"end":{"line":78,"column":25}},{"start":{"line":78,"column":29},"end":{"line":78,"column":45}}],"line":78},"9":{"loc":{"start":{"line":87,"column":20},"end":{"line":87,"column":54}},"type":"cond-expr","locations":[{"start":{"line":87,"column":31},"end":{"line":87,"column":49}},{"start":{"line":87,"column":52},"end":{"line":87,"column":54}}],"line":87},"10":{"loc":{"start":{"line":93,"column":17},"end":{"line":93,"column":45}},"type":"binary-expr","locations":[{"start":{"line":93,"column":17},"end":{"line":93,"column":25}},{"start":{"line":93,"column":29},"end":{"line":93,"column":45}}],"line":93}},"s":{"0":140,"1":1218,"2":1218,"3":1218,"4":56,"5":1162,"6":1162,"7":1218,"8":1218,"9":1218,"10":1218,"11":658,"12":560},"f":{"0":1218,"1":1218,"2":1218,"3":1218,"4":658,"5":560},"b":{"0":[56,1162],"1":[1162,0],"2":[1218,0],"3":[1218,0],"4":[0,1218],"5":[1162,56],"6":[658,560],"7":[0,658],"8":[658,0],"9":[0,560],"10":[560,560]},"_coverageSchema":"1a1c01bbd47fc00a2c39e90264f33305004495a9","hash":"6828f72f98d02a3312e97057e7c1139d60e5fabb"}
,"D:\\projects\\forYndex\\BurgerLast\\stellar-burger-review\\src\\components\\ui\\app-header\\index.ts": {"path":"D:\\projects\\forYndex\\BurgerLast\\stellar-burger-review\\src\\components\\ui\\app-header\\index.ts","statementMap":{},"fnMap":{},"branchMap":{},"s":{},"f":{},"b":{},"_coverageSchema":"1a1c01bbd47fc00a2c39e90264f33305004495a9","hash":"6b7885f4e910e13d335eb3fc5f29a93c05817ae4"}
,"D:\\projects\\forYndex\\BurgerLast\\stellar-burger-review\\src\\components\\ui\\burger-constructor\\burger-constructor.tsx": {"path":"D:\\projects\\forYndex\\BurgerLast\\stellar-burger-review\\src\\components\\ui\\burger-constructor\\burger-constructor.tsx","statementMap":{"0":{"start":{"line":13,"column":65},"end":{"line":106,"column":1}},"1":{"start":{"line":21,"column":2},"end":{"line":105,"column":12}},"2":{"start":{"line":43,"column":12},"end":{"line":48,"column":14}}},"fnMap":{"0":{"name":"(anonymous_0)","decl":{"start":{"line":13,"column":65},"end":{"line":13,"column":66}},"loc":{"start":{"line":21,"column":2},"end":{"line":105,"column":12}},"line":21},"1":{"name":"(anonymous_1)","decl":{"start":{"line":42,"column":10},"end":{"line":42,"column":11}},"loc":{"start":{"line":43,"column":12},"end":{"line":48,"column":14}},"line":43}},"branchMap":{"0":{"loc":{"start":{"line":22,"column":5},"end":{"line":38,"column":5}},"type":"cond-expr","locations":[{"start":{"line":23,"column":6},"end":{"line":31,"column":12}},{"start":{"line":33,"column":6},"end":{"line":37,"column":12}}],"line":22},"1":{"loc":{"start":{"line":40,"column":7},"end":{"line":57,"column":7}},"type":"cond-expr","locations":[{"start":{"line":41,"column":8},"end":{"line":50,"column":9}},{"start":{"line":52,"column":8},"end":{"line":56,"column":14}}],"line":40},"2":{"loc":{"start":{"line":59,"column":5},"end":{"line":75,"column":5}},"type":"cond-expr","locations":[{"start":{"line":60,"column":6},"end":{"line":68,"column":12}},{"start":{"line":70,"column":6},"end":{"line":74,"column":12}}],"line":59},"3":{"loc":{"start":{"line":91,"column":5},"end":{"line":95,"column":5}},"type":"binary-expr","locations":[{"start":{"line":91,"column":5},"end":{"line":91,"column":17}},{"start":{"line":92,"column":6},"end":{"line":94,"column":14}}],"line":91},"4":{"loc":{"start":{"line":97,"column":5},"end":{"line":104,"column":5}},"type":"binary-expr","locations":[{"start":{"line":97,"column":5},"end":{"line":97,"column":19}},{"start":{"line":98,"column":6},"end":{"line":103,"column":14}}],"line":97},"5":{"loc":{"start":{"line":100,"column":15},"end":{"line":100,"column":55}},"type":"cond-expr","locations":[{"start":{"line":100,"column":30},"end":{"line":100,"column":50}},{"start":{"line":100,"column":53},"end":{"line":100,"column":55}}],"line":100}},"s":{"0":140,"1":1622,"2":112},"f":{"0":1622,"1":112},"b":{"0":[154,1468],"1":[112,1510],"2":[154,1468],"3":[1622,14],"4":[1622,14],"5":[0,14]},"_coverageSchema":"1a1c01bbd47fc00a2c39e90264f33305004495a9","hash":"c5d7b2037d4e41b6504567a7c2feaa5b81a2b2ec"}
,"D:\\projects\\forYndex\\BurgerLast\\stellar-burger-review\\src\\components\\ui\\burger-constructor\\index.ts": {"path":"D:\\projects\\forYndex\\BurgerLast\\stellar-burger-review\\src\\components\\ui\\burger-constructor\\index.ts","statementMap":{},"fnMap":{},"branchMap":{},"s":{},"f":{},"b":{},"_coverageSchema":"1a1c01bbd47fc00a2c39e90264f33305004495a9","hash":"8c7aab7baba681c4ad294e8b08b215fbfc713731"}
,"D:\\projects\\forYndex\\BurgerLast\\stellar-burger-review\\src\\components\\ui\\burger-constructor-element\\burger-constructor-element.tsx": {"path":"D:\\projects\\forYndex\\BurgerLast\\stellar-burger-review\\src\\components\\ui\\burger-constructor-element\\burger-constructor-element.tsx","statementMap":{"0":{"start":{"line":8,"column":2},"end":{"line":34,"column":3}},"1":{"start":{"line":17,"column":6},"end":{"line":32,"column":11}}},"fnMap":{"0":{"name":"(anonymous_0)","decl":{"start":{"line":9,"column":4},"end":{"line":9,"column":5}},"loc":{"start":{"line":17,"column":6},"end":{"line":32,"column":11}},"line":17}},"branchMap":{},"s":{"0":140,"1":70},"f":{"0":70},"b":{},"_coverageSchema":"1a1c01bbd47fc00a2c39e90264f33305004495a9","hash":"15cba10df20399cff2cb9a683207129ff04fe872"}
,"D:\\projects\\forYndex\\BurgerLast\\stellar-burger-review\\src\\components\\ui\\burger-constructor-element\\index.ts": {"path":"D:\\projects\\forYndex\\BurgerLast\\stellar-burger-review\\src\\components\\ui\\burger-constructor-element\\index.ts","statementMap":{},"fnMap":{},"branchMap":{},"s":{},"f":{},"b":{},"_coverageSchema":"1a1c01bbd47fc00a2c39e90264f33305004495a9","hash":"cf17666f25fcdf6a773983d0c6dfab43e60ec828"}
,"D:\\projects\\forYndex\\BurgerLast\\stellar-burger-review\\src\\components\\ui\\burger-ingredient\\burger-ingredient.tsx": {"path":"D:\\projects\\forYndex\\BurgerLast\\stellar-burger-review\\src\\components\\ui\\burger-ingredient\\burger-ingredient.tsx","statementMap":{"0":{"start":{"line":14,"column":64},"end":{"line":41,"column":1}},"1":{"start":{"line":16,"column":40},"end":{"line":16,"column":50}},"2":{"start":{"line":18,"column":4},"end":{"line":39,"column":6}}},"fnMap":{"0":{"name":"(anonymous_0)","decl":{"start":{"line":15,"column":2},"end":{"line":15,"column":3}},"loc":{"start":{"line":15,"column":55},"end":{"line":40,"column":3}},"line":15}},"branchMap":{"0":{"loc":{"start":{"line":25,"column":11},"end":{"line":25,"column":45}},"type":"binary-expr","locations":[{"start":{"line":25,"column":11},"end":{"line":25,"column":16}},{"start":{"line":25,"column":20},"end":{"line":25,"column":45}}],"line":25}},"s":{"0":140,"1":10094,"2":10094},"f":{"0":10094},"b":{"0":[10094,168]},"_coverageSchema":"1a1c01bbd47fc00a2c39e90264f33305004495a9","hash":"9b69f27aa7f379b76c4f09b102b8cc241a7d1609"}
,"D:\\projects\\forYndex\\BurgerLast\\stellar-burger-review\\src\\components\\ui\\burger-ingredient\\index.ts": {"path":"D:\\projects\\forYndex\\BurgerLast\\stellar-burger-review\\src\\components\\ui\\burger-ingredient\\index.ts","statementMap":{},"fnMap":{},"branchMap":{},"s":{},"f":{},"b":{},"_coverageSchema":"1a1c01bbd47fc00a2c39e90264f33305004495a9","hash":"97fb028d83b12dfeb54b2123a6451b6fa13a1f46"}
,"D:\\projects\\forYndex\\BurgerLast\\stellar-burger-review\\src\\components\\ui\\burger-ingredients\\burger-ingredients.tsx": {"path":"D:\\projects\\forYndex\\BurgerLast\\stellar-burger-review\\src\\components\\ui\\burger-ingredients\\burger-ingredients.tsx","statementMap":{"0":{"start":{"line":8,"column":65},"end":{"line":68,"column":1}},"1":{"start":{"line":22,"column":4},"end":{"line":66,"column":7}}},"fnMap":{"0":{"name":"(anonymous_0)","decl":{"start":{"line":9,"column":2},"end":{"line":9,"column":3}},"loc":{"start":{"line":22,"column":4},"end":{"line":66,"column":7}},"line":22}},"branchMap":{},"s":{"0":140,"1":1724},"f":{"0":1724},"b":{},"_coverageSchema":"1a1c01bbd47fc00a2c39e90264f33305004495a9","hash":"5ec24cd9ab41a8d8c74b3e8a0c5b5e24bfb5f587"}
,"D:\\projects\\forYndex\\BurgerLast\\stellar-burger-review\\src\\components\\ui\\burger-ingredients\\index.ts": {"path":"D:\\projects\\forYndex\\BurgerLast\\stellar-burger-review\\src\\components\\ui\\burger-ingredients\\index.ts","statementMap":{},"fnMap":{},"branchMap":{},"s":{},"f":{},"b":{},"_coverageSchema":"1a1c01bbd47fc00a2c39e90264f33305004495a9","hash":"216a2eb318b7a9a38774718d91a46d5ee451af46"}
,"D:\\projects\\forYndex\\BurgerLast\\stellar-burger-review\\src\\components\\ui\\centering-component\\centering-component.tsx": {"path":"D:\\projects\\forYndex\\BurgerLast\\stellar-burger-review\\src\\components\\ui\\centering-component\\centering-component.tsx","statementMap":{"0":{"start":{"line":5,"column":63},"end":{"line":16,"column":1}},"1":{"start":{"line":7,"column":4},"end":{"line":14,"column":7}}},"fnMap":{"0":{"name":"(anonymous_0)","decl":{"start":{"line":6,"column":2},"end":{"line":6,"column":3}},"loc":{"start":{"line":7,"column":4},"end":{"line":14,"column":7}},"line":7}},"branchMap":{},"s":{"0":140,"1":0},"f":{"0":0},"b":{},"_coverageSchema":"1a1c01bbd47fc00a2c39e90264f33305004495a9","hash":"ddc4cb3870173d3f304eff945631ca0b9c87458f"}
,"D:\\projects\\forYndex\\BurgerLast\\stellar-burger-review\\src\\components\\ui\\centering-component\\index.ts": {"path":"D:\\projects\\forYndex\\BurgerLast\\stellar-burger-review\\src\\components\\ui\\centering-component\\index.ts","statementMap":{},"fnMap":{},"branchMap":{},"s":{},"f":{},"b":{},"_coverageSchema":"1a1c01bbd47fc00a2c39e90264f33305004495a9","hash":"82d5c93540b0e2d8ee0edc155970b611eb175b60"}
,"D:\\projects\\forYndex\\BurgerLast\\stellar-burger-review\\src\\components\\ui\\feed-info\\feed-info.tsx": {"path":"D:\\projects\\forYndex\\BurgerLast\\stellar-burger-review\\src\\components\\ui\\feed-info\\feed-info.tsx","statementMap":{"0":{"start":{"line":7,"column":47},"end":{"line":26,"column":1}},"1":{"start":{"line":9,"column":34},"end":{"line":9,"column":38}},"2":{"start":{"line":11,"column":4},"end":{"line":24,"column":6}},"3":{"start":{"line":28,"column":40},"end":{"line":43,"column":1}},"4":{"start":{"line":29,"column":2},"end":{"line":42,"column":8}},"5":{"start":{"line":33,"column":8},"end":{"line":39,"column":13}},"6":{"start":{"line":45,"column":33},"end":{"line":52,"column":1}},"7":{"start":{"line":46,"column":2},"end":{"line":51,"column":5}}},"fnMap":{"0":{"name":"(anonymous_0)","decl":{"start":{"line":8,"column":2},"end":{"line":8,"column":3}},"loc":{"start":{"line":8,"column":44},"end":{"line":25,"column":3}},"line":8},"1":{"name":"(anonymous_1)","decl":{"start":{"line":28,"column":40},"end":{"line":28,"column":41}},"loc":{"start":{"line":29,"column":2},"end":{"line":42,"column":8}},"line":29},"2":{"name":"(anonymous_2)","decl":{"start":{"line":32,"column":18},"end":{"line":32,"column":19}},"loc":{"start":{"line":33,"column":8},"end":{"line":39,"column":13}},"line":33},"3":{"name":"(anonymous_3)","decl":{"start":{"line":45,"column":33},"end":{"line":45,"column":34}},"loc":{"start":{"line":46,"column":2},"end":{"line":51,"column":5}},"line":46}},"branchMap":{"0":{"loc":{"start":{"line":35,"column":26},"end":{"line":35,"column":70}},"type":"cond-expr","locations":[{"start":{"line":35,"column":49},"end":{"line":35,"column":58}},{"start":{"line":35,"column":61},"end":{"line":35,"column":70}}],"line":35}},"s":{"0":140,"1":0,"2":0,"3":140,"4":0,"5":0,"6":140,"7":0},"f":{"0":0,"1":0,"2":0,"3":0},"b":{"0":[0,0]},"_coverageSchema":"1a1c01bbd47fc00a2c39e90264f33305004495a9","hash":"3a18edc57e81e4b58f34ea1f9ea1fca014a859a4"}
,"D:\\projects\\forYndex\\BurgerLast\\stellar-burger-review\\src\\components\\ui\\feed-info\\index.ts": {"path":"D:\\projects\\forYndex\\BurgerLast\\stellar-burger-review\\src\\components\\ui\\feed-info\\index.ts","statementMap":{},"fnMap":{},"branchMap":{},"s":{},"f":{},"b":{},"_coverageSchema":"1a1c01bbd47fc00a2c39e90264f33305004495a9","hash":"ef893a0e8ea690a621e87036d28307a0ab9aafcb"}
,"D:\\projects\\forYndex\\BurgerLast\\stellar-burger-review\\src\\components\\ui\\ingredient-details\\index.ts": {"path":"D:\\projects\\forYndex\\BurgerLast\\stellar-burger-review\\src\\components\\ui\\ingredient-details\\index.ts","statementMap":{},"fnMap":{},"branchMap":{},"s":{},"f":{},"b":{},"_coverageSchema":"1a1c01bbd47fc00a2c39e90264f33305004495a9","hash":"72cbbc1769cff97633bf172e25b0e8dd26e95db9"}
,"D:\\projects\\forYndex\\BurgerLast\\stellar-burger-review\\src\\components\\ui\\ingredient-details\\ingredient-details.tsx": {"path":"D:\\projects\\forYndex\\BurgerLast\\stellar-burger-review\\src\\components\\ui\\ingredient-details\\ingredient-details.tsx","statementMap":{"0":{"start":{"line":5,"column":65},"end":{"line":39,"column":1}},"1":{"start":{"line":8,"column":6},"end":{"line":8,"column":20}},"2":{"start":{"line":10,"column":4},"end":{"line":37,"column":6}}},"fnMap":{"0":{"name":"(anonymous_0)","decl":{"start":{"line":6,"column":2},"end":{"line":6,"column":3}},"loc":{"start":{"line":6,"column":26},"end":{"line":38,"column":3}},"line":6}},"branchMap":{},"s":{"0":140,"1":56,"2":56},"f":{"0":56},"b":{},"_coverageSchema":"1a1c01bbd47fc00a2c39e90264f33305004495a9","hash":"7ff7a324bfeb9a7423ad72ace77ab5e1852cf079"}
,"D:\\projects\\forYndex\\BurgerLast\\stellar-burger-review\\src\\components\\ui\\ingredients-category\\index.ts": {"path":"D:\\projects\\forYndex\\BurgerLast\\stellar-burger-review\\src\\components\\ui\\ingredients-category\\index.ts","statementMap":{},"fnMap":{},"branchMap":{},"s":{},"f":{},"b":{},"_coverageSchema":"1a1c01bbd47fc00a2c39e90264f33305004495a9","hash":"b24c0b6b487d797b58aece0b7594cdf0cd0aa130"}
,"D:\\projects\\forYndex\\BurgerLast\\stellar-burger-review\\src\\components\\ui\\ingredients-category\\ingredients-category.tsx": {"path":"D:\\projects\\forYndex\\BurgerLast\\stellar-burger-review\\src\\components\\ui\\ingredients-category\\ingredients-category.tsx","statementMap":{"0":{"start":{"line":6,"column":37},"end":{"line":24,"column":2}},"1":{"start":{"line":10,"column":2},"end":{"line":23,"column":5}},"2":{"start":{"line":16,"column":8},"end":{"line":20,"column":10}}},"fnMap":{"0":{"name":"(anonymous_0)","decl":{"start":{"line":9,"column":2},"end":{"line":9,"column":3}},"loc":{"start":{"line":10,"column":2},"end":{"line":23,"column":5}},"line":10},"1":{"name":"(anonymous_1)","decl":{"start":{"line":15,"column":23},"end":{"line":15,"column":24}},"loc":{"start":{"line":16,"column":8},"end":{"line":20,"column":10}},"line":16}},"branchMap":{},"s":{"0":140,"1":5760,"2":24600},"f":{"0":5760,"1":24600},"b":{},"_coverageSchema":"1a1c01bbd47fc00a2c39e90264f33305004495a9","hash":"7550db24023c33535a4d3e50e1db8d56ac4e9ced"}
,"D:\\projects\\forYndex\\BurgerLast\\stellar-burger-review\\src\\components\\ui\\modal\\index.ts": {"path":"D:\\projects\\forYndex\\BurgerLast\\stellar-burger-review\\src\\components\\ui\\modal\\index.ts","statementMap":{},"fnMap":{},"branchMap":{},"s":{},"f":{},"b":{},"_coverageSchema":"1a1c01bbd47fc00a2c39e90264f33305004495a9","hash":"6a4bebfab176dae39fd47891a4765aea012a6256"}
,"D:\\projects\\forYndex\\BurgerLast\\stellar-burger-review\\src\\components\\ui\\modal\\modal.tsx": {"path":"D:\\projects\\forYndex\\BurgerLast\\stellar-burger-review\\src\\components\\ui\\modal\\modal.tsx","statementMap":{"0":{"start":{"line":9,"column":42},"end":{"line":26,"column":1}},"1":{"start":{"line":11,"column":4},"end":{"line":24,"column":7}}},"fnMap":{"0":{"name":"(anonymous_0)","decl":{"start":{"line":10,"column":2},"end":{"line":10,"column":3}},"loc":{"start":{"line":11,"column":4},"end":{"line":24,"column":7}},"line":11}},"branchMap":{},"s":{"0":140,"1":84},"f":{"0":84},"b":{},"_coverageSchema":"1a1c01bbd47fc00a2c39e90264f33305004495a9","hash":"d4131a96512c177a246f7ad9480cd20e2f6ee6ac"}
,"D:\\projects\\forYndex\\BurgerLast\\stellar-burger-review\\src\\components\\ui\\modal-overlay\\index.ts": {"path":"D:\\projects\\forYndex\\BurgerLast\\stellar-burger-review\\src\\components\\ui\\modal-overlay\\index.ts","statementMap":{},"fnMap":{},"branchMap":{},"s":{},"f":{},"b":{},"_coverageSchema":"1a1c01bbd47fc00a2c39e90264f33305004495a9","hash":"207acb52cce20f1b24b2171c3e8f3857faaefc56"}
,"D:\\projects\\forYndex\\BurgerLast\\stellar-burger-review\\src\\components\\ui\\modal-overlay\\modal-overlay.tsx": {"path":"D:\\projects\\forYndex\\BurgerLast\\stellar-burger-review\\src\\components\\ui\\modal-overlay\\modal-overlay.tsx","statementMap":{"0":{"start":{"line":3,"column":30},"end":{"line":5,"column":1}},"1":{"start":{"line":4,"column":2},"end":{"line":4,"column":72}}},"fnMap":{"0":{"name":"(anonymous_0)","decl":{"start":{"line":3,"column":30},"end":{"line":3,"column":31}},"loc":{"start":{"line":4,"column":2},"end":{"line":4,"column":72}},"line":4}},"branchMap":{},"s":{"0":140,"1":84},"f":{"0":84},"b":{},"_coverageSchema":"1a1c01bbd47fc00a2c39e90264f33305004495a9","hash":"7b7cfd2962ecb25faf5f92ee62989ad0248911da"}
,"D:\\projects\\forYndex\\BurgerLast\\stellar-burger-review\\src\\components\\ui\\order-card\\index.ts": {"path":"D:\\projects\\forYndex\\BurgerLast\\stellar-burger-review\\src\\components\\ui\\order-card\\index.ts","statementMap":{},"fnMap":{},"branchMap":{},"s":{},"f":{},"b":{},"_coverageSchema":"1a1c01bbd47fc00a2c39e90264f33305004495a9","hash":"5da861ed0ab5a2500e6fa56b6a7198e84cd7ef6b"}
,"D:\\projects\\forYndex\\BurgerLast\\stellar-burger-review\\src\\components\\ui\\order-card\\order-card.tsx": {"path":"D:\\projects\\forYndex\\BurgerLast\\stellar-burger-review\\src\\components\\ui\\order-card\\order-card.tsx","statementMap":{"0":{"start":{"line":13,"column":49},"end":{"line":79,"column":1}},"1":{"start":{"line":15,"column":4},"end":{"line":77,"column":11}},"2":{"start":{"line":38,"column":25},"end":{"line":38,"column":47}},"3":{"start":{"line":39,"column":24},"end":{"line":39,"column":34}},"4":{"start":{"line":40,"column":12},"end":{"line":65,"column":14}}},"fnMap":{"0":{"name":"(anonymous_0)","decl":{"start":{"line":14,"column":2},"end":{"line":14,"column":3}},"loc":{"start":{"line":15,"column":4},"end":{"line":77,"column":11}},"line":15},"1":{"name":"(anonymous_1)","decl":{"start":{"line":37,"column":43},"end":{"line":37,"column":44}},"loc":{"start":{"line":37,"column":66},"end":{"line":66,"column":11}},"line":37}},"branchMap":{"0":{"loc":{"start":{"line":32,"column":7},"end":{"line":34,"column":7}},"type":"binary-expr","locations":[{"start":{"line":32,"column":7},"end":{"line":32,"column":46}},{"start":{"line":33,"column":8},"end":{"line":33,"column":49}}],"line":32},"1":{"loc":{"start":{"line":49,"column":22},"end":{"line":51,"column":29}},"type":"cond-expr","locations":[{"start":{"line":50,"column":26},"end":{"line":50,"column":31}},{"start":{"line":51,"column":26},"end":{"line":51,"column":29}}],"line":49},"2":{"loc":{"start":{"line":49,"column":22},"end":{"line":49,"column":71}},"type":"binary-expr","locations":[{"start":{"line":49,"column":22},"end":{"line":49,"column":39}},{"start":{"line":49,"column":43},"end":{"line":49,"column":71}}],"line":49},"3":{"loc":{"start":{"line":57,"column":17},"end":{"line":63,"column":24}},"type":"cond-expr","locations":[{"start":{"line":58,"column":18},"end":{"line":62,"column":25}},{"start":{"line":63,"column":20},"end":{"line":63,"column":24}}],"line":57},"4":{"loc":{"start":{"line":61,"column":21},"end":{"line":61,"column":75}},"type":"cond-expr","locations":[{"start":{"line":61,"column":45},"end":{"line":61,"column":68}},{"start":{"line":61,"column":71},"end":{"line":61,"column":75}}],"line":61}},"s":{"0":140,"1":0,"2":0,"3":0,"4":0},"f":{"0":0,"1":0},"b":{"0":[0,0],"1":[0,0],"2":[0,0],"3":[0,0],"4":[0,0]},"_coverageSchema":"1a1c01bbd47fc00a2c39e90264f33305004495a9","hash":"24eae98aec165e2d41916fff40787e389de2938f"}
,"D:\\projects\\forYndex\\BurgerLast\\stellar-burger-review\\src\\components\\ui\\order-details\\index.ts": {"path":"D:\\projects\\forYndex\\BurgerLast\\stellar-burger-review\\src\\components\\ui\\order-details\\index.ts","statementMap":{},"fnMap":{},"branchMap":{},"s":{},"f":{},"b":{},"_coverageSchema":"1a1c01bbd47fc00a2c39e90264f33305004495a9","hash":"6c0e03b55b7ed07efb6a02024070a705a1eee0c8"}
,"D:\\projects\\forYndex\\BurgerLast\\stellar-burger-review\\src\\components\\ui\\order-details\\order-details.tsx": {"path":"D:\\projects\\forYndex\\BurgerLast\\stellar-burger-review\\src\\components\\ui\\order-details\\order-details.tsx","statementMap":{"0":{"start":{"line":6,"column":61},"end":{"line":26,"column":1}},"1":{"start":{"line":9,"column":2},"end":{"line":25,"column":5}}},"fnMap":{"0":{"name":"(anonymous_0)","decl":{"start":{"line":6,"column":61},"end":{"line":6,"column":62}},"loc":{"start":{"line":9,"column":2},"end":{"line":25,"column":5}},"line":9}},"branchMap":{},"s":{"0":140,"1":14},"f":{"0":14},"b":{},"_coverageSchema":"1a1c01bbd47fc00a2c39e90264f33305004495a9","hash":"c85dcf52a2ade5146cca9f3e6eb792f04ede5204"}
,"D:\\projects\\forYndex\\BurgerLast\\stellar-burger-review\\src\\components\\ui\\order-info\\index.ts": {"path":"D:\\projects\\forYndex\\BurgerLast\\stellar-burger-review\\src\\components\\ui\\order-info\\index.ts","statementMap":{},"fnMap":{},"branchMap":{},"s":{},"f":{},"b":{},"_coverageSchema":"1a1c01bbd47fc00a2c39e90264f33305004495a9","hash":"bb93ef0d0251ad30b007c8681ed1141a681fc076"}
,"D:\\projects\\forYndex\\BurgerLast\\stellar-burger-review\\src\\components\\ui\\order-info\\order-info.tsx": {"path":"D:\\projects\\forYndex\\BurgerLast\\stellar-burger-review\\src\\components\\ui\\order-info\\order-info.tsx","statementMap":{"0":{"start":{"line":12,"column":49},"end":{"line":51,"column":2}},"1":{"start":{"line":13,"column":2},"end":{"line":50,"column":8}},"2":{"start":{"line":21,"column":8},"end":{"line":38,"column":13}}},"fnMap":{"0":{"name":"(anonymous_0)","decl":{"start":{"line":12,"column":54},"end":{"line":12,"column":55}},"loc":{"start":{"line":13,"column":2},"end":{"line":50,"column":8}},"line":13},"1":{"name":"(anonymous_1)","decl":{"start":{"line":20,"column":52},"end":{"line":20,"column":53}},"loc":{"start":{"line":21,"column":8},"end":{"line":38,"column":13}},"line":21}},"branchMap":{},"s":{"0":140,"1":0,"2":0},"f":{"0":0,"1":0},"b":{},"_coverageSchema":"1a1c01bbd47fc00a2c39e90264f33305004495a9","hash":"b3670f8c730a45069053ba40f4d9172974380b8b"}
,"D:\\projects\\forYndex\\BurgerLast\\stellar-burger-review\\src\\components\\ui\\order-status\\index.ts": {"path":"D:\\projects\\forYndex\\BurgerLast\\stellar-burger-review\\src\\components\\ui\\order-status\\index.ts","statementMap":{},"fnMap":{},"branchMap":{},"s":{},"f":{},"b":{},"_coverageSchema":"1a1c01bbd47fc00a2c39e90264f33305004495a9","hash":"ee36c1b13b39fedd9245cad6a632d6c54d5e5cd7"}
,"D:\\projects\\forYndex\\BurgerLast\\stellar-burger-review\\src\\components\\ui\\order-status\\order-status.tsx": {"path":"D:\\projects\\forYndex\\BurgerLast\\stellar-burger-review\\src\\components\\ui\\order-status\\order-status.tsx","statementMap":{"0":{"start":{"line":4,"column":53},"end":{"line":11,"column":1}},"1":{"start":{"line":5,"column":2},"end":{"line":10,"column":9}}},"fnMap":{"0":{"name":"(anonymous_0)","decl":{"start":{"line":4,"column":53},"end":{"line":4,"column":54}},"loc":{"start":{"line":5,"column":2},"end":{"line":10,"column":9}},"line":5}},"branchMap":{},"s":{"0":140,"1":0},"f":{"0":0},"b":{},"_coverageSchema":"1a1c01bbd47fc00a2c39e90264f33305004495a9","hash":"b79b135a1b85449509c91d2085cde260e85fdf65"}
,"D:\\projects\\forYndex\\BurgerLast\\stellar-burger-review\\src\\components\\ui\\orders-list\\index.ts": {"path":"D:\\projects\\forYndex\\BurgerLast\\stellar-burger-review\\src\\components\\ui\\orders-list\\index.ts","statementMap":{},"fnMap":{},"branchMap":{},"s":{},"f":{},"b":{},"_coverageSchema":"1a1c01bbd47fc00a2c39e90264f33305004495a9","hash":"90ce840cb05f7f08d22f91eeb0ab5413cfc922ab"}
,"D:\\projects\\forYndex\\BurgerLast\\stellar-burger-review\\src\\components\\ui\\orders-list\\orders-list.tsx": {"path":"D:\\projects\\forYndex\\BurgerLast\\stellar-burger-review\\src\\components\\ui\\orders-list\\orders-list.tsx","statementMap":{"0":{"start":{"line":8,"column":51},"end":{"line":14,"column":1}},"1":{"start":{"line":9,"column":2},"end":{"line":13,"column":8}},"2":{"start":{"line":11,"column":6},"end":{"line":11,"column":49}}},"fnMap":{"0":{"name":"(anonymous_0)","decl":{"start":{"line":8,"column":51},"end":{"line":8,"column":52}},"loc":{"start":{"line":9,"column":2},"end":{"line":13,"column":8}},"line":9},"1":{"name":"(anonymous_1)","decl":{"start":{"line":10,"column":21},"end":{"line":10,"column":22}},"loc":{"start":{"line":11,"column":6},"end":{"line":11,"column":49}},"line":11}},"branchMap":{},"s":{"0":140,"1":0,"2":0},"f":{"0":0,"1":0},"b":{},"_coverageSchema":"1a1c01bbd47fc00a2c39e90264f33305004495a9","hash":"4f384b3095a93fc37e92349676318227e6b25ad5"}
,"D:\\projects\\forYndex\\BurgerLast\\stellar-burger-review\\src\\components\\ui\\pages\\index.ts": {"path":"D:\\projects\\forYndex\\BurgerLast\\stellar-burger-review\\src\\components\\ui\\pages\\index.ts","statementMap":{},"fnMap":{},"branchMap":{},"s":{},"f":{},"b":{},"_coverageSchema":"1a1c01bbd47fc00a2c39e90264f33305004495a9","hash":"78fe5f25250840175ad39b018a617f945c1b8db7"}
,"D:\\projects\\forYndex\\BurgerLast\\stellar-burger-review\\src\\components\\ui\\pages\\constructor-page\\constructor-page.tsx": {"path":"D:\\projects\\forYndex\\BurgerLast\\stellar-burger-review\\src\\components\\ui\\pages\\constructor-page\\constructor-page.tsx","statementMap":{"0":{"start":{"line":9,"column":61},"end":{"line":29,"column":1}},"1":{"start":{"line":12,"column":2},"end":{"line":28,"column":5}}},"fnMap":{"0":{"name":"(anonymous_0)","decl":{"start":{"line":9,"column":61},"end":{"line":9,"column":62}},"loc":{"start":{"line":12,"column":2},"end":{"line":28,"column":5}},"line":12}},"branchMap":{"0":{"loc":{"start":{"line":13,"column":5},"end":{"line":27,"column":5}},"type":"cond-expr","locations":[{"start":{"line":14,"column":6},"end":{"line":14,"column":19}},{"start":{"line":16,"column":6},"end":{"line":26,"column":13}}],"line":13}},"s":{"0":140,"1":0},"f":{"0":0},"b":{"0":[0,0]},"_coverageSchema":"1a1c01bbd47fc00a2c39e90264f33305004495a9","hash":"f0f2d32914c4c50c79126c02b0632c2f246ae221"}
[...]
,"D:\\projects\\forYndex\\BurgerLast\\stellar-burger-review\\src\\utils\\burger-api.ts": {"path":"D:\\projects\\forYndex\\BurgerLast\\stellar-burger-review\\src\\utils\\burger-api.ts","statementMap":{"0":{"start":{"line":6,"column":12},"end":{"line":6,"column":38}},"1":{"start":{"line":9,"column":22},"end":{"line":10,"column":69}},"2":{"start":{"line":10,"column":2},"end":{"line":10,"column":69}},"3":{"start":{"line":10,"column":49},"end":{"line":10,"column":68}},"4":{"start":{"line":26,"column":28},"end":{"line":45,"column":6}},"5":{"start":{"line":27,"column":2},"end":{"line":45,"column":6}},"6":{"start":{"line":36,"column":19},"end":{"line":36,"column":55}},"7":{"start":{"line":38,"column":6},"end":{"line":40,"column":7}},"8":{"start":{"line":39,"column":8},"end":{"line":39,"column":43}},"9":{"start":{"line":42,"column":6},"end":{"line":42,"column":69}},"10":{"start":{"line":43,"column":6},"end":{"line":43,"column":56}},"11":{"start":{"line":44,"column":6},"end":{"line":44,"column":25}},"12":{"start":{"line":50,"column":32},"end":{"line":72,"column":1}},"13":{"start":{"line":54,"column":2},"end":{"line":71,"column":3}},"14":{"start":{"line":55,"column":16},"end":{"line":55,"column":41}},"15":{"start":{"line":56,"column":4},"end":{"line":56,"column":39}},"16":{"start":{"line":59,"column":4},"end":{"line":70,"column":5}},"17":{"start":{"line":60,"column":26},"end":{"line":60,"column":46}},"18":{"start":{"line":62,"column":6},"end":{"line":65,"column":7}},"19":{"start":{"line":63,"column":8},"end":{"line":64,"column":34}},"20":{"start":{"line":66,"column":18},"end":{"line":66,"column":43}},"21":{"start":{"line":67,"column":6},"end":{"line":67,"column":41}},"22":{"start":{"line":69,"column":6},"end":{"line":69,"column":33}},"23":{"start":{"line":94,"column":33},"end":{"line":100,"column":6}},"24":{"start":{"line":95,"column":2},"end":{"line":100,"column":6}},"25":{"start":{"line":96,"column":19},"end":{"line":96,"column":59}},"26":{"start":{"line":98,"column":6},"end":{"line":98,"column":42}},"27":{"start":{"line":98,"column":25},"end":{"line":98,"column":42}},"28":{"start":{"line":99,"column":6},"end":{"line":99,"column":34}},"29":{"start":{"line":105,"column":27},"end":{"line":111,"column":6}},"30":{"start":{"line":106,"column":2},"end":{"line":111,"column":6}},"31":{"start":{"line":107,"column":19},"end":{"line":107,"column":53}},"32":{"start":{"line":109,"column":6},"end":{"line":109,"column":37}},"33":{"start":{"line":109,"column":25},"end":{"line":109,"column":37}},"34":{"start":{"line":110,"column":6},"end":{"line":110,"column":34}},"35":{"start":{"line":116,"column":28},"end":{"line":126,"column":4}},"36":{"start":{"line":117,"column":2},"end":{"line":126,"column":4}},"37":{"start":{"line":124,"column":4},"end":{"line":124,"column":42}},"38":{"start":{"line":124,"column":23},"end":{"line":124,"column":42}},"39":{"start":{"line":125,"column":4},"end":{"line":125,"column":32}},"40":{"start":{"line":137,"column":30},"end":{"line":150,"column":4}},"41":{"start":{"line":138,"column":2},"end":{"line":150,"column":4}},"42":{"start":{"line":148,"column":4},"end":{"line":148,"column":35}},"43":{"start":{"line":148,"column":23},"end":{"line":148,"column":35}},"44":{"start":{"line":149,"column":4},"end":{"line":149,"column":32}},"45":{"start":{"line":160,"column":35},"end":{"line":166,"column":54}},"46":{"start":{"line":161,"column":2},"end":{"line":166,"column":54}},"47":{"start":{"line":166,"column":19},"end":{"line":166,"column":53}},"48":{"start":{"line":184,"column":31},"end":{"line":196,"column":6}},"49":{"start":{"line":185,"column":2},"end":{"line":196,"column":6}},"50":{"start":{"line":192,"column":19},"end":{"line":192,"column":52}},"51":{"start":{"line":194,"column":6},"end":{"line":194,"column":37}},"52":{"start":{"line":194,"column":25},"end":{"line":194,"column":37}},"53":{"start":{"line":195,"column":6},"end":{"line":195,"column":34}},"54":{"start":{"line":206,"column":28},"end":{"line":218,"column":6}},"55":{"start":{"line":207,"column":2},"end":{"line":218,"column":6}},"56":{"start":{"line":214,"column":19},"end":{"line":214,"column":52}},"57":{"start":{"line":216,"column":6},"end":{"line":216,"column":37}},"58":{"start":{"line":216,"column":25},"end":{"line":216,"column":37}},"59":{"start":{"line":217,"column":6},"end":{"line":217,"column":34}},"60":{"start":{"line":223,"column":33},"end":{"line":235,"column":6}},"61":{"start":{"line":224,"column":2},"end":{"line":235,"column":6}},"62":{"start":{"line":231,"column":19},"end":{"line":231,"column":58}},"63":{"start":{"line":233,"column":6},"end":{"line":233,"column":37}},"64":{"start":{"line":233,"column":25},"end":{"line":233,"column":37}},"65":{"start":{"line":234,"column":6},"end":{"line":234,"column":34}},"66":{"start":{"line":240,"column":32},"end":{"line":252,"column":6}},"67":{"start":{"line":241,"column":2},"end":{"line":252,"column":6}},"68":{"start":{"line":248,"column":19},"end":{"line":248,"column":58}},"69":{"start":{"line":250,"column":6},"end":{"line":250,"column":37}},"70":{"start":{"line":250,"column":25},"end":{"line":250,"column":37}},"71":{"start":{"line":251,"column":6},"end":{"line":251,"column":34}},"72":{"start":{"line":260,"column":26},"end":{"line":265,"column":4}},"73":{"start":{"line":261,"column":2},"end":{"line":265,"column":4}},"74":{"start":{"line":270,"column":29},"end":{"line":278,"column":4}},"75":{"start":{"line":271,"column":2},"end":{"line":278,"column":4}},"76":{"start":{"line":283,"column":25},"end":{"line":292,"column":59}},"77":{"start":{"line":284,"column":2},"end":{"line":292,"column":59}},"78":{"start":{"line":292,"column":19},"end":{"line":292,"column":58}}},"fnMap":{"0":{"name":"(anonymous_0)","decl":{"start":{"line":9,"column":22},"end":{"line":9,"column":23}},"loc":{"start":{"line":10,"column":2},"end":{"line":10,"column":69}},"line":10},"1":{"name":"(anonymous_1)","decl":{"start":{"line":10,"column":40},"end":{"line":10,"column":41}},"loc":{"start":{"line":10,"column":49},"end":{"line":10,"column":68}},"line":10},"2":{"name":"(anonymous_2)","decl":{"start":{"line":26,"column":28},"end":{"line":26,"column":29}},"loc":{"start":{"line":27,"column":2},"end":{"line":45,"column":6}},"line":27},"3":{"name":"(anonymous_3)","decl":{"start":{"line":36,"column":10},"end":{"line":36,"column":11}},"loc":{"start":{"line":36,"column":19},"end":{"line":36,"column":55}},"line":36},"4":{"name":"(anonymous_4)","decl":{"start":{"line":37,"column":10},"end":{"line":37,"column":11}},"loc":{"start":{"line":37,"column":27},"end":{"line":45,"column":5}},"line":37},"5":{"name":"(anonymous_5)","decl":{"start":{"line":50,"column":32},"end":{"line":50,"column":33}},"loc":{"start":{"line":53,"column":5},"end":{"line":72,"column":1}},"line":53},"6":{"name":"(anonymous_6)","decl":{"start":{"line":94,"column":33},"end":{"line":94,"column":34}},"loc":{"start":{"line":95,"column":2},"end":{"line":100,"column":6}},"line":95},"7":{"name":"(anonymous_7)","decl":{"start":{"line":96,"column":10},"end":{"line":96,"column":11}},"loc":{"start":{"line":96,"column":19},"end":{"line":96,"column":59}},"line":96},"8":{"name":"(anonymous_8)","decl":{"start":{"line":97,"column":10},"end":{"line":97,"column":11}},"loc":{"start":{"line":97,"column":20},"end":{"line":100,"column":5}},"line":97},"9":{"name":"(anonymous_9)","decl":{"start":{"line":105,"column":27},"end":{"line":105,"column":28}},"loc":{"start":{"line":106,"column":2},"end":{"line":111,"column":6}},"line":106},"10":{"name":"(anonymous_10)","decl":{"start":{"line":107,"column":10},"end":{"line":107,"column":11}},"loc":{"start":{"line":107,"column":19},"end":{"line":107,"column":53}},"line":107},"11":{"name":"(anonymous_11)","decl":{"start":{"line":108,"column":10},"end":{"line":108,"column":11}},"loc":{"start":{"line":108,"column":20},"end":{"line":111,"column":5}},"line":108},"12":{"name":"(anonymous_12)","decl":{"start":{"line":116,"column":28},"end":{"line":116,"column":29}},"loc":{"start":{"line":117,"column":2},"end":{"line":126,"column":4}},"line":117},"13":{"name":"(anonymous_13)","decl":{"start":{"line":123,"column":10},"end":{"line":123,"column":11}},"loc":{"start":{"line":123,"column":20},"end":{"line":126,"column":3}},"line":123},"14":{"name":"(anonymous_14)","decl":{"start":{"line":137,"column":30},"end":{"line":137,"column":31}},"loc":{"start":{"line":138,"column":2},"end":{"line":150,"column":4}},"line":138},"15":{"name":"(anonymous_15)","decl":{"start":{"line":147,"column":10},"end":{"line":147,"column":11}},"loc":{"start":{"line":147,"column":20},"end":{"line":150,"column":3}},"line":147},"16":{"name":"(anonymous_16)","decl":{"start":{"line":160,"column":35},"end":{"line":160,"column":36}},"loc":{"start":{"line":161,"column":2},"end":{"line":166,"column":54}},"line":161},"17":{"name":"(anonymous_17)","decl":{"start":{"line":166,"column":10},"end":{"line":166,"column":11}},"loc":{"start":{"line":166,"column":19},"end":{"line":166,"column":53}},"line":166},"18":{"name":"(anonymous_18)","decl":{"start":{"line":184,"column":31},"end":{"line":184,"column":32}},"loc":{"start":{"line":185,"column":2},"end":{"line":196,"column":6}},"line":185},"19":{"name":"(anonymous_19)","decl":{"start":{"line":192,"column":10},"end":{"line":192,"column":11}},"loc":{"start":{"line":192,"column":19},"end":{"line":192,"column":52}},"line":192},"20":{"name":"(anonymous_20)","decl":{"start":{"line":193,"column":10},"end":{"line":193,"column":11}},"loc":{"start":{"line":193,"column":20},"end":{"line":196,"column":5}},"line":193},"21":{"name":"(anonymous_21)","decl":{"start":{"line":206,"column":28},"end":{"line":206,"column":29}},"loc":{"start":{"line":207,"column":2},"end":{"line":218,"column":6}},"line":207},"22":{"name":"(anonymous_22)","decl":{"start":{"line":214,"column":10},"end":{"line":214,"column":11}},"loc":{"start":{"line":214,"column":19},"end":{"line":214,"column":52}},"line":214},"23":{"name":"(anonymous_23)","decl":{"start":{"line":215,"column":10},"end":{"line":215,"column":11}},"loc":{"start":{"line":215,"column":20},"end":{"line":218,"column":5}},"line":215},"24":{"name":"(anonymous_24)","decl":{"start":{"line":223,"column":33},"end":{"line":223,"column":34}},"loc":{"start":{"line":224,"column":2},"end":{"line":235,"column":6}},"line":224},"25":{"name":"(anonymous_25)","decl":{"start":{"line":231,"column":10},"end":{"line":231,"column":11}},"loc":{"start":{"line":231,"column":19},"end":{"line":231,"column":58}},"line":231},"26":{"name":"(anonymous_26)","decl":{"start":{"line":232,"column":10},"end":{"line":232,"column":11}},"loc":{"start":{"line":232,"column":20},"end":{"line":235,"column":5}},"line":232},"27":{"name":"(anonymous_27)","decl":{"start":{"line":240,"column":32},"end":{"line":240,"column":33}},"loc":{"start":{"line":241,"column":2},"end":{"line":252,"column":6}},"line":241},"28":{"name":"(anonymous_28)","decl":{"start":{"line":248,"column":10},"end":{"line":248,"column":11}},"loc":{"start":{"line":248,"column":19},"end":{"line":248,"column":58}},"line":248},"29":{"name":"(anonymous_29)","decl":{"start":{"line":249,"column":10},"end":{"line":249,"column":11}},"loc":{"start":{"line":249,"column":20},"end":{"line":252,"column":5}},"line":249},"30":{"name":"(anonymous_30)","decl":{"start":{"line":260,"column":26},"end":{"line":260,"column":27}},"loc":{"start":{"line":261,"column":2},"end":{"line":265,"column":4}},"line":261},"31":{"name":"(anonymous_31)","decl":{"start":{"line":270,"column":29},"end":{"line":270,"column":30}},"loc":{"start":{"line":271,"column":2},"end":{"line":278,"column":4}},"line":271},"32":{"name":"(anonymous_32)","decl":{"start":{"line":283,"column":25},"end":{"line":283,"column":26}},"loc":{"start":{"line":284,"column":2},"end":{"line":292,"column":59}},"line":284},"33":{"name":"(anonymous_33)","decl":{"start":{"line":292,"column":10},"end":{"line":292,"column":11}},"loc":{"start":{"line":292,"column":19},"end":{"line":292,"column":58}},"line":292}},"branchMap":{"0":{"loc":{"start":{"line":10,"column":2},"end":{"line":10,"column":69}},"type":"cond-expr","locations":[{"start":{"line":10,"column":11},"end":{"line":10,"column":21}},{"start":{"line":10,"column":24},"end":{"line":10,"column":69}}],"line":10},"1":{"loc":{"start":{"line":38,"column":6},"end":{"line":40,"column":7}},"type":"if","locations":[{"start":{"line":38,"column":6},"end":{"line":40,"column":7}},{"start":{},"end":{}}],"line":38},"2":{"loc":{"start":{"line":59,"column":4},"end":{"line":70,"column":5}},"type":"if","locations":[{"start":{"line":59,"column":4},"end":{"line":70,"column":5}},{"start":{"line":68,"column":11},"end":{"line":70,"column":5}}],"line":59},"3":{"loc":{"start":{"line":62,"column":6},"end":{"line":65,"column":7}},"type":"if","locations":[{"start":{"line":62,"column":6},"end":{"line":65,"column":7}},{"start":{},"end":{}}],"line":62},"4":{"loc":{"start":{"line":98,"column":6},"end":{"line":98,"column":42}},"type":"if","locations":[{"start":{"line":98,"column":6},"end":{"line":98,"column":42}},{"start":{},"end":{}}],"line":98},"5":{"loc":{"start":{"line":109,"column":6},"end":{"line":109,"column":37}},"type":"if","locations":[{"start":{"line":109,"column":6},"end":{"line":109,"column":37}},{"start":{},"end":{}}],"line":109},"6":{"loc":{"start":{"line":124,"column":4},"end":{"line":124,"column":42}},"type":"if","locations":[{"start":{"line":124,"column":4},"end":{"line":124,"column":42}},{"start":{},"end":{}}],"line":124},"7":{"loc":{"start":{"line":148,"column":4},"end":{"line":148,"column":35}},"type":"if","locations":[{"start":{"line":148,"column":4},"end":{"line":148,"column":35}},{"start":{},"end":{}}],"line":148},"8":{"loc":{"start":{"line":194,"column":6},"end":{"line":194,"column":37}},"type":"if","locations":[{"start":{"line":194,"column":6},"end":{"line":194,"column":37}},{"start":{},"end":{}}],"line":194},"9":{"loc":{"start":{"line":216,"column":6},"end":{"line":216,"column":37}},"type":"if","locations":[{"start":{"line":216,"column":6},"end":{"line":216,"column":37}},{"start":{},"end":{}}],"line":216},"10":{"loc":{"start":{"line":233,"column":6},"end":{"line":233,"column":37}},"type":"if","locations":[{"start":{"line":233,"column":6},"end":{"line":233,"column":37}},{"start":{},"end":{}}],"line":233},"11":{"loc":{"start":{"line":250,"column":6},"end":{"line":250,"column":37}},"type":"if","locations":[{"start":{"line":250,"column":6},"end":{"line":250,"column":37}},{"start":{},"end":{}}],"line":250}},"s":{"0":140,"1":140,"2":567,"3":0,"4":140,"5":0,"6":0,"7":0,"8":0,"9":0,"10":0,"11":0,"12":140,"13":287,"14":287,"15":287,"16":0,"17":0,"18":0,"19":0,"20":0,"21":0,"22":0,"23":140,"24":280,"25":280,"26":280,"27":280,"28":0,"29":140,"30":0,"31":0,"32":0,"33":0,"34":0,"35":140,"36":0,"37":0,"38":0,"39":0,"40":140,"41":7,"42":7,"43":7,"44":0,"45":140,"46":0,"47":0,"48":140,"49":0,"50":0,"51":0,"52":0,"53":0,"54":140,"55":0,"56":0,"57":0,"58":0,"59":0,"60":140,"61":0,"62":0,"63":0,"64":0,"65":0,"66":140,"67":0,"68":0,"69":0,"70":0,"71":0,"72":140,"73":280,"74":140,"75":0,"76":140,"77":0,"78":0},"f":{"0":567,"1":0,"2":0,"3":0,"4":0,"5":287,"6":280,"7":280,"8":280,"9":0,"10":0,"11":0,"12":0,"13":0,"14":7,"15":7,"16":0,"17":0,"18":0,"19":0,"20":0,"21":0,"22":0,"23":0,"24":0,"25":0,"26":0,"27":0,"28":0,"29":0,"30":280,"31":0,"32":0,"33":0},"b":{"0":[567,0],"1":[0,0],"2":[0,0],"3":[0,0],"4":[280,0],"5":[0,0],"6":[0,0],"7":[7,0],"8":[0,0],"9":[0,0],"10":[0,0],"11":[0,0]},"_coverageSchema":"1a1c01bbd47fc00a2c39e90264f33305004495a9","hash":"e977b97de5b4a1784fb5ad661f5e618065c5da3f"}
,"D:\\projects\\forYndex\\BurgerLast\\stellar-burger-review\\src\\utils\\cookie.ts": {"path":"D:\\projects\\forYndex\\BurgerLast\\stellar-burger-review\\src\\utils\\cookie.ts","statementMap":{"0":{"start":{"line":2,"column":18},"end":{"line":9,"column":3}},"1":{"start":{"line":10,"column":2},"end":{"line":10,"column":62}},"2":{"start":{"line":18,"column":2},"end":{"line":21,"column":4}},"3":{"start":{"line":23,"column":12},"end":{"line":23,"column":25}},"4":{"start":{"line":24,"column":2},"end":{"line":28,"column":3}},"5":{"start":{"line":25,"column":14},"end":{"line":25,"column":24}},"6":{"start":{"line":26,"column":4},"end":{"line":26,"column":40}},"7":{"start":{"line":27,"column":4},"end":{"line":27,"column":28}},"8":{"start":{"line":30,"column":2},"end":{"line":32,"column":3}},"9":{"start":{"line":31,"column":4},"end":{"line":31,"column":38}},"10":{"start":{"line":33,"column":2},"end":{"line":33,"column":36}},"11":{"start":{"line":34,"column":22},"end":{"line":34,"column":40}},"12":{"start":{"line":35,"column":2},"end":{"line":41,"column":3}},"13":{"start":{"line":36,"column":4},"end":{"line":36,"column":37}},"14":{"start":{"line":37,"column":22},"end":{"line":37,"column":37}},"15":{"start":{"line":38,"column":4},"end":{"line":40,"column":5}},"16":{"start":{"line":39,"column":6},"end":{"line":39,"column":39}},"17":{"start":{"line":42,"column":2},"end":{"line":42,"column":34}},"18":{"start":{"line":46,"column":2},"end":{"line":46,"column":39}}},"fnMap":{"0":{"name":"getCookie","decl":{"start":{"line":1,"column":16},"end":{"line":1,"column":25}},"loc":{"start":{"line":1,"column":60},"end":{"line":11,"column":1}},"line":1},"1":{"name":"setCookie","decl":{"start":{"line":13,"column":16},"end":{"line":13,"column":25}},"loc":{"start":{"line":17,"column":2},"end":{"line":43,"column":1}},"line":17},"2":{"name":"deleteCookie","decl":{"start":{"line":45,"column":16},"end":{"line":45,"column":28}},"loc":{"start":{"line":45,"column":43},"end":{"line":47,"column":1}},"line":45}},"branchMap":{"0":{"loc":{"start":{"line":10,"column":9},"end":{"line":10,"column":61}},"type":"cond-expr","locations":[{"start":{"line":10,"column":19},"end":{"line":10,"column":49}},{"start":{"line":10,"column":52},"end":{"line":10,"column":61}}],"line":10},"1":{"loc":{"start":{"line":16,"column":2},"end":{"line":16,"column":65}},"type":"default-arg","locations":[{"start":{"line":16,"column":63},"end":{"line":16,"column":65}}],"line":16},"2":{"loc":{"start":{"line":24,"column":2},"end":{"line":28,"column":3}},"type":"if","locations":[{"start":{"line":24,"column":2},"end":{"line":28,"column":3}},{"start":{},"end":{}}],"line":24},"3":{"loc":{"start":{"line":24,"column":6},"end":{"line":24,"column":36}},"type":"binary-expr","locations":[{"start":{"line":24,"column":6},"end":{"line":24,"column":9}},{"start":{"line":24,"column":13},"end":{"line":24,"column":36}}],"line":24},"4":{"loc":{"start":{"line":30,"column":2},"end":{"line":32,"column":3}},"type":"if","locations":[{"start":{"line":30,"column":2},"end":{"line":32,"column":3}},{"start":{},"end":{}}],"line":30},"5":{"loc":{"start":{"line":30,"column":6},"end":{"line":30,"column":32}},"type":"binary-expr","locations":[{"start":{"line":30,"column":6},"end":{"line":30,"column":9}},{"start":{"line":30,"column":13},"end":{"line":30,"column":32}}],"line":30},"6":{"loc":{"start":{"line":38,"column":4},"end":{"line":40,"column":5}},"type":"if","locations":[{"start":{"line":38,"column":4},"end":{"line":40,"column":5}},{"start":{},"end":{}}],"line":38}},"s":{"0":287,"1":287,"2":0,"3":0,"4":0,"5":0,"6":0,"7":0,"8":0,"9":0,"10":0,"11":0,"12":0,"13":0,"14":0,"15":0,"16":0,"17":0,"18":0},"f":{"0":287,"1":0,"2":0},"b":{"0":[7,280],"1":[0],"2":[0,0],"3":[0,0],"4":[0,0],"5":[0,0],"6":[0,0]},"_coverageSchema":"1a1c01bbd47fc00a2c39e90264f33305004495a9","hash":"a11dccfcd4227683e2a07f2cc93f8179a43c5310"}
}
