{"total": {"lines":{"total":701,"covered":279,"skipped":0,"pct":39.8},"statements":{"total":727,"covered":287,"skipped":0,"pct":39.47},"functions":{"total":232,"covered":76,"skipped":0,"pct":32.75},"branches":{"total":275,"covered":74,"skipped":0,"pct":26.9},"branchesTrue":{"total":0,"covered":0,"skipped":0,"pct":100}}
,"D:\\projects\\forYndex\\BurgerLast\\stellar-burger-review\\src\\index.tsx": {"lines":{"total":3,"covered":3,"skipped":0,"pct":100},"functions":{"total":0,"covered":0,"skipped":0,"pct":100},"statements":{"total":3,"covered":3,"skipped":0,"pct":100},"branches":{"total":0,"covered":0,"skipped":0,"pct":100}}
,"D:\\projects\\forYndex\\BurgerLast\\stellar-burger-review\\src\\components\\index.ts": {"lines":{"total":0,"covered":0,"skipped":0,"pct":0},"functions":{"total":0,"covered":0,"skipped":0,"pct":0},"statements":{"total":0,"covered":0,"skipped":0,"pct":0},"branches":{"total":0,"covered":0,"skipped":0,"pct":0}}
,"D:\\projects\\forYndex\\BurgerLast\\stellar-burger-review\\src\\components\\app\\app.tsx": {"lines":{"total":11,"covered":9,"skipped":0,"pct":81.81},"functions":{"total":5,"covered":3,"skipped":0,"pct":60},"statements":{"total":11,"covered":9,"skipped":0,"pct":81.81},"branches":{"total":4,"covered":4,"skipped":0,"pct":100}}
,"D:\\projects\\forYndex\\BurgerLast\\stellar-burger-review\\src\\components\\app-header\\app-header.tsx": {"lines":{"total":3,"covered":3,"skipped":0,"pct":100},"functions":{"total":1,"covered":1,"skipped":0,"pct":100},"statements":{"total":3,"covered":3,"skipped":0,"pct":100},"branches":{"total":2,"covered":2,"skipped":0,"pct":100}}
,"D:\\projects\\forYndex\\BurgerLast\\stellar-burger-review\\src\\components\\app-header\\index.ts": {"lines":{"total":0,"covered":0,"skipped":0,"pct":0},"functions":{"total":0,"covered":0,"skipped":0,"pct":0},"statements":{"total":0,"covered":0,"skipped":0,"pct":0},"branches":{"total":0,"covered":0,"skipped":0,"pct":0}}
,"D:\\projects\\forYndex\\BurgerLast\\stellar-burger-review\\src\\components\\burger-constructor\\burger-constructor.tsx": {"lines":{"total":26,"covered":20,"skipped":0,"pct":76.92},"functions":{"total":6,"covered":5,"skipped":0,"pct":83.33},"statements":{"total":26,"covered":20,"skipped":0,"pct":76.92},"branches":{"total":14,"covered":7,"skipped":0,"pct":50}}
,"D:\\projects\\forYndex\\BurgerLast\\stellar-burger-review\\src\\components\\burger-constructor\\index.ts": {"lines":{"total":0,"covered":0,"skipped":0,"pct":0},"functions":{"total":0,"covered":0,"skipped":0,"pct":0},"statements":{"total":0,"covered":0,"skipped":0,"pct":0},"branches":{"total":0,"covered":0,"skipped":0,"pct":0}}
,"D:\\projects\\forYndex\\BurgerLast\\stellar-burger-review\\src\\components\\burger-constructor-element\\burger-constructor-element.tsx": {"lines":{"total":9,"covered":6,"skipped":0,"pct":66.66},"functions":{"total":4,"covered":1,"skipped":0,"pct":25},"statements":{"total":9,"covered":6,"skipped":0,"pct":66.66},"branches":{"total":0,"covered":0,"skipped":0,"pct":100}}
,"D:\\projects\\forYndex\\BurgerLast\\stellar-burger-review\\src\\components\\burger-constructor-element\\index.ts": {"lines":{"total":0,"covered":0,"skipped":0,"pct":0},"functions":{"total":0,"covered":0,"skipped":0,"pct":0},"statements":{"total":0,"covered":0,"skipped":0,"pct":0},"branches":{"total":0,"covered":0,"skipped":0,"pct":0}}
,"D:\\projects\\forYndex\\BurgerLast\\stellar-burger-review\\src\\components\\burger-ingredient\\burger-ingredient.tsx": {"lines":{"total":6,"covered":6,"skipped":0,"pct":100},"functions":{"total":2,"covered":2,"skipped":0,"pct":100},"statements":{"total":6,"covered":6,"skipped":0,"pct":100},"branches":{"total":0,"covered":0,"skipped":0,"pct":100}}
,"D:\\projects\\forYndex\\BurgerLast\\stellar-burger-review\\src\\components\\burger-ingredient\\index.ts": {"lines":{"total":0,"covered":0,"skipped":0,"pct":0},"functions":{"total":0,"covered":0,"skipped":0,"pct":0},"statements":{"total":0,"covered":0,"skipped":0,"pct":0},"branches":{"total":0,"covered":0,"skipped":0,"pct":0}}
,"D:\\projects\\forYndex\\BurgerLast\\stellar-burger-review\\src\\components\\burger-ingredients\\burger-ingredients.tsx": {"lines":{"total":28,"covered":20,"skipped":0,"pct":71.42},"functions":{"total":6,"covered":5,"skipped":0,"pct":83.33},"statements":{"total":31,"covered":23,"skipped":0,"pct":74.19},"branches":{"total":12,"covered":5,"skipped":0,"pct":41.66}}
,"D:\\projects\\forYndex\\BurgerLast\\stellar-burger-review\\src\\components\\burger-ingredients\\index.ts": {"lines":{"total":0,"covered":0,"skipped":0,"pct":0},"functions":{"total":0,"covered":0,"skipped":0,"pct":0},"statements":{"total":0,"covered":0,"skipped":0,"pct":0},"branches":{"total":0,"covered":0,"skipped":0,"pct":0}}
,"D:\\projects\\forYndex\\BurgerLast\\stellar-burger-review\\src\\components\\centering-component\\centering-component.tsx": {"lines":{"total":7,"covered":1,"skipped":0,"pct":14.28},"functions":{"total":2,"covered":0,"skipped":0,"pct":0},"statements":{"total":7,"covered":1,"skipped":0,"pct":14.28},"branches":{"total":2,"covered":0,"skipped":0,"pct":0}}
,"D:\\projects\\forYndex\\BurgerLast\\stellar-burger-review\\src\\components\\feed-info\\feed-info.tsx": {"lines":{"total":10,"covered":2,"skipped":0,"pct":20},"functions":{"total":4,"covered":0,"skipped":0,"pct":0},"statements":{"total":10,"covered":2,"skipped":0,"pct":20},"branches":{"total":0,"covered":0,"skipped":0,"pct":100}}
,"D:\\projects\\forYndex\\BurgerLast\\stellar-burger-review\\src\\components\\feed-info\\index.ts": {"lines":{"total":0,"covered":0,"skipped":0,"pct":0},"functions":{"total":0,"covered":0,"skipped":0,"pct":0},"statements":{"total":0,"covered":0,"skipped":0,"pct":0},"branches":{"total":0,"covered":0,"skipped":0,"pct":0}}
,"D:\\projects\\forYndex\\BurgerLast\\stellar-burger-review\\src\\components\\ingredient-details\\index.ts": {"lines":{"total":0,"covered":0,"skipped":0,"pct":0},"functions":{"total":0,"covered":0,"skipped":0,"pct":0},"statements":{"total":0,"covered":0,"skipped":0,"pct":0},"branches":{"total":0,"covered":0,"skipped":0,"pct":0}}
,"D:\\projects\\forYndex\\BurgerLast\\stellar-burger-review\\src\\components\\ingredient-details\\ingredient-details.tsx": {"lines":{"total":9,"covered":8,"skipped":0,"pct":88.88},"functions":{"total":2,"covered":2,"skipped":0,"pct":100},"statements":{"total":9,"covered":8,"skipped":0,"pct":88.88},"branches":{"total":4,"covered":3,"skipped":0,"pct":75}}
,"D:\\projects\\forYndex\\BurgerLast\\stellar-burger-review\\src\\components\\ingredients-category\\index.ts": {"lines":{"total":0,"covered":0,"skipped":0,"pct":0},"functions":{"total":0,"covered":0,"skipped":0,"pct":0},"statements":{"total":0,"covered":0,"skipped":0,"pct":0},"branches":{"total":0,"covered":0,"skipped":0,"pct":0}}
,"D:\\projects\\forYndex\\BurgerLast\\stellar-burger-review\\src\\components\\ingredients-category\\ingredients-category.tsx": {"lines":{"total":11,"covered":11,"skipped":0,"pct":100},"functions":{"total":3,"covered":3,"skipped":0,"pct":100},"statements":{"total":13,"covered":13,"skipped":0,"pct":100},"branches":{"total":4,"covered":3,"skipped":0,"pct":75}}
,"D:\\projects\\forYndex\\BurgerLast\\stellar-burger-review\\src\\components\\modal\\index.ts": {"lines":{"total":0,"covered":0,"skipped":0,"pct":0},"functions":{"total":0,"covered":0,"skipped":0,"pct":0},"statements":{"total":0,"covered":0,"skipped":0,"pct":0},"branches":{"total":0,"covered":0,"skipped":0,"pct":0}}
,"D:\\projects\\forYndex\\BurgerLast\\stellar-burger-review\\src\\components\\modal\\modal.tsx": {"lines":{"total":9,"covered":9,"skipped":0,"pct":100},"functions":{"total":4,"covered":4,"skipped":0,"pct":100},"statements":{"total":9,"covered":9,"skipped":0,"pct":100},"branches":{"total":2,"covered":2,"skipped":0,"pct":100}}
,"D:\\projects\\forYndex\\BurgerLast\\stellar-burger-review\\src\\components\\order-card\\index.ts": {"lines":{"total":0,"covered":0,"skipped":0,"pct":0},"functions":{"total":0,"covered":0,"skipped":0,"pct":0},"statements":{"total":0,"covered":0,"skipped":0,"pct":0},"branches":{"total":0,"covered":0,"skipped":0,"pct":0}}
,"D:\\projects\\forYndex\\BurgerLast\\stellar-burger-review\\src\\components\\order-card\\order-card.tsx": {"lines":{"total":17,"covered":2,"skipped":0,"pct":11.76},"functions":{"total":5,"covered":0,"skipped":0,"pct":0},"statements":{"total":22,"covered":2,"skipped":0,"pct":9.09},"branches":{"total":8,"covered":0,"skipped":0,"pct":0}}
,"D:\\projects\\forYndex\\BurgerLast\\stellar-burger-review\\src\\components\\order-info\\index.ts": {"lines":{"total":0,"covered":0,"skipped":0,"pct":0},"functions":{"total":0,"covered":0,"skipped":0,"pct":0},"statements":{"total":0,"covered":0,"skipped":0,"pct":0},"branches":{"total":0,"covered":0,"skipped":0,"pct":0}}
,"D:\\projects\\forYndex\\BurgerLast\\stellar-burger-review\\src\\components\\order-info\\order-info.tsx": {"lines":{"total":23,"covered":1,"skipped":0,"pct":4.34},"functions":{"total":6,"covered":0,"skipped":0,"pct":0},"statements":{"total":25,"covered":1,"skipped":0,"pct":4},"branches":{"total":12,"covered":0,"skipped":0,"pct":0}}
,"D:\\projects\\forYndex\\BurgerLast\\stellar-burger-review\\src\\components\\order-status\\index.ts": {"lines":{"total":0,"covered":0,"skipped":0,"pct":0},"functions":{"total":0,"covered":0,"skipped":0,"pct":0},"statements":{"total":0,"covered":0,"skipped":0,"pct":0},"branches":{"total":0,"covered":0,"skipped":0,"pct":0}}
,"D:\\projects\\forYndex\\BurgerLast\\stellar-burger-review\\src\\components\\order-status\\order-status.tsx": {"lines":{"total":10,"covered":2,"skipped":0,"pct":20},"functions":{"total":1,"covered":0,"skipped":0,"pct":0},"statements":{"total":10,"covered":2,"skipped":0,"pct":20},"branches":{"total":3,"covered":0,"skipped":0,"pct":0}}
,"D:\\projects\\forYndex\\BurgerLast\\stellar-burger-review\\src\\components\\orders-list\\index.ts": {"lines":{"total":0,"covered":0,"skipped":0,"pct":0},"functions":{"total":0,"covered":0,"skipped":0,"pct":0},"statements":{"total":0,"covered":0,"skipped":0,"pct":0},"branches":{"total":0,"covered":0,"skipped":0,"pct":0}}
,"D:\\projects\\forYndex\\BurgerLast\\stellar-burger-review\\src\\components\\orders-list\\orders-list.tsx": {"lines":{"total":4,"covered":1,"skipped":0,"pct":25},"functions":{"total":2,"covered":0,"skipped":0,"pct":0},"statements":{"total":4,"covered":1,"skipped":0,"pct":25},"branches":{"total":0,"covered":0,"skipped":0,"pct":100}}
,"D:\\projects\\forYndex\\BurgerLast\\stellar-burger-review\\src\\components\\profile-menu\\index.ts": {"lines":{"total":0,"covered":0,"skipped":0,"pct":0},"functions":{"total":0,"covered":0,"skipped":0,"pct":0},"statements":{"total":0,"covered":0,"skipped":0,"pct":0},"branches":{"total":0,"covered":0,"skipped":0,"pct":0}}
,"D:\\projects\\forYndex\\BurgerLast\\stellar-burger-review\\src\\components\\profile-menu\\profile-menu.tsx": {"lines":{"total":8,"covered":1,"skipped":0,"pct":12.5},"functions":{"total":2,"covered":0,"skipped":0,"pct":0},"statements":{"total":8,"covered":1,"skipped":0,"pct":12.5},"branches":{"total":0,"covered":0,"skipped":0,"pct":100}}
,"D:\\projects\\forYndex\\BurgerLast\\stellar-burger-review\\src\\components\\protected-route\\protected-route.tsx": {"lines":{"total":13,"covered":1,"skipped":0,"pct":7.69},"functions":{"total":1,"covered":0,"skipped":0,"pct":0},"statements":{"total":13,"covered":1,"skipped":0,"pct":7.69},"branches":{"total":12,"covered":0,"skipped":0,"pct":0}}
,"D:\\projects\\forYndex\\BurgerLast\\stellar-burger-review\\src\\components\\ui\\index.ts": {"lines":{"total":0,"covered":0,"skipped":0,"pct":0},"functions":{"total":0,"covered":0,"skipped":0,"pct":0},"statements":{"total":0,"covered":0,"skipped":0,"pct":0},"branches":{"total":0,"covered":0,"skipped":0,"pct":0}}
,"D:\\projects\\forYndex\\BurgerLast\\stellar-burger-review\\src\\components\\ui\\app-header\\app-header.tsx": {"lines":{"total":13,"covered":13,"skipped":0,"pct":100},"functions":{"total":6,"covered":6,"skipped":0,"pct":100},"statements":{"total":13,"covered":13,"skipped":0,"pct":100},"branches":{"total":22,"covered":15,"skipped":0,"pct":68.18}}
,"D:\\projects\\forYndex\\BurgerLast\\stellar-burger-review\\src\\components\\ui\\app-header\\index.ts": {"lines":{"total":0,"covered":0,"skipped":0,"pct":0},"functions":{"total":0,"covered":0,"skipped":0,"pct":0},"statements":{"total":0,"covered":0,"skipped":0,"pct":0},"branches":{"total":0,"covered":0,"skipped":0,"pct":0}}
,"D:\\projects\\forYndex\\BurgerLast\\stellar-burger-review\\src\\components\\ui\\burger-constructor\\burger-constructor.tsx": {"lines":{"total":3,"covered":3,"skipped":0,"pct":100},"functions":{"total":2,"covered":2,"skipped":0,"pct":100},"statements":{"total":3,"covered":3,"skipped":0,"pct":100},"branches":{"total":12,"covered":11,"skipped":0,"pct":91.66}}
,"D:\\projects\\forYndex\\BurgerLast\\stellar-burger-review\\src\\components\\ui\\burger-constructor\\index.ts": {"lines":{"total":0,"covered":0,"skipped":0,"pct":0},"functions":{"total":0,"covered":0,"skipped":0,"pct":0},"statements":{"total":0,"covered":0,"skipped":0,"pct":0},"branches":{"total":0,"covered":0,"skipped":0,"pct":0}}
,"D:\\projects\\forYndex\\BurgerLast\\stellar-burger-review\\src\\components\\ui\\burger-constructor-element\\burger-constructor-element.tsx": {"lines":{"total":2,"covered":2,"skipped":0,"pct":100},"functions":{"total":1,"covered":1,"skipped":0,"pct":100},"statements":{"total":2,"covered":2,"skipped":0,"pct":100},"branches":{"total":0,"covered":0,"skipped":0,"pct":100}}
,"D:\\projects\\forYndex\\BurgerLast\\stellar-burger-review\\src\\components\\ui\\burger-constructor-element\\index.ts": {"lines":{"total":0,"covered":0,"skipped":0,"pct":0},"functions":{"total":0,"covered":0,"skipped":0,"pct":0},"statements":{"total":0,"covered":0,"skipped":0,"pct":0},"branches":{"total":0,"covered":0,"skipped":0,"pct":0}}
,"D:\\projects\\forYndex\\BurgerLast\\stellar-burger-review\\src\\components\\ui\\burger-ingredient\\burger-ingredient.tsx": {"lines":{"total":3,"covered":3,"skipped":0,"pct":100},"functions":{"total":1,"covered":1,"skipped":0,"pct":100},"statements":{"total":3,"covered":3,"skipped":0,"pct":100},"branches":{"total":2,"covered":2,"skipped":0,"pct":100}}
,"D:\\projects\\forYndex\\BurgerLast\\stellar-burger-review\\src\\components\\ui\\burger-ingredient\\index.ts": {"lines":{"total":0,"covered":0,"skipped":0,"pct":0},"functions":{"total":0,"covered":0,"skipped":0,"pct":0},"statements":{"total":0,"covered":0,"skipped":0,"pct":0},"branches":{"total":0,"covered":0,"skipped":0,"pct":0}}
,"D:\\projects\\forYndex\\BurgerLast\\stellar-burger-review\\src\\components\\ui\\burger-ingredients\\burger-ingredients.tsx": {"lines":{"total":2,"covered":2,"skipped":0,"pct":100},"functions":{"total":1,"covered":1,"skipped":0,"pct":100},"statements":{"total":2,"covered":2,"skipped":0,"pct":100},"branches":{"total":0,"covered":0,"skipped":0,"pct":100}}
,"D:\\projects\\forYndex\\BurgerLast\\stellar-burger-review\\src\\components\\ui\\burger-ingredients\\index.ts": {"lines":{"total":0,"covered":0,"skipped":0,"pct":0},"functions":{"total":0,"covered":0,"skipped":0,"pct":0},"statements":{"total":0,"covered":0,"skipped":0,"pct":0},"branches":{"total":0,"covered":0,"skipped":0,"pct":0}}
,"D:\\projects\\forYndex\\BurgerLast\\stellar-burger-review\\src\\components\\ui\\centering-component\\centering-component.tsx": {"lines":{"total":2,"covered":1,"skipped":0,"pct":50},"functions":{"total":1,"covered":0,"skipped":0,"pct":0},"statements":{"total":2,"covered":1,"skipped":0,"pct":50},"branches":{"total":0,"covered":0,"skipped":0,"pct":100}}
,"D:\\projects\\forYndex\\BurgerLast\\stellar-burger-review\\src\\components\\ui\\centering-component\\index.ts": {"lines":{"total":0,"covered":0,"skipped":0,"pct":0},"functions":{"total":0,"covered":0,"skipped":0,"pct":0},"statements":{"total":0,"covered":0,"skipped":0,"pct":0},"branches":{"total":0,"covered":0,"skipped":0,"pct":0}}
,"D:\\projects\\forYndex\\BurgerLast\\stellar-burger-review\\src\\components\\ui\\feed-info\\feed-info.tsx": {"lines":{"total":8,"covered":3,"skipped":0,"pct":37.5},"functions":{"total":4,"covered":0,"skipped":0,"pct":0},"statements":{"total":8,"covered":3,"skipped":0,"pct":37.5},"branches":{"total":2,"covered":0,"skipped":0,"pct":0}}
,"D:\\projects\\forYndex\\BurgerLast\\stellar-burger-review\\src\\components\\ui\\feed-info\\index.ts": {"lines":{"total":0,"covered":0,"skipped":0,"pct":0},"functions":{"total":0,"covered":0,"skipped":0,"pct":0},"statements":{"total":0,"covered":0,"skipped":0,"pct":0},"branches":{"total":0,"covered":0,"skipped":0,"pct":0}}
,"D:\\projects\\forYndex\\BurgerLast\\stellar-burger-review\\src\\components\\ui\\ingredient-details\\index.ts": {"lines":{"total":0,"covered":0,"skipped":0,"pct":0},"functions":{"total":0,"covered":0,"skipped":0,"pct":0},"statements":{"total":0,"covered":0,"skipped":0,"pct":0},"branches":{"total":0,"covered":0,"skipped":0,"pct":0}}
,"D:\\projects\\forYndex\\BurgerLast\\stellar-burger-review\\src\\components\\ui\\ingredient-details\\ingredient-details.tsx": {"lines":{"total":3,"covered":3,"skipped":0,"pct":100},"functions":{"total":1,"covered":1,"skipped":0,"pct":100},"statements":{"total":3,"covered":3,"skipped":0,"pct":100},"branches":{"total":0,"covered":0,"skipped":0,"pct":100}}
,"D:\\projects\\forYndex\\BurgerLast\\stellar-burger-review\\src\\components\\ui\\ingredients-category\\index.ts": {"lines":{"total":0,"covered":0,"skipped":0,"pct":0},"functions":{"total":0,"covered":0,"skipped":0,"pct":0},"statements":{"total":0,"covered":0,"skipped":0,"pct":0},"branches":{"total":0,"covered":0,"skipped":0,"pct":0}}
,"D:\\projects\\forYndex\\BurgerLast\\stellar-burger-review\\src\\components\\ui\\ingredients-category\\ingredients-category.tsx": {"lines":{"total":3,"covered":3,"skipped":0,"pct":100},"functions":{"total":2,"covered":2,"skipped":0,"pct":100},"statements":{"total":3,"covered":3,"skipped":0,"pct":100},"branches":{"total":0,"covered":0,"skipped":0,"pct":100}}
,"D:\\projects\\forYndex\\BurgerLast\\stellar-burger-review\\src\\components\\ui\\modal\\index.ts": {"lines":{"total":0,"covered":0,"skipped":0,"pct":0},"functions":{"total":0,"covered":0,"skipped":0,"pct":0},"statements":{"total":0,"covered":0,"skipped":0,"pct":0},"branches":{"total":0,"covered":0,"skipped":0,"pct":0}}
,"D:\\projects\\forYndex\\BurgerLast\\stellar-burger-review\\src\\components\\ui\\modal\\modal.tsx": {"lines":{"total":2,"covered":2,"skipped":0,"pct":100},"functions":{"total":1,"covered":1,"skipped":0,"pct":100},"statements":{"total":2,"covered":2,"skipped":0,"pct":100},"branches":{"total":0,"covered":0,"skipped":0,"pct":100}}
,"D:\\projects\\forYndex\\BurgerLast\\stellar-burger-review\\src\\components\\ui\\modal-overlay\\index.ts": {"lines":{"total":0,"covered":0,"skipped":0,"pct":0},"functions":{"total":0,"covered":0,"skipped":0,"pct":0},"statements":{"total":0,"covered":0,"skipped":0,"pct":0},"branches":{"total":0,"covered":0,"skipped":0,"pct":0}}
,"D:\\projects\\forYndex\\BurgerLast\\stellar-burger-review\\src\\components\\ui\\modal-overlay\\modal-overlay.tsx": {"lines":{"total":2,"covered":2,"skipped":0,"pct":100},"functions":{"total":1,"covered":1,"skipped":0,"pct":100},"statements":{"total":2,"covered":2,"skipped":0,"pct":100},"branches":{"total":0,"covered":0,"skipped":0,"pct":100}}
,"D:\\projects\\forYndex\\BurgerLast\\stellar-burger-review\\src\\components\\ui\\order-card\\index.ts": {"lines":{"total":0,"covered":0,"skipped":0,"pct":0},"functions":{"total":0,"covered":0,"skipped":0,"pct":0},"statements":{"total":0,"covered":0,"skipped":0,"pct":0},"branches":{"total":0,"covered":0,"skipped":0,"pct":0}}
,"D:\\projects\\forYndex\\BurgerLast\\stellar-burger-review\\src\\components\\ui\\order-card\\order-card.tsx": {"lines":{"total":5,"covered":1,"skipped":0,"pct":20},"functions":{"total":2,"covered":0,"skipped":0,"pct":0},"statements":{"total":5,"covered":1,"skipped":0,"pct":20},"branches":{"total":10,"covered":0,"skipped":0,"pct":0}}
,"D:\\projects\\forYndex\\BurgerLast\\stellar-burger-review\\src\\components\\ui\\order-details\\index.ts": {"lines":{"total":0,"covered":0,"skipped":0,"pct":0},"functions":{"total":0,"covered":0,"skipped":0,"pct":0},"statements":{"total":0,"covered":0,"skipped":0,"pct":0},"branches":{"total":0,"covered":0,"skipped":0,"pct":0}}
,"D:\\projects\\forYndex\\BurgerLast\\stellar-burger-review\\src\\components\\ui\\order-details\\order-details.tsx": {"lines":{"total":2,"covered":2,"skipped":0,"pct":100},"functions":{"total":1,"covered":1,"skipped":0,"pct":100},"statements":{"total":2,"covered":2,"skipped":0,"pct":100},"branches":{"total":0,"covered":0,"skipped":0,"pct":100}}
,"D:\\projects\\forYndex\\BurgerLast\\stellar-burger-review\\src\\components\\ui\\order-info\\index.ts": {"lines":{"total":0,"covered":0,"skipped":0,"pct":0},"functions":{"total":0,"covered":0,"skipped":0,"pct":0},"statements":{"total":0,"covered":0,"skipped":0,"pct":0},"branches":{"total":0,"covered":0,"skipped":0,"pct":0}}
,"D:\\projects\\forYndex\\BurgerLast\\stellar-burger-review\\src\\components\\ui\\order-info\\order-info.tsx": {"lines":{"total":3,"covered":1,"skipped":0,"pct":33.33},"functions":{"total":2,"covered":0,"skipped":0,"pct":0},"statements":{"total":3,"covered":1,"skipped":0,"pct":33.33},"branches":{"total":0,"covered":0,"skipped":0,"pct":100}}
,"D:\\projects\\forYndex\\BurgerLast\\stellar-burger-review\\src\\components\\ui\\order-status\\index.ts": {"lines":{"total":0,"covered":0,"skipped":0,"pct":0},"functions":{"total":0,"covered":0,"skipped":0,"pct":0},"statements":{"total":0,"covered":0,"skipped":0,"pct":0},"branches":{"total":0,"covered":0,"skipped":0,"pct":0}}
,"D:\\projects\\forYndex\\BurgerLast\\stellar-burger-review\\src\\components\\ui\\order-status\\order-status.tsx": {"lines":{"total":2,"covered":1,"skipped":0,"pct":50},"functions":{"total":1,"covered":0,"skipped":0,"pct":0},"statements":{"total":2,"covered":1,"skipped":0,"pct":50},"branches":{"total":0,"covered":0,"skipped":0,"pct":100}}
,"D:\\projects\\forYndex\\BurgerLast\\stellar-burger-review\\src\\components\\ui\\orders-list\\index.ts": {"lines":{"total":0,"covered":0,"skipped":0,"pct":0},"functions":{"total":0,"covered":0,"skipped":0,"pct":0},"statements":{"total":0,"covered":0,"skipped":0,"pct":0},"branches":{"total":0,"covered":0,"skipped":0,"pct":0}}
,"D:\\projects\\forYndex\\BurgerLast\\stellar-burger-review\\src\\components\\ui\\orders-list\\orders-list.tsx": {"lines":{"total":3,"covered":1,"skipped":0,"pct":33.33},"functions":{"total":2,"covered":0,"skipped":0,"pct":0},"statements":{"total":3,"covered":1,"skipped":0,"pct":33.33},"branches":{"total":0,"covered":0,"skipped":0,"pct":100}}
,"D:\\projects\\forYndex\\BurgerLast\\stellar-burger-review\\src\\components\\ui\\pages\\index.ts": {"lines":{"total":0,"covered":0,"skipped":0,"pct":0},"functions":{"total":0,"covered":0,"skipped":0,"pct":0},"statements":{"total":0,"covered":0,"skipped":0,"pct":0},"branches":{"total":0,"covered":0,"skipped":0,"pct":0}}
,"D:\\projects\\forYndex\\BurgerLast\\stellar-burger-review\\src\\components\\ui\\pages\\constructor-page\\constructor-page.tsx": {"lines":{"total":2,"covered":1,"skipped":0,"pct":50},"functions":{"total":1,"covered":0,"skipped":0,"pct":0},"statements":{"total":2,"covered":1,"skipped":0,"pct":50},"branches":{"total":2,"covered":0,"skipped":0,"pct":0}}
,"D:\\projects\\forYndex\\BurgerLast\\stellar-burger-review\\src\\components\\ui\\pages\\constructor-page\\index.ts": {"lines":{"total":0,"covered":0,"skipped":0,"pct":0},"functions":{"total":0,"covered":0,"skipped":0,"pct":0},"statements":{"total":0,"covered":0,"skipped":0,"pct":0},"branches":{"total":0,"covered":0,"skipped":0,"pct":0}}
,"D:\\projects\\forYndex\\BurgerLast\\stellar-burger-review\\src\\components\\ui\\pages\\feed\\feed.tsx": {"lines":{"total":2,"covered":1,"skipped":0,"pct":50},"functions":{"total":1,"covered":0,"skipped":0,"pct":0},"statements":{"total":2,"covered":1,"skipped":0,"pct":50},"branches":{"total":0,"covered":0,"skipped":0,"pct":100}}
,"D:\\projects\\forYndex\\BurgerLast\\stellar-burger-review\\src\\components\\ui\\pages\\feed\\index.ts": {"lines":{"total":0,"covered":0,"skipped":0,"pct":0},"functions":{"total":0,"covered":0,"skipped":0,"pct":0},"statements":{"total":0,"covered":0,"skipped":0,"pct":0},"branches":{"total":0,"covered":0,"skipped":0,"pct":0}}
,"D:\\projects\\forYndex\\BurgerLast\\stellar-burger-review\\src\\components\\ui\\pages\\forgot-password\\forgot-password.tsx": {"lines":{"total":3,"covered":1,"skipped":0,"pct":33.33},"functions":{"total":2,"covered":0,"skipped":0,"pct":0},"statements":{"total":3,"covered":1,"skipped":0,"pct":33.33},"branches":{"total":2,"covered":0,"skipped":0,"pct":0}}
,"D:\\projects\\forYndex\\BurgerLast\\stellar-burger-review\\src\\components\\ui\\pages\\forgot-password\\index.ts": {"lines":{"total":0,"covered":0,"skipped":0,"pct":0},"functions":{"total":0,"covered":0,"skipped":0,"pct":0},"statements":{"total":0,"covered":0,"skipped":0,"pct":0},"branches":{"total":0,"covered":0,"skipped":0,"pct":0}}
,"D:\\projects\\forYndex\\BurgerLast\\stellar-burger-review\\src\\components\\ui\\pages\\login\\index.ts": {"lines":{"total":0,"covered":0,"skipped":0,"pct":0},"functions":{"total":0,"covered":0,"skipped":0,"pct":0},"statements":{"total":0,"covered":0,"skipped":0,"pct":0},"branches":{"total":0,"covered":0,"skipped":0,"pct":0}}
,"D:\\projects\\forYndex\\BurgerLast\\stellar-burger-review\\src\\components\\ui\\pages\\login\\login.tsx": {"lines":{"total":4,"covered":1,"skipped":0,"pct":25},"functions":{"total":3,"covered":0,"skipped":0,"pct":0},"statements":{"total":4,"covered":1,"skipped":0,"pct":25},"branches":{"total":2,"covered":0,"skipped":0,"pct":0}}
,"D:\\projects\\forYndex\\BurgerLast\\stellar-burger-review\\src\\components\\ui\\pages\\profile\\index.ts": {"lines":{"total":0,"covered":0,"skipped":0,"pct":0},"functions":{"total":0,"covered":0,"skipped":0,"pct":0},"statements":{"total":0,"covered":0,"skipped":0,"pct":0},"branches":{"total":0,"covered":0,"skipped":0,"pct":0}}
,"D:\\projects\\forYndex\\BurgerLast\\stellar-burger-review\\src\\components\\ui\\pages\\profile\\profile.tsx": {"lines":{"total":2,"covered":1,"skipped":0,"pct":50},"functions":{"total":1,"covered":0,"skipped":0,"pct":0},"statements":{"total":2,"covered":1,"skipped":0,"pct":50},"branches":{"total":4,"covered":0,"skipped":0,"pct":0}}
,"D:\\projects\\forYndex\\BurgerLast\\stellar-burger-review\\src\\components\\ui\\pages\\profile-orders\\index.ts": {"lines":{"total":0,"covered":0,"skipped":0,"pct":0},"functions":{"total":0,"covered":0,"skipped":0,"pct":0},"statements":{"total":0,"covered":0,"skipped":0,"pct":0},"branches":{"total":0,"covered":0,"skipped":0,"pct":0}}
,"D:\\projects\\forYndex\\BurgerLast\\stellar-burger-review\\src\\components\\ui\\pages\\profile-orders\\profile-orders.tsx": {"lines":{"total":2,"covered":1,"skipped":0,"pct":50},"functions":{"total":1,"covered":0,"skipped":0,"pct":0},"statements":{"total":2,"covered":1,"skipped":0,"pct":50},"branches":{"total":0,"covered":0,"skipped":0,"pct":100}}
,"D:\\projects\\forYndex\\BurgerLast\\stellar-burger-review\\src\\components\\ui\\pages\\register\\index.ts": {"lines":{"total":0,"covered":0,"skipped":0,"pct":0},"functions":{"total":0,"covered":0,"skipped":0,"pct":0},"statements":{"total":0,"covered":0,"skipped":0,"pct":0},"branches":{"total":0,"covered":0,"skipped":0,"pct":0}}
,"D:\\projects\\forYndex\\BurgerLast\\stellar-burger-review\\src\\components\\ui\\pages\\register\\register.tsx": {"lines":{"total":5,"covered":1,"skipped":0,"pct":20},"functions":{"total":4,"covered":0,"skipped":0,"pct":0},"statements":{"total":5,"covered":1,"skipped":0,"pct":20},"branches":{"total":2,"covered":0,"skipped":0,"pct":0}}
,"D:\\projects\\forYndex\\BurgerLast\\stellar-burger-review\\src\\components\\ui\\pages\\reset-password\\index.ts": {"lines":{"total":0,"covered":0,"skipped":0,"pct":0},"functions":{"total":0,"covered":0,"skipped":0,"pct":0},"statements":{"total":0,"covered":0,"skipped":0,"pct":0},"branches":{"total":0,"covered":0,"skipped":0,"pct":0}}
,"D:\\projects\\forYndex\\BurgerLast\\stellar-burger-review\\src\\components\\ui\\pages\\reset-password\\reset-password.tsx": {"lines":{"total":4,"covered":1,"skipped":0,"pct":25},"functions":{"total":3,"covered":0,"skipped":0,"pct":0},"statements":{"total":4,"covered":1,"skipped":0,"pct":25},"branches":{"total":2,"covered":0,"skipped":0,"pct":0}}
,"D:\\projects\\forYndex\\BurgerLast\\stellar-burger-review\\src\\components\\ui\\preloader\\index.ts": {"lines":{"total":0,"covered":0,"skipped":0,"pct":0},"functions":{"total":0,"covered":0,"skipped":0,"pct":0},"statements":{"total":0,"covered":0,"skipped":0,"pct":0},"branches":{"total":0,"covered":0,"skipped":0,"pct":0}}
,"D:\\projects\\forYndex\\BurgerLast\\stellar-burger-review\\src\\components\\ui\\preloader\\preloader.tsx": {"lines":{"total":2,"covered":2,"skipped":0,"pct":100},"functions":{"total":1,"covered":1,"skipped":0,"pct":100},"statements":{"total":2,"covered":2,"skipped":0,"pct":100},"branches":{"total":0,"covered":0,"skipped":0,"pct":100}}
,"D:\\projects\\forYndex\\BurgerLast\\stellar-burger-review\\src\\components\\ui\\profile-menu\\index.ts": {"lines":{"total":0,"covered":0,"skipped":0,"pct":0},"functions":{"total":0,"covered":0,"skipped":0,"pct":0},"statements":{"total":0,"covered":0,"skipped":0,"pct":0},"branches":{"total":0,"covered":0,"skipped":0,"pct":0}}
,"D:\\projects\\forYndex\\BurgerLast\\stellar-burger-review\\src\\components\\ui\\profile-menu\\profile-menu.tsx": {"lines":{"total":4,"covered":1,"skipped":0,"pct":25},"functions":{"total":3,"covered":0,"skipped":0,"pct":0},"statements":{"total":4,"covered":1,"skipped":0,"pct":25},"branches":{"total":6,"covered":0,"skipped":0,"pct":0}}
,"D:\\projects\\forYndex\\BurgerLast\\stellar-burger-review\\src\\pages\\index.ts": {"lines":{"total":0,"covered":0,"skipped":0,"pct":0},"functions":{"total":0,"covered":0,"skipped":0,"pct":0},"statements":{"total":0,"covered":0,"skipped":0,"pct":0},"branches":{"total":0,"covered":0,"skipped":0,"pct":0}}
,"D:\\projects\\forYndex\\BurgerLast\\stellar-burger-review\\src\\pages\\constructor-page\\constructor-page.tsx": {"lines":{"total":3,"covered":3,"skipped":0,"pct":100},"functions":{"total":1,"covered":1,"skipped":0,"pct":100},"statements":{"total":3,"covered":3,"skipped":0,"pct":100},"branches":{"total":2,"covered":2,"skipped":0,"pct":100}}
,"D:\\projects\\forYndex\\BurgerLast\\stellar-burger-review\\src\\pages\\constructor-page\\index.ts": {"lines":{"total":0,"covered":0,"skipped":0,"pct":0},"functions":{"total":0,"covered":0,"skipped":0,"pct":0},"statements":{"total":0,"covered":0,"skipped":0,"pct":0},"branches":{"total":0,"covered":0,"skipped":0,"pct":0}}
,"D:\\projects\\forYndex\\BurgerLast\\stellar-burger-review\\src\\pages\\feed\\feed.tsx": {"lines":{"total":8,"covered":1,"skipped":0,"pct":12.5},"functions":{"total":3,"covered":0,"skipped":0,"pct":0},"statements":{"total":9,"covered":1,"skipped":0,"pct":11.11},"branches":{"total":2,"covered":0,"skipped":0,"pct":0}}
,"D:\\projects\\forYndex\\BurgerLast\\stellar-burger-review\\src\\pages\\feed\\index.ts": {"lines":{"total":0,"covered":0,"skipped":0,"pct":0},"functions":{"total":0,"covered":0,"skipped":0,"pct":0},"statements":{"total":0,"covered":0,"skipped":0,"pct":0},"branches":{"total":0,"covered":0,"skipped":0,"pct":0}}
,"D:\\projects\\forYndex\\BurgerLast\\stellar-burger-review\\src\\pages\\forgot-password\\forgot-password.tsx": {"lines":{"total":12,"covered":1,"skipped":0,"pct":8.33},"functions":{"total":4,"covered":0,"skipped":0,"pct":0},"statements":{"total":12,"covered":1,"skipped":0,"pct":8.33},"branches":{"total":0,"covered":0,"skipped":0,"pct":100}}
,"D:\\projects\\forYndex\\BurgerLast\\stellar-burger-review\\src\\pages\\forgot-password\\index.ts": {"lines":{"total":0,"covered":0,"skipped":0,"pct":0},"functions":{"total":0,"covered":0,"skipped":0,"pct":0},"statements":{"total":0,"covered":0,"skipped":0,"pct":0},"branches":{"total":0,"covered":0,"skipped":0,"pct":0}}
,"D:\\projects\\forYndex\\BurgerLast\\stellar-burger-review\\src\\pages\\login\\index.ts": {"lines":{"total":0,"covered":0,"skipped":0,"pct":0},"functions":{"total":0,"covered":0,"skipped":0,"pct":0},"statements":{"total":0,"covered":0,"skipped":0,"pct":0},"branches":{"total":0,"covered":0,"skipped":0,"pct":0}}
,"D:\\projects\\forYndex\\BurgerLast\\stellar-burger-review\\src\\pages\\login\\login.tsx": {"lines":{"total":14,"covered":1,"skipped":0,"pct":7.14},"functions":{"total":2,"covered":0,"skipped":0,"pct":0},"statements":{"total":14,"covered":1,"skipped":0,"pct":7.14},"branches":{"total":6,"covered":0,"skipped":0,"pct":0}}
,"D:\\projects\\forYndex\\BurgerLast\\stellar-burger-review\\src\\pages\\not-fount-404\\index.ts": {"lines":{"total":0,"covered":0,"skipped":0,"pct":0},"functions":{"total":0,"covered":0,"skipped":0,"pct":0},"statements":{"total":0,"covered":0,"skipped":0,"pct":0},"branches":{"total":0,"covered":0,"skipped":0,"pct":0}}
,"D:\\projects\\forYndex\\BurgerLast\\stellar-burger-review\\src\\pages\\not-fount-404\\not-fount-404.tsx": {"lines":{"total":2,"covered":1,"skipped":0,"pct":50},"functions":{"total":1,"covered":0,"skipped":0,"pct":0},"statements":{"total":2,"covered":1,"skipped":0,"pct":50},"branches":{"total":0,"covered":0,"skipped":0,"pct":100}}
,"D:\\projects\\forYndex\\BurgerLast\\stellar-burger-review\\src\\pages\\profile\\index.ts": {"lines":{"total":0,"covered":0,"skipped":0,"pct":0},"functions":{"total":0,"covered":0,"skipped":0,"pct":0},"statements":{"total":0,"covered":0,"skipped":0,"pct":0},"branches":{"total":0,"covered":0,"skipped":0,"pct":0}}
,"D:\\projects\\forYndex\\BurgerLast\\stellar-burger-review\\src\\pages\\profile\\profile.tsx": {"lines":{"total":21,"covered":1,"skipped":0,"pct":4.76},"functions":{"total":7,"covered":0,"skipped":0,"pct":0},"statements":{"total":23,"covered":1,"skipped":0,"pct":4.34},"branches":{"total":13,"covered":0,"skipped":0,"pct":0}}
,"D:\\projects\\forYndex\\BurgerLast\\stellar-burger-review\\src\\pages\\profile-orders\\index.ts": {"lines":{"total":0,"covered":0,"skipped":0,"pct":0},"functions":{"total":0,"covered":0,"skipped":0,"pct":0},"statements":{"total":0,"covered":0,"skipped":0,"pct":0},"branches":{"total":0,"covered":0,"skipped":0,"pct":0}}
,"D:\\projects\\forYndex\\BurgerLast\\stellar-burger-review\\src\\pages\\profile-orders\\profile-orders.tsx": {"lines":{"total":9,"covered":1,"skipped":0,"pct":11.11},"functions":{"total":2,"covered":0,"skipped":0,"pct":0},"statements":{"total":9,"covered":1,"skipped":0,"pct":11.11},"branches":{"total":2,"covered":0,"skipped":0,"pct":0}}
,"D:\\projects\\forYndex\\BurgerLast\\stellar-burger-review\\src\\pages\\register\\index.ts": {"lines":{"total":0,"covered":0,"skipped":0,"pct":0},"functions":{"total":0,"covered":0,"skipped":0,"pct":0},"statements":{"total":0,"covered":0,"skipped":0,"pct":0},"branches":{"total":0,"covered":0,"skipped":0,"pct":0}}
,"D:\\projects\\forYndex\\BurgerLast\\stellar-burger-review\\src\\pages\\register\\register.tsx": {"lines":{"total":12,"covered":1,"skipped":0,"pct":8.33},"functions":{"total":2,"covered":0,"skipped":0,"pct":0},"statements":{"total":12,"covered":1,"skipped":0,"pct":8.33},"branches":{"total":0,"covered":0,"skipped":0,"pct":100}}
,"D:\\projects\\forYndex\\BurgerLast\\stellar-burger-review\\src\\pages\\reset-password\\index.ts": {"lines":{"total":0,"covered":0,"skipped":0,"pct":0},"functions":{"total":0,"covered":0,"skipped":0,"pct":0},"statements":{"total":0,"covered":0,"skipped":0,"pct":0},"branches":{"total":0,"covered":0,"skipped":0,"pct":0}}
,"D:\\projects\\forYndex\\BurgerLast\\stellar-burger-review\\src\\pages\\reset-password\\reset-password.tsx": {"lines":{"total":16,"covered":1,"skipped":0,"pct":6.25},"functions":{"total":5,"covered":0,"skipped":0,"pct":0},"statements":{"total":16,"covered":1,"skipped":0,"pct":6.25},"branches":{"total":2,"covered":0,"skipped":0,"pct":0}}
,"D:\\projects\\forYndex\\BurgerLast\\stellar-burger-review\\src\\services\\store.ts": {"lines":{"total":4,"covered":4,"skipped":0,"pct":100},"functions":{"total":1,"covered":1,"skipped":0,"pct":100},"statements":{"total":5,"covered":5,"skipped":0,"pct":100},"branches":{"total":0,"covered":0,"skipped":0,"pct":100}}
,"D:\\projects\\forYndex\\BurgerLast\\stellar-burger-review\\src\\services\\slices\\constructorSlice\\constructorSlice.ts": {"lines":{"total":39,"covered":28,"skipped":0,"pct":71.79},"functions":{"total":15,"covered":9,"skipped":0,"pct":60},"statements":{"total":39,"covered":28,"skipped":0,"pct":71.79},"branches":{"total":15,"covered":11,"skipped":0,"pct":73.33}}
,"D:\\projects\\forYndex\\BurgerLast\\stellar-burger-review\\src\\services\\slices\\feedSlice\\feedSlice.ts": {"lines":{"total":21,"covered":5,"skipped":0,"pct":23.8},"functions":{"total":6,"covered":1,"skipped":0,"pct":16.66},"statements":{"total":21,"covered":5,"skipped":0,"pct":23.8},"branches":{"total":8,"covered":0,"skipped":0,"pct":0}}
,"D:\\projects\\forYndex\\BurgerLast\\stellar-burger-review\\src\\services\\slices\\ingredientSlice\\ingredientSlice.ts": {"lines":{"total":19,"covered":15,"skipped":0,"pct":78.94},"functions":{"total":6,"covered":5,"skipped":0,"pct":83.33},"statements":{"total":19,"covered":15,"skipped":0,"pct":78.94},"branches":{"total":2,"covered":1,"skipped":0,"pct":50}}
,"D:\\projects\\forYndex\\BurgerLast\\stellar-burger-review\\src\\services\\slices\\orderSlice\\orderSlice.ts": {"lines":{"total":21,"covered":5,"skipped":0,"pct":23.8},"functions":{"total":6,"covered":1,"skipped":0,"pct":16.66},"statements":{"total":21,"covered":5,"skipped":0,"pct":23.8},"branches":{"total":11,"covered":0,"skipped":0,"pct":0}}
,"D:\\projects\\forYndex\\BurgerLast\\stellar-burger-review\\src\\services\\slices\\userSlice\\userSlice.ts": {"lines":{"total":116,"covered":23,"skipped":0,"pct":19.82},"functions":{"total":29,"covered":5,"skipped":0,"pct":17.24},"statements":{"total":117,"covered":23,"skipped":0,"pct":19.65},"branches":{"total":28,"covered":1,"skipped":0,"pct":3.57}}
,"D:\\projects\\forYndex\\BurgerLast\\stellar-burger-review\\src\\utils\\burger-api.ts": {"lines":{"total":70,"covered":26,"skipped":0,"pct":37.14},"functions":{"total":34,"covered":8,"skipped":0,"pct":23.52},"statements":{"total":79,"covered":28,"skipped":0,"pct":35.44},"branches":{"total":24,"covered":3,"skipped":0,"pct":12.5}}
,"D:\\projects\\forYndex\\BurgerLast\\stellar-burger-review\\src\\utils\\cookie.ts": {"lines":{"total":19,"covered":2,"skipped":0,"pct":10.52},"functions":{"total":3,"covered":1,"skipped":0,"pct":33.33},"statements":{"total":19,"covered":2,"skipped":0,"pct":10.52},"branches":{"total":13,"covered":2,"skipped":0,"pct":15.38}}
}
