TN:
SF:src\index.tsx
FNF:0
FNH:0
DA:8,260
DA:9,260
DA:11,260
LF:3
LH:3
BRF:0
BRH:0
end_of_record
TN:
SF:src\components\index.ts
FNF:0
FNH:0
LF:0
LH:0
BRF:0
BRH:0
end_of_record
TN:
SF:src\components\app\app.tsx
FN:24,(anonymous_0)
FN:29,(anonymous_1)
FN:84,(anonymous_2)
FN:98,(anonymous_3)
FN:112,(anonymous_4)
FNF:5
FNH:3
FNDA:702,(anonymous_0)
FNDA:520,(anonymous_1)
FNDA:39,(anonymous_2)
FNDA:0,(anonymous_3)
FNDA:0,(anonymous_4)
DA:24,260
DA:25,702
DA:26,702
DA:27,702
DA:29,702
DA:30,520
DA:31,520
DA:34,702
DA:85,39
DA:99,0
DA:113,0
LF:11
LH:9
BRDA:37,0,0,702
BRDA:37,0,1,598
BRDA:77,1,0,702
BRDA:77,1,1,104
BRF:4
BRH:4
end_of_record
TN:
SF:src\components\app-header\app-header.tsx
FN:6,(anonymous_0)
FNF:1
FNH:1
FNDA:2262,(anonymous_0)
DA:6,260
DA:7,2262
DA:8,2262
LF:3
LH:3
BRDA:8,0,0,2262
BRDA:8,0,1,1040
BRF:2
BRH:2
end_of_record
TN:
SF:src\components\app-header\index.ts
FNF:0
FNH:0
LF:0
LH:0
BRF:0
BRH:0
end_of_record
TN:
SF:src\components\burger-constructor\burger-constructor.tsx
FN:14,(anonymous_0)
FN:24,(anonymous_1)
FN:31,(anonymous_2)
FN:41,(anonymous_3)
FN:47,(anonymous_4)
FN:50,(anonymous_5)
FNF:6
FNH:6
FNDA:3040,(anonymous_0)
FNDA:210,(anonymous_1)
FNDA:11,(anonymous_2)
FNDA:3,(anonymous_3)
FNDA:1376,(anonymous_4)
FNDA:186,(anonymous_5)
DA:14,260
DA:15,3040
DA:17,3040
DA:18,3040
DA:20,3040
DA:22,3040
DA:23,3040
DA:24,210
DA:26,3040
DA:27,284
DA:28,284
DA:31,3040
DA:32,11
DA:33,11
DA:34,11
DA:35,0
DA:36,0
DA:37,0
DA:38,0
DA:41,3040
DA:42,3
DA:43,3
DA:46,3040
DA:48,1376
DA:50,186
DA:56,3040
LF:26
LH:22
BRDA:26,0,0,284
BRDA:26,0,1,2756
BRDA:32,1,0,11
BRDA:32,1,1,0
BRDA:32,2,0,11
BRDA:32,2,1,11
BRDA:35,3,0,0
BRDA:35,3,1,0
BRDA:35,4,0,0
BRDA:35,4,1,0
BRDA:37,5,0,0
BRDA:37,5,1,0
BRDA:48,6,0,262
BRDA:48,6,1,1114
BRF:14
BRH:7
end_of_record
TN:
SF:src\components\burger-constructor\index.ts
FNF:0
FNH:0
LF:0
LH:0
BRF:0
BRH:0
end_of_record
TN:
SF:src\components\burger-constructor-element\burger-constructor-element.tsx
FN:12,(anonymous_0)
FN:15,(anonymous_1)
FN:19,(anonymous_2)
FN:23,(anonymous_3)
FNF:4
FNH:1
FNDA:134,(anonymous_0)
FNDA:0,(anonymous_1)
FNDA:0,(anonymous_2)
FNDA:0,(anonymous_3)
DA:11,260
DA:13,134
DA:15,134
DA:16,0
DA:19,134
DA:20,0
DA:23,134
DA:24,0
DA:27,134
LF:9
LH:6
BRF:0
BRH:0
end_of_record
TN:
SF:src\components\burger-constructor-element\index.ts
FNF:0
FNH:0
LF:0
LH:0
BRF:0
BRH:0
end_of_record
TN:
SF:src\components\burger-ingredient\burger-ingredient.tsx
FN:9,(anonymous_0)
FN:13,(anonymous_1)
FNF:2
FNH:2
FNDA:18740,(anonymous_0)
FNDA:157,(anonymous_1)
DA:8,260
DA:10,18740
DA:11,18740
DA:13,18740
DA:14,157
DA:17,18740
LF:6
LH:6
BRF:0
BRH:0
end_of_record
TN:
SF:src\components\burger-ingredient\index.ts
FNF:0
FNH:0
LF:0
LH:0
BRF:0
BRH:0
end_of_record
TN:
SF:src\components\burger-ingredients\burger-ingredients.tsx
FN:8,(anonymous_0)
FN:11,(anonymous_1)
FN:12,(anonymous_2)
FN:13,(anonymous_3)
FN:32,(anonymous_4)
FN:42,(anonymous_5)
FNF:6
FNH:5
FNDA:3314,(anonymous_0)
FNDA:41910,(anonymous_1)
FNDA:41910,(anonymous_2)
FNDA:41910,(anonymous_3)
FNDA:1238,(anonymous_4)
FNDA:0,(anonymous_5)
DA:8,260
DA:9,3314
DA:11,41910
DA:12,41910
DA:13,41910
DA:15,3314
DA:16,3314
DA:17,3314
DA:18,3314
DA:20,3314
DA:24,3314
DA:28,3314
DA:32,3314
DA:33,1238
DA:34,101
DA:35,1137
DA:36,0
DA:37,1137
DA:38,97
DA:42,3314
DA:43,0
DA:44,0
DA:45,0
DA:46,0
DA:47,0
DA:48,0
DA:49,0
DA:52,3314
LF:28
LH:20
BRDA:33,0,0,101
BRDA:33,0,1,1137
BRDA:35,1,0,0
BRDA:35,1,1,1137
BRDA:37,2,0,97
BRDA:37,2,1,1040
BRDA:44,3,0,0
BRDA:44,3,1,0
BRDA:46,4,0,0
BRDA:46,4,1,0
BRDA:48,5,0,0
BRDA:48,5,1,0
BRF:12
BRH:5
end_of_record
TN:
SF:src\components\burger-ingredients\index.ts
FNF:0
FNH:0
LF:0
LH:0
BRF:0
BRH:0
end_of_record
TN:
SF:src\components\centering-component\centering-component.tsx
FN:7,(anonymous_0)
FN:11,(anonymous_1)
FNF:2
FNH:0
FNDA:0,(anonymous_0)
FNDA:0,(anonymous_1)
DA:6,260
DA:8,0
DA:9,0
DA:11,0
DA:12,0
DA:13,0
DA:17,0
LF:7
LH:1
BRDA:12,0,0,0
BRDA:12,0,1,0
BRF:2
BRH:0
end_of_record
TN:
SF:src\components\feed-info\feed-info.tsx
FN:7,(anonymous_0)
FN:9,(anonymous_1)
FN:10,(anonymous_2)
FN:13,(anonymous_3)
FNF:4
FNH:0
FNDA:0,(anonymous_0)
FNDA:0,(anonymous_1)
FNDA:0,(anonymous_2)
FNDA:0,(anonymous_3)
DA:7,260
DA:8,0
DA:9,0
DA:10,0
DA:13,260
DA:14,0
DA:16,0
DA:18,0
DA:20,0
DA:22,0
LF:10
LH:2
BRF:0
BRH:0
end_of_record
TN:
SF:src\components\feed-info\index.ts
FNF:0
FNH:0
LF:0
LH:0
BRF:0
BRH:0
end_of_record
TN:
SF:src\components\ingredient-details\index.ts
FNF:0
FNH:0
LF:0
LH:0
BRF:0
BRH:0
end_of_record
TN:
SF:src\components\ingredient-details\ingredient-details.tsx
FN:8,(anonymous_0)
FN:12,(anonymous_1)
FNF:2
FNH:2
FNDA:104,(anonymous_0)
FNDA:208,(anonymous_1)
DA:8,260
DA:9,104
DA:10,104
DA:12,104
DA:13,208
DA:14,104
DA:18,104
DA:19,0
DA:22,104
LF:9
LH:8
BRDA:13,0,0,104
BRDA:13,0,1,104
BRDA:18,1,0,0
BRDA:18,1,1,104
BRF:4
BRH:3
end_of_record
TN:
SF:src\components\ingredients-category\index.ts
FNF:0
FNH:0
LF:0
LH:0
BRF:0
BRH:0
end_of_record
TN:
SF:src\components\ingredients-category\ingredients-category.tsx
FN:11,(anonymous_0)
FN:14,(anonymous_1)
FN:17,(anonymous_2)
FNF:3
FNH:3
FNDA:10560,(anonymous_0)
FNDA:4128,(anonymous_1)
FNDA:558,(anonymous_2)
DA:8,260
DA:12,10560
DA:14,10560
DA:15,4128
DA:16,4128
DA:17,4128
DA:18,558
DA:19,558
DA:21,4128
DA:22,4128
DA:25,10560
LF:11
LH:11
BRDA:18,0,0,552
BRDA:18,0,1,6
BRDA:21,1,0,786
BRDA:21,1,1,3342
BRF:4
BRH:4
end_of_record
TN:
SF:src\components\modal\index.ts
FNF:0
FNH:0
LF:0
LH:0
BRF:0
BRH:0
end_of_record
TN:
SF:src\components\modal\modal.tsx
FN:9,(anonymous_0)
FN:10,(anonymous_1)
FN:11,(anonymous_2)
FN:16,(anonymous_3)
FNF:4
FNH:4
FNDA:148,(anonymous_0)
FNDA:148,(anonymous_1)
FNDA:13,(anonymous_2)
FNDA:127,(anonymous_3)
DA:7,260
DA:9,260
DA:10,148
DA:11,148
DA:12,13
DA:15,148
DA:16,148
DA:17,127
DA:21,148
LF:9
LH:9
BRDA:12,0,0,13
BRDA:12,0,1,13
BRF:2
BRH:2
end_of_record
TN:
SF:src\components\order-card\index.ts
FNF:0
FNH:0
LF:0
LH:0
BRF:0
BRH:0
end_of_record
TN:
SF:src\components\order-card\order-card.tsx
FN:11,(anonymous_0)
FN:16,(anonymous_1)
FN:20,(anonymous_2)
FN:21,(anonymous_3)
FN:28,(anonymous_4)
FNF:5
FNH:0
FNDA:0,(anonymous_0)
FNDA:0,(anonymous_1)
FNDA:0,(anonymous_2)
FNDA:0,(anonymous_3)
FNDA:0,(anonymous_4)
DA:9,260
DA:11,260
DA:12,0
DA:14,0
DA:16,0
DA:17,0
DA:19,0
DA:21,0
DA:22,0
DA:23,0
DA:28,0
DA:30,0
DA:33,0
DA:37,0
DA:38,0
DA:48,0
DA:50,0
LF:17
LH:2
BRDA:17,0,0,0
BRDA:17,0,1,0
BRDA:22,1,0,0
BRDA:22,1,1,0
BRDA:33,2,0,0
BRDA:33,2,1,0
BRDA:48,3,0,0
BRDA:48,3,1,0
BRF:8
BRH:0
end_of_record
TN:
SF:src\components\order-info\index.ts
FNF:0
FNH:0
LF:0
LH:0
BRF:0
BRH:0
end_of_record
TN:
SF:src\components\order-info\order-info.tsx
FN:13,(anonymous_0)
FN:19,(anonymous_1)
FN:23,(anonymous_2)
FN:33,(anonymous_3)
FN:35,(anonymous_4)
FN:52,(anonymous_5)
FNF:6
FNH:0
FNDA:0,(anonymous_0)
FNDA:0,(anonymous_1)
FNDA:0,(anonymous_2)
FNDA:0,(anonymous_3)
FNDA:0,(anonymous_4)
FNDA:0,(anonymous_5)
DA:13,260
DA:14,0
DA:15,0
DA:16,0
DA:17,0
DA:19,0
DA:20,0
DA:23,0
DA:24,0
DA:26,0
DA:32,0
DA:34,0
DA:35,0
DA:36,0
DA:37,0
DA:43,0
DA:46,0
DA:51,0
DA:52,0
DA:56,0
DA:64,0
DA:65,0
DA:68,0
LF:23
LH:1
BRDA:24,0,0,0
BRDA:24,0,1,0
BRDA:24,1,0,0
BRDA:24,1,1,0
BRDA:34,2,0,0
BRDA:34,2,1,0
BRDA:36,3,0,0
BRDA:36,3,1,0
BRDA:64,4,0,0
BRDA:64,4,1,0
BRDA:64,5,0,0
BRDA:64,5,1,0
BRF:12
BRH:0
end_of_record
TN:
SF:src\components\order-status\index.ts
FNF:0
FNH:0
LF:0
LH:0
BRF:0
BRH:0
end_of_record
TN:
SF:src\components\order-status\order-status.tsx
FN:11,(anonymous_0)
FNF:1
FNH:0
FNDA:0,(anonymous_0)
DA:5,260
DA:11,260
DA:12,0
DA:13,0
DA:15,0
DA:16,0
DA:18,0
DA:19,0
DA:21,0
DA:24,0
LF:10
LH:2
BRDA:13,0,0,0
BRDA:13,0,1,0
BRDA:13,0,2,0
BRF:3
BRH:0
end_of_record
TN:
SF:src\components\orders-list\index.ts
FNF:0
FNH:0
LF:0
LH:0
BRF:0
BRH:0
end_of_record
TN:
SF:src\components\orders-list\orders-list.tsx
FN:6,(anonymous_0)
FN:8,(anonymous_1)
FNF:2
FNH:0
FNDA:0,(anonymous_0)
FNDA:0,(anonymous_1)
DA:6,260
DA:7,0
DA:8,0
DA:11,0
LF:4
LH:1
BRF:0
BRH:0
end_of_record
TN:
SF:src\components\profile-menu\index.ts
FNF:0
FNH:0
LF:0
LH:0
BRF:0
BRH:0
end_of_record
TN:
SF:src\components\profile-menu\profile-menu.tsx
FN:7,(anonymous_0)
FN:12,(anonymous_1)
FNF:2
FNH:0
FNDA:0,(anonymous_0)
FNDA:0,(anonymous_1)
DA:7,260
DA:8,0
DA:9,0
DA:10,0
DA:12,0
DA:13,0
DA:14,0
DA:17,0
LF:8
LH:1
BRF:0
BRH:0
end_of_record
TN:
SF:src\components\protected-route\protected-route.tsx
FN:10,(anonymous_0)
FNF:1
FNH:0
FNDA:0,(anonymous_0)
DA:10,260
DA:11,0
DA:13,0
DA:14,0
DA:15,0
DA:17,0
DA:18,0
DA:21,0
DA:22,0
DA:23,0
DA:26,0
DA:27,0
DA:30,0
LF:13
LH:1
BRDA:17,0,0,0
BRDA:17,0,1,0
BRDA:17,1,0,0
BRDA:17,1,1,0
BRDA:21,2,0,0
BRDA:21,2,1,0
BRDA:21,3,0,0
BRDA:21,3,1,0
BRDA:22,4,0,0
BRDA:22,4,1,0
BRDA:26,5,0,0
BRDA:26,5,1,0
BRF:12
BRH:0
end_of_record
TN:
SF:src\components\ui\index.ts
FNF:0
FNH:0
LF:0
LH:0
BRF:0
BRH:0
end_of_record
TN:
SF:src\components\ui\app-header\app-header.tsx
FN:12,(anonymous_0)
FN:27,(anonymous_1)
FN:41,(anonymous_2)
FN:55,(anonymous_3)
FN:69,(anonymous_4)
FN:84,(anonymous_5)
FNF:6
FNH:6
FNDA:2262,(anonymous_0)
FNDA:2262,(anonymous_1)
FNDA:2262,(anonymous_2)
FNDA:2262,(anonymous_3)
FNDA:1222,(anonymous_4)
FNDA:1040,(anonymous_5)
DA:12,260
DA:13,2262
DA:14,2262
DA:15,2262
DA:16,104
DA:17,2158
DA:18,2158
DA:21,2262
DA:28,2262
DA:42,2262
DA:56,2262
DA:70,1222
DA:85,1040
LF:13
LH:13
BRDA:15,0,0,104
BRDA:15,0,1,2158
BRDA:17,1,0,2158
BRDA:17,1,1,0
BRDA:30,2,0,2262
BRDA:30,2,1,0
BRDA:30,3,0,2262
BRDA:30,3,1,0
BRDA:44,4,0,0
BRDA:44,4,1,2262
BRDA:58,5,0,2158
BRDA:58,5,1,104
BRDA:66,6,0,1222
BRDA:66,6,1,1040
BRDA:72,7,0,0
BRDA:72,7,1,1222
BRDA:78,8,0,1222
BRDA:78,8,1,0
BRDA:87,9,0,0
BRDA:87,9,1,1040
BRDA:93,10,0,1040
BRDA:93,10,1,1040
BRF:22
BRH:15
end_of_record
TN:
SF:src\components\ui\app-header\index.ts
FNF:0
FNH:0
LF:0
LH:0
BRF:0
BRH:0
end_of_record
TN:
SF:src\components\ui\burger-constructor\burger-constructor.tsx
FN:13,(anonymous_0)
FN:42,(anonymous_1)
FN:13,(anonymous_0)
FNF:3
FNH:3
FNDA:3040,(anonymous_0)
FNDA:210,(anonymous_1)
FNDA:948,(anonymous_0)
DA:13,260
DA:21,3040
DA:43,210
LF:3
LH:3
BRDA:22,0,0,284
BRDA:22,0,1,2756
BRDA:40,1,0,206
BRDA:40,1,1,2834
BRDA:59,2,0,194
BRDA:59,2,1,1898
BRDA:91,3,0,2092
BRDA:91,3,1,14
BRDA:97,4,0,2092
BRDA:97,4,1,14
BRDA:100,5,0,948
BRDA:100,5,1,22
BRDA:60,6,0,90
BRDA:60,6,1,858
BRDA:92,7,0,948
BRDA:92,7,1,8
BRDA:98,8,0,948
BRDA:98,8,1,8
BRDA:101,9,0,2092
BRDA:101,9,1,22
BRF:20
BRH:20
end_of_record
TN:
SF:src\components\ui\burger-constructor\index.ts
FNF:0
FNH:0
LF:0
LH:0
BRF:0
BRH:0
end_of_record
TN:
SF:src\components\ui\burger-constructor-element\burger-constructor-element.tsx
FN:9,(anonymous_0)
FNF:1
FNH:1
FNDA:134,(anonymous_0)
DA:8,260
DA:17,134
LF:2
LH:2
BRF:0
BRH:0
end_of_record
TN:
SF:src\components\ui\burger-constructor-element\index.ts
FNF:0
FNH:0
LF:0
LH:0
BRF:0
BRH:0
end_of_record
TN:
SF:src\components\ui\burger-ingredient\burger-ingredient.tsx
FN:15,(anonymous_0)
FNF:1
FNH:1
FNDA:18740,(anonymous_0)
DA:14,260
DA:16,18740
DA:18,18740
LF:3
LH:3
BRDA:25,0,0,18740
BRDA:25,0,1,314
BRF:2
BRH:2
end_of_record
TN:
SF:src\components\ui\burger-ingredient\index.ts
FNF:0
FNH:0
LF:0
LH:0
BRF:0
BRH:0
end_of_record
TN:
SF:src\components\ui\burger-ingredients\burger-ingredients.tsx
FN:9,(anonymous_0)
FNF:1
FNH:1
FNDA:3156,(anonymous_0)
DA:8,260
DA:22,3156
LF:2
LH:2
BRF:0
BRH:0
end_of_record
TN:
SF:src\components\ui\burger-ingredients\index.ts
FNF:0
FNH:0
LF:0
LH:0
BRF:0
BRH:0
end_of_record
TN:
SF:src\components\ui\centering-component\centering-component.tsx
FN:6,(anonymous_0)
FNF:1
FNH:0
FNDA:0,(anonymous_0)
DA:5,260
DA:7,0
LF:2
LH:1
BRF:0
BRH:0
end_of_record
TN:
SF:src\components\ui\centering-component\index.ts
FNF:0
FNH:0
LF:0
LH:0
BRF:0
BRH:0
end_of_record
TN:
SF:src\components\ui\feed-info\feed-info.tsx
FN:8,(anonymous_0)
FN:28,(anonymous_1)
FN:32,(anonymous_2)
FN:45,(anonymous_3)
FNF:4
FNH:0
FNDA:0,(anonymous_0)
FNDA:0,(anonymous_1)
FNDA:0,(anonymous_2)
FNDA:0,(anonymous_3)
DA:7,260
DA:9,0
DA:11,0
DA:28,260
DA:29,0
DA:33,0
DA:45,260
DA:46,0
LF:8
LH:3
BRDA:35,0,0,0
BRDA:35,0,1,0
BRF:2
BRH:0
end_of_record
TN:
SF:src\components\ui\feed-info\index.ts
FNF:0
FNH:0
LF:0
LH:0
BRF:0
BRH:0
end_of_record
TN:
SF:src\components\ui\ingredient-details\index.ts
FNF:0
FNH:0
LF:0
LH:0
BRF:0
BRH:0
end_of_record
TN:
SF:src\components\ui\ingredient-details\ingredient-details.tsx
FN:6,(anonymous_0)
FNF:1
FNH:1
FNDA:104,(anonymous_0)
DA:5,260
DA:8,104
DA:10,104
LF:3
LH:3
BRF:0
BRH:0
end_of_record
TN:
SF:src\components\ui\ingredients-category\index.ts
FNF:0
FNH:0
LF:0
LH:0
BRF:0
BRH:0
end_of_record
TN:
SF:src\components\ui\ingredients-category\ingredients-category.tsx
FN:9,(anonymous_0)
FN:15,(anonymous_1)
FNF:2
FNH:2
FNDA:10560,(anonymous_0)
FNDA:45000,(anonymous_1)
DA:6,260
DA:10,10560
DA:16,45000
LF:3
LH:3
BRF:0
BRH:0
end_of_record
TN:
SF:src\components\ui\modal\index.ts
FNF:0
FNH:0
LF:0
LH:0
BRF:0
BRH:0
end_of_record
TN:
SF:src\components\ui\modal\modal.tsx
FN:10,(anonymous_0)
FNF:1
FNH:1
FNDA:148,(anonymous_0)
DA:9,260
DA:11,148
LF:2
LH:2
BRF:0
BRH:0
end_of_record
TN:
SF:src\components\ui\modal-overlay\index.ts
FNF:0
FNH:0
LF:0
LH:0
BRF:0
BRH:0
end_of_record
TN:
SF:src\components\ui\modal-overlay\modal-overlay.tsx
FN:3,(anonymous_0)
FNF:1
FNH:1
FNDA:148,(anonymous_0)
DA:3,260
DA:4,148
LF:2
LH:2
BRF:0
BRH:0
end_of_record
TN:
SF:src\components\ui\order-card\index.ts
FNF:0
FNH:0
LF:0
LH:0
BRF:0
BRH:0
end_of_record
TN:
SF:src\components\ui\order-card\order-card.tsx
FN:14,(anonymous_0)
FN:37,(anonymous_1)
FNF:2
FNH:0
FNDA:0,(anonymous_0)
FNDA:0,(anonymous_1)
DA:13,260
DA:15,0
DA:38,0
DA:39,0
DA:40,0
LF:5
LH:1
BRDA:32,0,0,0
BRDA:32,0,1,0
BRDA:49,1,0,0
BRDA:49,1,1,0
BRDA:49,2,0,0
BRDA:49,2,1,0
BRDA:57,3,0,0
BRDA:57,3,1,0
BRDA:61,4,0,0
BRDA:61,4,1,0
BRF:10
BRH:0
end_of_record
TN:
SF:src\components\ui\order-details\index.ts
FNF:0
FNH:0
LF:0
LH:0
BRF:0
BRH:0
end_of_record
TN:
SF:src\components\ui\order-details\order-details.tsx
FN:6,(anonymous_0)
FNF:1
FNH:1
FNDA:22,(anonymous_0)
DA:6,260
DA:9,22
LF:2
LH:2
BRF:0
BRH:0
end_of_record
TN:
SF:src\components\ui\order-info\index.ts
FNF:0
FNH:0
LF:0
LH:0
BRF:0
BRH:0
end_of_record
TN:
SF:src\components\ui\order-info\order-info.tsx
FN:12,(anonymous_0)
FN:20,(anonymous_1)
FNF:2
FNH:0
FNDA:0,(anonymous_0)
FNDA:0,(anonymous_1)
DA:12,260
DA:13,0
DA:21,0
LF:3
LH:1
BRF:0
BRH:0
end_of_record
TN:
SF:src\components\ui\order-status\index.ts
FNF:0
FNH:0
LF:0
LH:0
BRF:0
BRH:0
end_of_record
TN:
SF:src\components\ui\order-status\order-status.tsx
FN:4,(anonymous_0)
FNF:1
FNH:0
FNDA:0,(anonymous_0)
DA:4,260
DA:5,0
LF:2
LH:1
BRF:0
BRH:0
end_of_record
TN:
SF:src\components\ui\orders-list\index.ts
FNF:0
FNH:0
LF:0
LH:0
BRF:0
BRH:0
end_of_record
TN:
SF:src\components\ui\orders-list\orders-list.tsx
FN:8,(anonymous_0)
FN:10,(anonymous_1)
FNF:2
FNH:0
FNDA:0,(anonymous_0)
FNDA:0,(anonymous_1)
DA:8,260
DA:9,0
DA:11,0
LF:3
LH:1
BRF:0
BRH:0
end_of_record
TN:
SF:src\components\ui\pages\index.ts
FNF:0
FNH:0
LF:0
LH:0
BRF:0
BRH:0
end_of_record
TN:
SF:src\components\ui\pages\constructor-page\constructor-page.tsx
FN:9,(anonymous_0)
FNF:1
FNH:0
FNDA:0,(anonymous_0)
DA:9,260
DA:12,0
LF:2
LH:1
BRDA:13,0,0,0
BRDA:13,0,1,0
BRF:2
BRH:0
end_of_record
TN:
SF:src\components\ui\pages\constructor-page\index.ts
FNF:0
FNH:0
LF:0
LH:0
BRF:0
BRH:0
end_of_record
TN:
SF:src\components\ui\pages\feed\feed.tsx
FN:9,(anonymous_0)
FNF:1
FNH:0
FNDA:0,(anonymous_0)
DA:9,260
DA:10,0
LF:2
LH:1
BRF:0
BRH:0
end_of_record
TN:
SF:src\components\ui\pages\feed\index.ts
FNF:0
FNH:0
LF:0
LH:0
BRF:0
BRH:0
end_of_record
TN:
SF:src\components\ui\pages\forgot-password\forgot-password.tsx
FN:8,(anonymous_0)
FN:26,(anonymous_1)
FNF:2
FNH:0
FNDA:0,(anonymous_0)
FNDA:0,(anonymous_1)
DA:8,260
DA:14,0
DA:26,0
LF:3
LH:1
BRDA:39,0,0,0
BRDA:39,0,1,0
BRF:2
BRH:0
end_of_record
TN:
SF:src\components\ui\pages\forgot-password\index.ts
FNF:0
FNH:0
LF:0
LH:0
BRF:0
BRH:0
end_of_record
TN:
SF:src\components\ui\pages\login\index.ts
FNF:0
FNH:0
LF:0
LH:0
BRF:0
BRH:0
end_of_record
TN:
SF:src\components\ui\pages\login\login.tsx
FN:11,(anonymous_0)
FN:32,(anonymous_1)
FN:42,(anonymous_2)
FNF:3
FNH:0
FNDA:0,(anonymous_0)
FNDA:0,(anonymous_1)
FNDA:0,(anonymous_2)
DA:11,260
DA:19,0
DA:32,0
DA:42,0
LF:4
LH:1
BRDA:52,0,0,0
BRDA:52,0,1,0
BRF:2
BRH:0
end_of_record
TN:
SF:src\components\ui\pages\profile\index.ts
FNF:0
FNH:0
LF:0
LH:0
BRF:0
BRH:0
end_of_record
TN:
SF:src\components\ui\pages\profile\profile.tsx
FN:10,(anonymous_0)
FNF:1
FNH:0
FNDA:0,(anonymous_0)
DA:10,260
DA:18,0
LF:2
LH:1
BRDA:66,0,0,0
BRDA:66,0,1,0
BRDA:81,1,0,0
BRDA:81,1,1,0
BRF:4
BRH:0
end_of_record
TN:
SF:src\components\ui\pages\profile-orders\index.ts
FNF:0
FNH:0
LF:0
LH:0
BRF:0
BRH:0
end_of_record
TN:
SF:src\components\ui\pages\profile-orders\profile-orders.tsx
FN:8,(anonymous_0)
FNF:1
FNH:0
FNDA:0,(anonymous_0)
DA:8,260
DA:9,0
LF:2
LH:1
BRF:0
BRH:0
end_of_record
TN:
SF:src\components\ui\pages\register\index.ts
FNF:0
FNH:0
LF:0
LH:0
BRF:0
BRH:0
end_of_record
TN:
SF:src\components\ui\pages\register\register.tsx
FN:11,(anonymous_0)
FN:34,(anonymous_1)
FN:46,(anonymous_2)
FN:56,(anonymous_3)
FNF:4
FNH:0
FNDA:0,(anonymous_0)
FNDA:0,(anonymous_1)
FNDA:0,(anonymous_2)
FNDA:0,(anonymous_3)
DA:11,260
DA:21,0
DA:34,0
DA:46,0
DA:56,0
LF:5
LH:1
BRDA:66,0,0,0
BRDA:66,0,1,0
BRF:2
BRH:0
end_of_record
TN:
SF:src\components\ui\pages\reset-password\index.ts
FNF:0
FNH:0
LF:0
LH:0
BRF:0
BRH:0
end_of_record
TN:
SF:src\components\ui\pages\reset-password\reset-password.tsx
FN:11,(anonymous_0)
FN:29,(anonymous_1)
FN:38,(anonymous_2)
FNF:3
FNH:0
FNDA:0,(anonymous_0)
FNDA:0,(anonymous_1)
FNDA:0,(anonymous_2)
DA:11,260
DA:19,0
DA:29,0
DA:38,0
LF:4
LH:1
BRDA:51,0,0,0
BRDA:51,0,1,0
BRF:2
BRH:0
end_of_record
TN:
SF:src\components\ui\preloader\index.ts
FNF:0
FNH:0
LF:0
LH:0
BRF:0
BRH:0
end_of_record
TN:
SF:src\components\ui\preloader\preloader.tsx
FN:4,(anonymous_0)
FNF:1
FNH:1
FNDA:542,(anonymous_0)
DA:4,260
DA:5,542
LF:2
LH:2
BRF:0
BRH:0
end_of_record
TN:
SF:src\components\ui\profile-menu\index.ts
FNF:0
FNH:0
LF:0
LH:0
BRF:0
BRH:0
end_of_record
TN:
SF:src\components\ui\profile-menu\profile-menu.tsx
FN:6,(anonymous_0)
FN:13,(anonymous_1)
FN:24,(anonymous_2)
FNF:3
FNH:0
FNDA:0,(anonymous_0)
FNDA:0,(anonymous_1)
FNDA:0,(anonymous_2)
DA:6,260
DA:10,0
DA:14,0
DA:25,0
LF:4
LH:1
BRDA:16,0,0,0
BRDA:16,0,1,0
BRDA:27,1,0,0
BRDA:27,1,1,0
BRDA:39,2,0,0
BRDA:39,2,1,0
BRF:6
BRH:0
end_of_record
TN:
SF:src\pages\index.ts
FNF:0
FNH:0
LF:0
LH:0
BRF:0
BRH:0
end_of_record
TN:
SF:src\pages\constructor-page\constructor-page.tsx
FN:10,(anonymous_0)
FNF:1
FNH:1
FNDA:2262,(anonymous_0)
DA:10,260
DA:11,2262
DA:13,2262
LF:3
LH:3
BRDA:15,0,0,520
BRDA:15,0,1,1742
BRF:2
BRH:2
end_of_record
TN:
SF:src\pages\constructor-page\index.ts
FNF:0
FNH:0
LF:0
LH:0
BRF:0
BRH:0
end_of_record
TN:
SF:src\pages\feed\feed.tsx
FN:10,(anonymous_0)
FN:13,(anonymous_1)
FN:21,(anonymous_2)
FNF:3
FNH:0
FNDA:0,(anonymous_0)
FNDA:0,(anonymous_1)
FNDA:0,(anonymous_2)
DA:10,260
DA:11,0
DA:12,0
DA:13,0
DA:14,0
DA:17,0
DA:18,0
DA:21,0
LF:8
LH:1
BRDA:17,0,0,0
BRDA:17,0,1,0
BRF:2
BRH:0
end_of_record
TN:
SF:src\pages\feed\index.ts
FNF:0
FNH:0
LF:0
LH:0
BRF:0
BRH:0
end_of_record
TN:
SF:src\pages\forgot-password\forgot-password.tsx
FN:7,(anonymous_0)
FN:13,(anonymous_1)
FN:18,(anonymous_2)
FN:22,(anonymous_3)
FNF:4
FNH:0
FNDA:0,(anonymous_0)
FNDA:0,(anonymous_1)
FNDA:0,(anonymous_2)
FNDA:0,(anonymous_3)
DA:7,260
DA:8,0
DA:9,0
DA:11,0
DA:13,0
DA:14,0
DA:16,0
DA:17,0
DA:19,0
DA:20,0
DA:22,0
DA:25,0
LF:12
LH:1
BRF:0
BRH:0
end_of_record
TN:
SF:src\pages\forgot-password\index.ts
FNF:0
FNH:0
LF:0
LH:0
BRF:0
BRH:0
end_of_record
TN:
SF:src\pages\login\index.ts
FNF:0
FNH:0
LF:0
LH:0
BRF:0
BRH:0
end_of_record
TN:
SF:src\pages\login\login.tsx
FN:11,(anonymous_0)
FN:20,(anonymous_1)
FNF:2
FNH:0
FNDA:0,(anonymous_0)
FNDA:0,(anonymous_1)
DA:11,260
DA:12,0
DA:13,0
DA:14,0
DA:16,0
DA:18,0
DA:20,0
DA:21,0
DA:22,0
DA:23,0
DA:25,0
DA:28,0
DA:29,0
DA:32,0
LF:14
LH:1
BRDA:22,0,0,0
BRDA:22,0,1,0
BRDA:22,1,0,0
BRDA:22,1,1,0
BRDA:28,2,0,0
BRDA:28,2,1,0
BRF:6
BRH:0
end_of_record
TN:
SF:src\pages\not-fount-404\index.ts
FNF:0
FNH:0
LF:0
LH:0
BRF:0
BRH:0
end_of_record
TN:
SF:src\pages\not-fount-404\not-fount-404.tsx
FN:3,(anonymous_0)
FNF:1
FNH:0
FNDA:0,(anonymous_0)
DA:3,260
DA:4,0
LF:2
LH:1
BRF:0
BRH:0
end_of_record
TN:
SF:src\pages\profile\index.ts
FNF:0
FNH:0
LF:0
LH:0
BRF:0
BRH:0
end_of_record
TN:
SF:src\pages\profile\profile.tsx
FN:11,(anonymous_0)
FN:27,(anonymous_1)
FN:28,(anonymous_2)
FN:40,(anonymous_3)
FN:50,(anonymous_4)
FN:59,(anonymous_5)
FN:60,(anonymous_6)
FNF:7
FNH:0
FNDA:0,(anonymous_0)
FNDA:0,(anonymous_1)
FNDA:0,(anonymous_2)
FNDA:0,(anonymous_3)
FNDA:0,(anonymous_4)
FNDA:0,(anonymous_5)
FNDA:0,(anonymous_6)
DA:11,260
DA:12,0
DA:13,0
DA:14,0
DA:16,0
DA:21,0
DA:27,0
DA:28,0
DA:36,0
DA:40,0
DA:41,0
DA:42,0
DA:43,0
DA:46,0
DA:47,0
DA:50,0
DA:51,0
DA:52,0
DA:59,0
DA:60,0
DA:66,0
LF:21
LH:1
BRDA:17,0,0,0
BRDA:17,0,1,0
BRDA:18,1,0,0
BRDA:18,1,1,0
BRDA:30,2,0,0
BRDA:30,2,1,0
BRDA:31,3,0,0
BRDA:31,3,1,0
BRDA:36,4,0,0
BRDA:36,4,1,0
BRDA:36,4,2,0
BRDA:46,5,0,0
BRDA:46,5,1,0
BRF:13
BRH:0
end_of_record
TN:
SF:src\pages\profile-orders\index.ts
FNF:0
FNH:0
LF:0
LH:0
BRF:0
BRH:0
end_of_record
TN:
SF:src\pages\profile-orders\profile-orders.tsx
FN:12,(anonymous_0)
FN:16,(anonymous_1)
FNF:2
FNH:0
FNDA:0,(anonymous_0)
FNDA:0,(anonymous_1)
DA:12,260
DA:13,0
DA:14,0
DA:16,0
DA:17,0
DA:18,0
DA:21,0
DA:22,0
DA:25,0
LF:9
LH:1
BRDA:21,0,0,0
BRDA:21,0,1,0
BRF:2
BRH:0
end_of_record
TN:
SF:src\pages\register\index.ts
FNF:0
FNH:0
LF:0
LH:0
BRF:0
BRH:0
end_of_record
TN:
SF:src\pages\register\register.tsx
FN:10,(anonymous_0)
FN:18,(anonymous_1)
FNF:2
FNH:0
FNDA:0,(anonymous_0)
FNDA:0,(anonymous_1)
DA:10,260
DA:11,0
DA:12,0
DA:13,0
DA:14,0
DA:15,0
DA:16,0
DA:18,0
DA:19,0
DA:20,0
DA:21,0
DA:24,0
LF:12
LH:1
BRF:0
BRH:0
end_of_record
TN:
SF:src\pages\reset-password\index.ts
FNF:0
FNH:0
LF:0
LH:0
BRF:0
BRH:0
end_of_record
TN:
SF:src\pages\reset-password\reset-password.tsx
FN:7,(anonymous_0)
FN:13,(anonymous_1)
FN:17,(anonymous_2)
FN:21,(anonymous_3)
FN:24,(anonymous_4)
FNF:5
FNH:0
FNDA:0,(anonymous_0)
FNDA:0,(anonymous_1)
FNDA:0,(anonymous_2)
FNDA:0,(anonymous_3)
FNDA:0,(anonymous_4)
DA:7,260
DA:8,0
DA:9,0
DA:10,0
DA:11,0
DA:13,0
DA:14,0
DA:15,0
DA:16,0
DA:18,0
DA:19,0
DA:21,0
DA:24,0
DA:25,0
DA:26,0
DA:30,0
LF:16
LH:1
BRDA:25,0,0,0
BRDA:25,0,1,0
BRF:2
BRH:0
end_of_record
TN:
SF:src\services\store.ts
FN:30,(anonymous_0)
FNF:1
FNH:1
FNDA:3742,(anonymous_0)
DA:13,260
DA:21,260
DA:30,3742
DA:31,260
LF:4
LH:4
BRF:0
BRH:0
end_of_record
TN:
SF:src\services\slices\constructorSlice\constructorSlice.ts
FN:36,(anonymous_0)
FN:42,(anonymous_1)
FN:71,(anonymous_2)
FN:76,(anonymous_3)
FN:83,(anonymous_4)
FN:90,(anonymous_5)
FN:93,(anonymous_6)
FN:98,(anonymous_7)
FN:107,(anonymous_8)
FN:115,(anonymous_9)
FN:119,(anonymous_10)
FN:125,(anonymous_11)
FN:127,(anonymous_12)
FN:132,(anonymous_13)
FN:137,(anonymous_14)
FNF:15
FNH:10
FNDA:11,(anonymous_0)
FNDA:34,(anonymous_1)
FNDA:28164,(anonymous_2)
FNDA:157,(anonymous_3)
FNDA:157,(anonymous_4)
FNDA:0,(anonymous_5)
FNDA:0,(anonymous_6)
FNDA:0,(anonymous_7)
FNDA:0,(anonymous_8)
FNDA:14,(anonymous_9)
FNDA:3,(anonymous_10)
FNDA:260,(anonymous_11)
FNDA:11,(anonymous_12)
FNDA:0,(anonymous_13)
FNDA:11,(anonymous_14)
DA:22,260
DA:34,260
DA:37,11
DA:39,11
DA:42,34
DA:44,0
DA:49,11
DA:52,11
DA:53,0
DA:58,11
DA:60,0
DA:67,260
DA:71,28164
DA:77,157
DA:78,91
DA:80,66
DA:84,157
DA:85,157
DA:91,0
DA:93,0
DA:99,0
DA:108,0
DA:116,14
DA:120,3
DA:126,260
DA:128,11
DA:129,11
DA:130,11
DA:133,0
DA:134,0
DA:135,0
DA:138,11
DA:139,11
DA:140,11
DA:141,11
DA:142,11
DA:146,11
DA:159,260
DA:162,260
LF:39
LH:29
BRDA:39,0,0,0
BRDA:39,0,1,11
BRDA:40,1,0,11
BRDA:40,1,1,11
BRDA:40,1,2,11
BRDA:42,2,0,34
BRDA:42,2,1,34
BRDA:52,3,0,0
BRDA:52,3,1,11
BRDA:52,4,0,11
BRDA:52,4,1,11
BRDA:61,5,0,0
BRDA:61,5,1,0
BRDA:77,6,0,91
BRDA:77,6,1,66
BRF:15
BRH:11
end_of_record
TN:
SF:src\services\slices\feedSlice\feedSlice.ts
FN:29,(anonymous_0)
FN:55,(anonymous_1)
FN:57,(anonymous_2)
FN:59,(anonymous_3)
FN:63,(anonymous_4)
FN:67,(anonymous_5)
FNF:6
FNH:1
FNDA:0,(anonymous_0)
FNDA:0,(anonymous_1)
FNDA:260,(anonymous_2)
FNDA:0,(anonymous_3)
FNDA:0,(anonymous_4)
FNDA:0,(anonymous_5)
DA:13,260
DA:27,260
DA:30,0
DA:31,0
DA:33,0
DA:39,0
DA:42,0
DA:44,0
DA:50,260
DA:55,0
DA:58,260
DA:60,0
DA:61,0
DA:64,0
DA:65,0
DA:68,0
DA:69,0
DA:70,0
DA:71,0
DA:72,0
DA:77,260
LF:21
LH:5
BRDA:33,0,0,0
BRDA:33,0,1,0
BRDA:34,1,0,0
BRDA:34,1,1,0
BRDA:34,1,2,0
BRDA:34,1,3,0
BRDA:45,2,0,0
BRDA:45,2,1,0
BRF:8
BRH:0
end_of_record
TN:
SF:src\services\slices\ingredientSlice\ingredientSlice.ts
FN:22,(anonymous_0)
FN:43,(anonymous_1)
FN:45,(anonymous_2)
FN:48,(anonymous_3)
FN:53,(anonymous_4)
FN:58,(anonymous_5)
FNF:6
FNH:5
FNDA:520,(anonymous_0)
FNDA:8459,(anonymous_1)
FNDA:260,(anonymous_2)
FNDA:520,(anonymous_3)
FNDA:0,(anonymous_4)
FNDA:520,(anonymous_5)
DA:11,260
DA:18,260
DA:23,520
DA:24,520
DA:26,520
DA:27,0
DA:30,520
DA:32,0
DA:37,260
DA:43,8459
DA:46,260
DA:49,520
DA:50,520
DA:54,0
DA:55,0
DA:59,520
DA:60,520
DA:61,520
DA:67,260
LF:19
LH:15
BRDA:26,0,0,0
BRDA:26,0,1,520
BRF:2
BRH:1
end_of_record
TN:
SF:src\services\slices\orderSlice\orderSlice.ts
FN:26,(anonymous_0)
FN:59,(anonymous_1)
FN:63,(anonymous_2)
FN:65,(anonymous_3)
FN:69,(anonymous_4)
FN:73,(anonymous_5)
FNF:6
FNH:1
FNDA:0,(anonymous_0)
FNDA:0,(anonymous_1)
FNDA:260,(anonymous_2)
FNDA:0,(anonymous_3)
FNDA:0,(anonymous_4)
FNDA:0,(anonymous_5)
DA:15,260
DA:24,260
DA:27,0
DA:29,0
DA:30,0
DA:33,0
DA:36,0
DA:41,0
DA:44,0
DA:46,0
DA:52,260
DA:59,0
DA:64,260
DA:66,0
DA:67,0
DA:70,0
DA:71,0
DA:74,0
DA:75,0
DA:76,0
DA:82,260
LF:21
LH:5
BRDA:29,0,0,0
BRDA:29,0,1,0
BRDA:29,1,0,0
BRDA:29,1,1,0
BRDA:36,2,0,0
BRDA:36,2,1,0
BRDA:37,3,0,0
BRDA:37,3,1,0
BRDA:37,3,2,0
BRDA:46,4,0,0
BRDA:46,4,1,0
BRF:11
BRH:0
end_of_record
TN:
SF:src\services\slices\userSlice\userSlice.ts
FN:44,(anonymous_0)
FN:62,(anonymous_1)
FN:88,(anonymous_2)
FN:106,(anonymous_3)
FN:124,(anonymous_4)
FN:144,(anonymous_5)
FN:163,(anonymous_6)
FN:166,(anonymous_7)
FN:171,(anonymous_8)
FN:172,(anonymous_9)
FN:174,(anonymous_10)
FN:177,(anonymous_11)
FN:183,(anonymous_12)
FN:188,(anonymous_13)
FN:198,(anonymous_14)
FN:204,(anonymous_15)
FN:209,(anonymous_16)
FN:218,(anonymous_17)
FN:223,(anonymous_18)
FN:228,(anonymous_19)
FN:236,(anonymous_20)
FN:240,(anonymous_21)
FN:244,(anonymous_22)
FN:251,(anonymous_23)
FN:257,(anonymous_24)
FN:263,(anonymous_25)
FN:272,(anonymous_26)
FN:276,(anonymous_27)
FN:280,(anonymous_28)
FNF:29
FNH:5
FNDA:0,(anonymous_0)
FNDA:0,(anonymous_1)
FNDA:520,(anonymous_2)
FNDA:0,(anonymous_3)
FNDA:0,(anonymous_4)
FNDA:0,(anonymous_5)
FNDA:0,(anonymous_6)
FNDA:0,(anonymous_7)
FNDA:11267,(anonymous_8)
FNDA:0,(anonymous_9)
FNDA:260,(anonymous_10)
FNDA:0,(anonymous_11)
FNDA:0,(anonymous_12)
FNDA:0,(anonymous_13)
FNDA:0,(anonymous_14)
FNDA:0,(anonymous_15)
FNDA:0,(anonymous_16)
FNDA:520,(anonymous_17)
FNDA:0,(anonymous_18)
FNDA:520,(anonymous_19)
FNDA:0,(anonymous_20)
FNDA:0,(anonymous_21)
FNDA:0,(anonymous_22)
FNDA:0,(anonymous_23)
FNDA:0,(anonymous_24)
FNDA:0,(anonymous_25)
FNDA:0,(anonymous_26)
FNDA:0,(anonymous_27)
FNDA:0,(anonymous_28)
DA:29,260
DA:42,260
DA:45,0
DA:46,0
DA:47,0
DA:48,0
DA:50,0
DA:52,0
DA:60,260
DA:63,0
DA:64,0
DA:66,0
DA:67,0
DA:73,0
DA:74,0
DA:75,0
DA:77,0
DA:79,0
DA:88,260
DA:89,520
DA:90,520
DA:91,520
DA:92,0
DA:96,520
DA:98,0
DA:104,260
DA:107,0
DA:108,0
DA:109,0
DA:110,0
DA:114,0
DA:116,0
DA:122,260
DA:125,0
DA:126,0
DA:127,0
DA:128,0
DA:132,0
DA:134,0
DA:142,260
DA:145,0
DA:146,0
DA:147,0
DA:148,0
DA:149,0
DA:151,0
DA:159,260
DA:164,0
DA:167,0
DA:171,11267
DA:172,0
DA:175,260
DA:178,0
DA:179,0
DA:180,0
DA:181,0
DA:184,0
DA:185,0
DA:186,0
DA:189,0
DA:190,0
DA:191,0
DA:192,0
DA:193,0
DA:194,0
DA:199,0
DA:200,0
DA:201,0
DA:202,0
DA:205,0
DA:206,0
DA:207,0
DA:210,0
DA:211,0
DA:212,0
DA:213,0
DA:214,0
DA:219,520
DA:220,520
DA:221,520
DA:224,0
DA:225,0
DA:226,0
DA:229,520
DA:230,520
DA:231,520
DA:232,520
DA:237,0
DA:238,0
DA:241,0
DA:242,0
DA:245,0
DA:246,0
DA:247,0
DA:252,0
DA:253,0
DA:254,0
DA:255,0
DA:258,0
DA:259,0
DA:260,0
DA:261,0
DA:264,0
DA:265,0
DA:266,0
DA:267,0
DA:268,0
DA:273,0
DA:274,0
DA:277,0
DA:278,0
DA:281,0
DA:282,0
DA:283,0
DA:289,260
DA:290,260
LF:116
LH:23
BRDA:47,0,0,0
BRDA:47,0,1,0
BRDA:47,1,0,0
BRDA:47,1,1,0
BRDA:53,2,0,0
BRDA:53,2,1,0
BRDA:66,3,0,0
BRDA:66,3,1,0
BRDA:73,4,0,0
BRDA:73,4,1,0
BRDA:74,5,0,0
BRDA:74,5,1,0
BRDA:80,6,0,0
BRDA:80,6,1,0
BRDA:91,7,0,0
BRDA:91,7,1,520
BRDA:99,8,0,0
BRDA:99,8,1,0
BRDA:109,9,0,0
BRDA:109,9,1,0
BRDA:117,10,0,0
BRDA:117,10,1,0
BRDA:127,11,0,0
BRDA:127,11,1,0
BRDA:135,12,0,0
BRDA:135,12,1,0
BRDA:152,13,0,0
BRDA:152,13,1,0
BRF:28
BRH:1
end_of_record
TN:
SF:src\utils\burger-api.ts
FN:9,(anonymous_0)
FN:10,(anonymous_1)
FN:26,(anonymous_2)
FN:36,(anonymous_3)
FN:37,(anonymous_4)
FN:50,(anonymous_5)
FN:94,(anonymous_6)
FN:96,(anonymous_7)
FN:97,(anonymous_8)
FN:105,(anonymous_9)
FN:107,(anonymous_10)
FN:108,(anonymous_11)
FN:116,(anonymous_12)
FN:123,(anonymous_13)
FN:137,(anonymous_14)
FN:147,(anonymous_15)
FN:160,(anonymous_16)
FN:166,(anonymous_17)
FN:184,(anonymous_18)
FN:192,(anonymous_19)
FN:193,(anonymous_20)
FN:206,(anonymous_21)
FN:214,(anonymous_22)
FN:215,(anonymous_23)
FN:223,(anonymous_24)
FN:231,(anonymous_25)
FN:232,(anonymous_26)
FN:240,(anonymous_27)
FN:248,(anonymous_28)
FN:249,(anonymous_29)
FN:260,(anonymous_30)
FN:270,(anonymous_31)
FN:283,(anonymous_32)
FN:292,(anonymous_33)
FNF:34
FNH:8
FNDA:1051,(anonymous_0)
FNDA:0,(anonymous_1)
FNDA:0,(anonymous_2)
FNDA:0,(anonymous_3)
FNDA:0,(anonymous_4)
FNDA:531,(anonymous_5)
FNDA:520,(anonymous_6)
FNDA:520,(anonymous_7)
FNDA:520,(anonymous_8)
FNDA:0,(anonymous_9)
FNDA:0,(anonymous_10)
FNDA:0,(anonymous_11)
FNDA:0,(anonymous_12)
FNDA:0,(anonymous_13)
FNDA:11,(anonymous_14)
FNDA:11,(anonymous_15)
FNDA:0,(anonymous_16)
FNDA:0,(anonymous_17)
FNDA:0,(anonymous_18)
FNDA:0,(anonymous_19)
FNDA:0,(anonymous_20)
FNDA:0,(anonymous_21)
FNDA:0,(anonymous_22)
FNDA:0,(anonymous_23)
FNDA:0,(anonymous_24)
FNDA:0,(anonymous_25)
FNDA:0,(anonymous_26)
FNDA:0,(anonymous_27)
FNDA:0,(anonymous_28)
FNDA:0,(anonymous_29)
FNDA:520,(anonymous_30)
FNDA:0,(anonymous_31)
FNDA:0,(anonymous_32)
FNDA:0,(anonymous_33)
DA:6,260
DA:9,260
DA:10,1051
DA:26,260
DA:27,0
DA:36,0
DA:38,0
DA:39,0
DA:42,0
DA:43,0
DA:44,0
DA:50,260
DA:54,531
DA:55,531
DA:56,531
DA:59,0
DA:60,0
DA:62,0
DA:63,0
DA:66,0
DA:67,0
DA:69,0
DA:94,260
DA:95,520
DA:96,520
DA:98,520
DA:99,0
DA:105,260
DA:106,0
DA:107,0
DA:109,0
DA:110,0
DA:116,260
DA:117,0
DA:124,0
DA:125,0
DA:137,260
DA:138,11
DA:148,11
DA:149,0
DA:160,260
DA:161,0
DA:166,0
DA:184,260
DA:185,0
DA:192,0
DA:194,0
DA:195,0
DA:206,260
DA:207,0
DA:214,0
DA:216,0
DA:217,0
DA:223,260
DA:224,0
DA:231,0
DA:233,0
DA:234,0
DA:240,260
DA:241,0
DA:248,0
DA:250,0
DA:251,0
DA:260,260
DA:261,520
DA:270,260
DA:271,0
DA:283,260
DA:284,0
DA:292,0
LF:70
LH:26
BRDA:10,0,0,1051
BRDA:10,0,1,0
BRDA:38,1,0,0
BRDA:38,1,1,0
BRDA:59,2,0,0
BRDA:59,2,1,0
BRDA:62,3,0,0
BRDA:62,3,1,0
BRDA:98,4,0,520
BRDA:98,4,1,0
BRDA:109,5,0,0
BRDA:109,5,1,0
BRDA:124,6,0,0
BRDA:124,6,1,0
BRDA:148,7,0,11
BRDA:148,7,1,0
BRDA:194,8,0,0
BRDA:194,8,1,0
BRDA:216,9,0,0
BRDA:216,9,1,0
BRDA:233,10,0,0
BRDA:233,10,1,0
BRDA:250,11,0,0
BRDA:250,11,1,0
BRF:24
BRH:3
end_of_record
TN:
SF:src\utils\cookie.ts
FN:1,getCookie
FN:13,setCookie
FN:45,deleteCookie
FNF:3
FNH:1
FNDA:531,getCookie
FNDA:0,setCookie
FNDA:0,deleteCookie
DA:2,531
DA:10,531
DA:18,0
DA:23,0
DA:24,0
DA:25,0
DA:26,0
DA:27,0
DA:30,0
DA:31,0
DA:33,0
DA:34,0
DA:35,0
DA:36,0
DA:37,0
DA:38,0
DA:39,0
DA:42,0
DA:46,0
LF:19
LH:2
BRDA:10,0,0,11
BRDA:10,0,1,520
BRDA:16,1,0,0
BRDA:24,2,0,0
BRDA:24,2,1,0
BRDA:24,3,0,0
BRDA:24,3,1,0
BRDA:30,4,0,0
BRDA:30,4,1,0
BRDA:30,5,0,0
BRDA:30,5,1,0
BRDA:38,6,0,0
BRDA:38,6,1,0
BRF:13
BRH:2
end_of_record
